#
# There is insufficient memory for the Java Runtime Environment to continue.
# Native memory allocation (mmap) failed to map 58720256 bytes for G1 virtual space
# Possible reasons:
#   The system is out of physical RAM or swap space
#   The process is running with CompressedOops enabled, and the Java Heap may be blocking the growth of the native heap
# Possible solutions:
#   Reduce memory load on the system
#   Increase physical memory or swap space
#   Check if swap backing store is full
#   Decrease Java heap size (-Xmx/-Xms)
#   Decrease number of Java threads
#   Decrease Java thread stack sizes (-Xss)
#   Set larger code cache with -XX:ReservedCodeCacheSize=
#   JVM is running with Unscaled Compressed Oops mode in which the Java heap is
#     placed in the first 4GB address space. The Java Heap base address is the
#     maximum limit for the native heap growth. Please use -XX:HeapBaseMinAddress
#     to set the Java Heap base and to place the Java Heap above 4GB virtual address.
# This output file may be truncated or incomplete.
#
#  Out of Memory Error (os_windows.cpp:3613), pid=18236, tid=11220
#
# JRE version: OpenJDK Runtime Environment Microsoft-8902769 (17.0.10+7) (build 17.0.10+7-LTS)
# Java VM: OpenJDK 64-Bit Server VM Microsoft-8902769 (17.0.10+7-LTS, mixed mode, sharing, tiered, compressed oops, compressed class ptrs, g1 gc, windows-amd64)
# No core dump will be written. Minidumps are not enabled by default on client versions of Windows
#

---------------  S U M M A R Y ------------

Command Line: -XX:MaxMetaspaceSize=512m --add-opens=java.base/java.util=ALL-UNNAMED --add-opens=java.base/java.lang=ALL-UNNAMED --add-opens=java.base/java.lang.invoke=ALL-UNNAMED --add-opens=java.prefs/java.util.prefs=ALL-UNNAMED --add-opens=java.base/java.nio.charset=ALL-UNNAMED --add-opens=java.base/java.net=ALL-UNNAMED --add-opens=java.base/java.util.concurrent.atomic=ALL-UNNAMED -Xmx2048m -Dfile.encoding=utf8 -Duser.country=FR -Duser.language=fr -Duser.variant -javaagent:C:\Users\user\.gradle\wrapper\dists\gradle-8.6-all\3mbtmo166bl6vumsh5k2lkq5h\gradle-8.6\lib\agents\gradle-instrumentation-agent-8.6.jar org.gradle.launcher.daemon.bootstrap.GradleDaemon 8.6

Host: Intel(R) Core(TM) i5-7300U CPU @ 2.60GHz, 4 cores, 7G,  Windows 10 , 64 bit Build 19041 (10.0.19041.3636)
Time: Sat May 25 10:21:05 2024 Maroc (heure d64 bit Build 19041 (10.0.19041.3636) elapsed time: 101.606795 seconds (0d 0h 1m 41s)

---------------  T H R E A D  ---------------

Current thread (0x0000017a7ecb6200):  VMThread "VM Thread" [stack: 0x0000004cb8900000,0x0000004cb8a00000] [id=11220]

Stack: [0x0000004cb8900000,0x0000004cb8a00000]
Native frames: (J=compiled Java code, j=interpreted, Vv=VM code, C=native code)
V  [jvm.dll+0x67f829]
V  [jvm.dll+0x83750a]
V  [jvm.dll+0x838fce]
V  [jvm.dll+0x839633]
V  [jvm.dll+0x247cbf]
V  [jvm.dll+0x67c669]
V  [jvm.dll+0x6710da]
V  [jvm.dll+0x309b8b]
V  [jvm.dll+0x311036]
V  [jvm.dll+0x360d5e]
V  [jvm.dll+0x360f8f]
V  [jvm.dll+0x2e0798]
V  [jvm.dll+0x2de974]
V  [jvm.dll+0x2ddf7c]
V  [jvm.dll+0x32200b]
V  [jvm.dll+0x83db2b]
V  [jvm.dll+0x83e871]
V  [jvm.dll+0x83ed8d]
V  [jvm.dll+0x83f164]
V  [jvm.dll+0x83f230]
V  [jvm.dll+0x7e69da]
V  [jvm.dll+0x67e715]
C  [ucrtbase.dll+0x21bb2]
C  [KERNEL32.DLL+0x17344]
C  [ntdll.dll+0x526b1]

VM_Operation (0x0000004cbdcfd030): G1CollectForAllocation, mode: safepoint, requested by thread 0x0000017a3f1ad000


---------------  P R O C E S S  ---------------

Threads class SMR info:
_java_thread_list=0x0000017a3c1c53e0, length=81, elements={
0x0000017a79bbee20, 0x0000017a7ecbbd80, 0x0000017a7ecbcb10, 0x0000017a7ecd8b00,
0x0000017a7ecd99e0, 0x0000017a7ecdca60, 0x0000017a7ecdd330, 0x0000017a7ecde3f0,
0x0000017a7ece4130, 0x0000017a7ecf8e30, 0x0000017a1ac33240, 0x0000017a1ad37c80,
0x0000017a3b1b2bd0, 0x0000017a3ac0a050, 0x0000017a1af9e030, 0x0000017a3a69c700,
0x0000017a3a7ee310, 0x0000017a1ac56e30, 0x0000017a1ac57340, 0x0000017a1ac56920,
0x0000017a1ac58270, 0x0000017a1ac57850, 0x0000017a1ac58c90, 0x0000017a1ac591a0,
0x0000017a1ac59bc0, 0x0000017a1ac596b0, 0x0000017a1ac56410, 0x0000017a3b2ee670,
0x0000017a3b2eeb80, 0x0000017a3b2e9570, 0x0000017a3b2effc0, 0x0000017a3b2ec300,
0x0000017a3b2ef090, 0x0000017a3b2efab0, 0x0000017a3b2ef5a0, 0x0000017a3b2eb8e0,
0x0000017a3b2ecd20, 0x0000017a3b2edc50, 0x0000017a3b2ed230, 0x0000017a3b2e9060,
0x0000017a3b2ed740, 0x0000017a3b2ee160, 0x0000017a3b2f04d0, 0x0000017a3b2f09e0,
0x0000017a3b2e9a80, 0x0000017a3b2ea4a0, 0x0000017a3b2ebdf0, 0x0000017a3b2eaec0,
0x0000017a3b2eb3d0, 0x0000017a3a79a6d0, 0x0000017a3a799290, 0x0000017a3a79a1c0,
0x0000017a3a79e390, 0x0000017a3a79e8a0, 0x0000017a3a7a01f0, 0x0000017a3a79b0f0,
0x0000017a3a79edb0, 0x0000017a3a79f2c0, 0x0000017a3a79f7d0, 0x0000017a3a79abe0,
0x0000017a3a79cf50, 0x0000017a3a79fce0, 0x0000017a3a79c530, 0x0000017a3a79de80,
0x0000017a3a799cb0, 0x0000017a3a79d970, 0x0000017a3a79c020, 0x0000017a1ac58780,
0x0000017a3a79d460, 0x0000017a3f1ae950, 0x0000017a3f1ab1a0, 0x0000017a3f1abbc0,
0x0000017a3f1ac0d0, 0x0000017a3f1b02a0, 0x0000017a3f1ac5e0, 0x0000017a3f1acaf0,
0x0000017a3f1b07b0, 0x0000017a3d5c4df0, 0x0000017a3f1ada20, 0x0000017a3f1ad000,
0x0000017a3f1ad510
}

Java Threads: ( => current thread )
  0x0000017a79bbee20 JavaThread "main" [_thread_blocked, id=10536, stack(0x0000004cb8300000,0x0000004cb8400000)]
  0x0000017a7ecbbd80 JavaThread "Reference Handler" daemon [_thread_blocked, id=15936, stack(0x0000004cb8a00000,0x0000004cb8b00000)]
  0x0000017a7ecbcb10 JavaThread "Finalizer" daemon [_thread_blocked, id=10224, stack(0x0000004cb8b00000,0x0000004cb8c00000)]
  0x0000017a7ecd8b00 JavaThread "Signal Dispatcher" daemon [_thread_blocked, id=3080, stack(0x0000004cb8d00000,0x0000004cb8e00000)]
  0x0000017a7ecd99e0 JavaThread "Attach Listener" daemon [_thread_blocked, id=17604, stack(0x0000004cb8e00000,0x0000004cb8f00000)]
  0x0000017a7ecdca60 JavaThread "Service Thread" daemon [_thread_blocked, id=19076, stack(0x0000004cb8f00000,0x0000004cb9000000)]
  0x0000017a7ecdd330 JavaThread "Monitor Deflation Thread" daemon [_thread_blocked, id=9412, stack(0x0000004cb9000000,0x0000004cb9100000)]
  0x0000017a7ecde3f0 JavaThread "C2 CompilerThread0" daemon [_thread_blocked, id=1336, stack(0x0000004cb9100000,0x0000004cb9200000)]
  0x0000017a7ece4130 JavaThread "C1 CompilerThread0" daemon [_thread_blocked, id=14940, stack(0x0000004cb9200000,0x0000004cb9300000)]
  0x0000017a7ecf8e30 JavaThread "Sweeper thread" daemon [_thread_blocked, id=15912, stack(0x0000004cb9300000,0x0000004cb9400000)]
  0x0000017a1ac33240 JavaThread "Common-Cleaner" daemon [_thread_blocked, id=7404, stack(0x0000004cb9400000,0x0000004cb9500000)]
  0x0000017a1ad37c80 JavaThread "Notification Thread" daemon [_thread_blocked, id=16832, stack(0x0000004cb9500000,0x0000004cb9600000)]
  0x0000017a3b1b2bd0 JavaThread "Daemon health stats" [_thread_blocked, id=8952, stack(0x0000004cb9a00000,0x0000004cb9b00000)]
  0x0000017a3ac0a050 JavaThread "Incoming local TCP Connector on port 64158" [_thread_in_native, id=15860, stack(0x0000004cb9b00000,0x0000004cb9c00000)]
  0x0000017a1af9e030 JavaThread "Daemon periodic checks" [_thread_blocked, id=16400, stack(0x0000004cb9c00000,0x0000004cb9d00000)]
  0x0000017a3a69c700 JavaThread "Daemon" [_thread_blocked, id=10168, stack(0x0000004cb9d00000,0x0000004cb9e00000)]
  0x0000017a3a7ee310 JavaThread "Handler for socket connection from /127.0.0.1:64158 to /127.0.0.1:64160" [_thread_in_native, id=16200, stack(0x0000004cb9e00000,0x0000004cb9f00000)]
  0x0000017a1ac56e30 JavaThread "Cancel handler" [_thread_blocked, id=15636, stack(0x0000004cb9f00000,0x0000004cba000000)]
  0x0000017a1ac57340 JavaThread "Daemon worker" [_thread_blocked, id=14876, stack(0x0000004cba000000,0x0000004cba100000)]
  0x0000017a1ac56920 JavaThread "Asynchronous log dispatcher for DefaultDaemonConnection: socket connection from /127.0.0.1:64158 to /127.0.0.1:64160" [_thread_blocked, id=1244, stack(0x0000004cba100000,0x0000004cba200000)]
  0x0000017a1ac58270 JavaThread "Daemon client event forwarder" [_thread_blocked, id=5252, stack(0x0000004cba300000,0x0000004cba400000)]
  0x0000017a1ac57850 JavaThread "Cache worker for journal cache (C:\Users\user\.gradle\caches\journal-1)" [_thread_blocked, id=14584, stack(0x0000004cba400000,0x0000004cba500000)]
  0x0000017a1ac58c90 JavaThread "File lock request listener" [_thread_in_native, id=13584, stack(0x0000004cba500000,0x0000004cba600000)]
  0x0000017a1ac591a0 JavaThread "Cache worker for file hash cache (C:\Users\user\.gradle\caches\8.6\fileHashes)" [_thread_blocked, id=7504, stack(0x0000004cba600000,0x0000004cba700000)]
  0x0000017a1ac59bc0 JavaThread "File watcher server" daemon [_thread_in_native, id=11292, stack(0x0000004cba700000,0x0000004cba800000)]
  0x0000017a1ac596b0 JavaThread "File watcher consumer" daemon [_thread_blocked, id=8076, stack(0x0000004cba800000,0x0000004cba900000)]
  0x0000017a1ac56410 JavaThread "Cache worker for checksums cache (C:\Users\user\Desktop\EasyDrive\android\.gradle\8.6\checksums)" [_thread_blocked, id=6048, stack(0x0000004cba900000,0x0000004cbaa00000)]
  0x0000017a3b2ee670 JavaThread "Cache worker for file hash cache (C:\Users\user\Desktop\EasyDrive\android\.gradle\8.6\fileHashes)" [_thread_blocked, id=7672, stack(0x0000004cbaa00000,0x0000004cbab00000)]
  0x0000017a3b2eeb80 JavaThread "Cache worker for cache directory md-supplier (C:\Users\user\.gradle\caches\8.6\md-supplier)" [_thread_blocked, id=17016, stack(0x0000004cbab00000,0x0000004cbac00000)]
  0x0000017a3b2e9570 JavaThread "Cache worker for cache directory md-rule (C:\Users\user\.gradle\caches\8.6\md-rule)" [_thread_blocked, id=17436, stack(0x0000004cbac00000,0x0000004cbad00000)]
  0x0000017a3b2effc0 JavaThread "Cache worker for file content cache (C:\Users\user\.gradle\caches\8.6\fileContent)" [_thread_blocked, id=13748, stack(0x0000004cbad00000,0x0000004cbae00000)]
  0x0000017a3b2ec300 JavaThread "jar transforms" [_thread_blocked, id=9876, stack(0x0000004cbae00000,0x0000004cbaf00000)]
  0x0000017a3b2ef090 JavaThread "jar transforms Thread 2" [_thread_blocked, id=16692, stack(0x0000004cbaf00000,0x0000004cbb000000)]
  0x0000017a3b2efab0 JavaThread "jar transforms Thread 3" [_thread_blocked, id=18828, stack(0x0000004cbb000000,0x0000004cbb100000)]
  0x0000017a3b2ef5a0 JavaThread "jar transforms Thread 4" [_thread_blocked, id=7332, stack(0x0000004cbb100000,0x0000004cbb200000)]
  0x0000017a3b2eb8e0 JavaThread "Exec process" [_thread_blocked, id=7396, stack(0x0000004cbb200000,0x0000004cbb300000)]
  0x0000017a3b2ecd20 JavaThread "Exec process Thread 2" [_thread_blocked, id=6744, stack(0x0000004cbb300000,0x0000004cbb400000)]
  0x0000017a3b2edc50 JavaThread "Exec process Thread 3" [_thread_blocked, id=17320, stack(0x0000004cbb400000,0x0000004cbb500000)]
  0x0000017a3b2ed230 JavaThread "Unconstrained build operations" [_thread_blocked, id=18296, stack(0x0000004cbb700000,0x0000004cbb800000)]
  0x0000017a3b2e9060 JavaThread "Unconstrained build operations Thread 2" [_thread_blocked, id=18632, stack(0x0000004cbb800000,0x0000004cbb900000)]
  0x0000017a3b2ed740 JavaThread "Cache worker for Build Output Cleanup Cache (C:\Users\user\Desktop\EasyDrive\node_modules\@react-native\gradle-plugin\.gradle\buildOutputCleanup)" [_thread_blocked, id=10356, stack(0x0000004cbb900000,0x0000004cbba00000)]
  0x0000017a3b2ee160 JavaThread "Unconstrained build operations Thread 3" [_thread_blocked, id=17256, stack(0x0000004cbbb00000,0x0000004cbbc00000)]
  0x0000017a3b2f04d0 JavaThread "Unconstrained build operations Thread 4" [_thread_blocked, id=14672, stack(0x0000004cbbc00000,0x0000004cbbd00000)]
  0x0000017a3b2f09e0 JavaThread "Unconstrained build operations Thread 5" [_thread_blocked, id=6076, stack(0x0000004cbbd00000,0x0000004cbbe00000)]
  0x0000017a3b2e9a80 JavaThread "build event listener" [_thread_blocked, id=6452, stack(0x0000004cbba00000,0x0000004cbbb00000)]
  0x0000017a3b2ea4a0 JavaThread "Memory manager" [_thread_blocked, id=10888, stack(0x0000004cbbe00000,0x0000004cbbf00000)]
  0x0000017a3b2ebdf0 JavaThread "Cache worker for Build Output Cleanup Cache (C:\Users\user\Desktop\EasyDrive\android\.gradle\buildOutputCleanup)" [_thread_blocked, id=16508, stack(0x0000004cbbf00000,0x0000004cbc000000)]
  0x0000017a3b2eaec0 JavaThread "ForkJoinPool.commonPool-worker-1" daemon [_thread_blocked, id=18212, stack(0x0000004cb8100000,0x0000004cb8200000)]
  0x0000017a3b2eb3d0 JavaThread "ForkJoinPool.commonPool-worker-2" daemon [_thread_blocked, id=18872, stack(0x0000004cb8200000,0x0000004cb8300000)]
  0x0000017a3a79a6d0 JavaThread "ForkJoinPool.commonPool-worker-3" daemon [_thread_blocked, id=14028, stack(0x0000004cb8c00000,0x0000004cb8d00000)]
  0x0000017a3a799290 JavaThread "included builds" [_thread_blocked, id=11952, stack(0x0000004cbc000000,0x0000004cbc100000)]
  0x0000017a3a79a1c0 JavaThread "Execution worker" [_thread_blocked, id=17684, stack(0x0000004cbc100000,0x0000004cbc200000)]
  0x0000017a3a79e390 JavaThread "Execution worker Thread 2" [_thread_blocked, id=17984, stack(0x0000004cbc200000,0x0000004cbc300000)]
  0x0000017a3a79e8a0 JavaThread "Execution worker Thread 3" [_thread_blocked, id=13968, stack(0x0000004cbc300000,0x0000004cbc400000)]
  0x0000017a3a7a01f0 JavaThread "Cache worker for execution history cache (C:\Users\user\Desktop\EasyDrive\node_modules\@react-native\gradle-plugin\.gradle\8.6\executionHistory)" [_thread_blocked, id=17388, stack(0x0000004cbc400000,0x0000004cbc500000)]
  0x0000017a3a79b0f0 JavaThread "Unconstrained build operations Thread 6" [_thread_blocked, id=14728, stack(0x0000004cbc500000,0x0000004cbc600000)]
  0x0000017a3a79edb0 JavaThread "Unconstrained build operations Thread 7" [_thread_blocked, id=12012, stack(0x0000004cbc600000,0x0000004cbc700000)]
  0x0000017a3a79f2c0 JavaThread "Unconstrained build operations Thread 8" [_thread_blocked, id=5876, stack(0x0000004cbc700000,0x0000004cbc800000)]
  0x0000017a3a79f7d0 JavaThread "Unconstrained build operations Thread 9" [_thread_blocked, id=7764, stack(0x0000004cbc800000,0x0000004cbc900000)]
  0x0000017a3a79abe0 JavaThread "Unconstrained build operations Thread 10" [_thread_blocked, id=18752, stack(0x0000004cbc900000,0x0000004cbca00000)]
  0x0000017a3a79cf50 JavaThread "Unconstrained build operations Thread 11" [_thread_blocked, id=5388, stack(0x0000004cbca00000,0x0000004cbcb00000)]
  0x0000017a3a79fce0 JavaThread "Unconstrained build operations Thread 12" [_thread_blocked, id=14300, stack(0x0000004cbcb00000,0x0000004cbcc00000)]
  0x0000017a3a79c530 JavaThread "Unconstrained build operations Thread 13" [_thread_blocked, id=944, stack(0x0000004cbcc00000,0x0000004cbcd00000)]
  0x0000017a3a79de80 JavaThread "Unconstrained build operations Thread 14" [_thread_blocked, id=17548, stack(0x0000004cbcd00000,0x0000004cbce00000)]
  0x0000017a3a799cb0 JavaThread "Unconstrained build operations Thread 15" [_thread_blocked, id=19256, stack(0x0000004cbce00000,0x0000004cbcf00000)]
  0x0000017a3a79d970 JavaThread "Unconstrained build operations Thread 16" [_thread_blocked, id=14016, stack(0x0000004cbcf00000,0x0000004cbd000000)]
  0x0000017a3a79c020 JavaThread "build event listener" [_thread_blocked, id=6756, stack(0x0000004cba200000,0x0000004cba300000)]
  0x0000017a1ac58780 JavaThread "Unconstrained build operations Thread 17" [_thread_blocked, id=4092, stack(0x0000004cbd100000,0x0000004cbd200000)]
  0x0000017a3a79d460 JavaThread "Unconstrained build operations Thread 18" [_thread_blocked, id=17244, stack(0x0000004cbd200000,0x0000004cbd300000)]
  0x0000017a3f1ae950 JavaThread "Unconstrained build operations Thread 19" [_thread_blocked, id=11940, stack(0x0000004cbd300000,0x0000004cbd400000)]
  0x0000017a3f1ab1a0 JavaThread "Unconstrained build operations Thread 20" [_thread_blocked, id=17280, stack(0x0000004cbd400000,0x0000004cbd500000)]
  0x0000017a3f1abbc0 JavaThread "Unconstrained build operations Thread 21" [_thread_blocked, id=10672, stack(0x0000004cbd500000,0x0000004cbd600000)]
  0x0000017a3f1ac0d0 JavaThread "Unconstrained build operations Thread 22" [_thread_blocked, id=12212, stack(0x0000004cbd600000,0x0000004cbd700000)]
  0x0000017a3f1b02a0 JavaThread "Unconstrained build operations Thread 23" [_thread_blocked, id=15628, stack(0x0000004cbd700000,0x0000004cbd800000)]
  0x0000017a3f1ac5e0 JavaThread "Unconstrained build operations Thread 24" [_thread_blocked, id=15196, stack(0x0000004cbd800000,0x0000004cbd900000)]
  0x0000017a3f1acaf0 JavaThread "Unconstrained build operations Thread 25" [_thread_blocked, id=13192, stack(0x0000004cbd900000,0x0000004cbda00000)]
  0x0000017a3f1b07b0 JavaThread "Unconstrained build operations Thread 26" [_thread_blocked, id=6368, stack(0x0000004cbd000000,0x0000004cbd100000)]
  0x0000017a3d5c4df0 JavaThread "C2 CompilerThread1" daemon [_thread_blocked, id=7980, stack(0x0000004cbda00000,0x0000004cbdb00000)]
  0x0000017a3f1ada20 JavaThread "Unconstrained build operations Thread 27" [_thread_blocked, id=16088, stack(0x0000004cbdb00000,0x0000004cbdc00000)]
  0x0000017a3f1ad000 JavaThread "Unconstrained build operations Thread 28" [_thread_blocked, id=17832, stack(0x0000004cbdc00000,0x0000004cbdd00000)]
  0x0000017a3f1ad510 JavaThread "Unconstrained build operations Thread 29" [_thread_blocked, id=1472, stack(0x0000004cbdd00000,0x0000004cbde00000)]

Other Threads:
=>0x0000017a7ecb6200 VMThread "VM Thread" [stack: 0x0000004cb8900000,0x0000004cb8a00000] [id=11220]
  0x0000017a1ad38160 WatcherThread [stack: 0x0000004cb9600000,0x0000004cb9700000] [id=15560]
  0x0000017a79c1a300 GCTaskThread "GC Thread#0" [stack: 0x0000004cb8400000,0x0000004cb8500000] [id=14080]
  0x0000017a3a00a260 GCTaskThread "GC Thread#1" [stack: 0x0000004cb9800000,0x0000004cb9900000] [id=9272]
  0x0000017a3a002080 GCTaskThread "GC Thread#2" [stack: 0x0000004cb9900000,0x0000004cb9a00000] [id=18888]
  0x0000017a3a84b7a0 GCTaskThread "GC Thread#3" [stack: 0x0000004cb9700000,0x0000004cb9800000] [id=12236]
  0x0000017a79c2b160 ConcurrentGCThread "G1 Main Marker" [stack: 0x0000004cb8500000,0x0000004cb8600000] [id=9184]
  0x0000017a79c2caa0 ConcurrentGCThread "G1 Conc#0" [stack: 0x0000004cb8600000,0x0000004cb8700000] [id=7756]
  0x0000017a7eb74c60 ConcurrentGCThread "G1 Refine#0" [stack: 0x0000004cb8700000,0x0000004cb8800000] [id=18964]
  0x0000017a7eb754a0 ConcurrentGCThread "G1 Service" [stack: 0x0000004cb8800000,0x0000004cb8900000] [id=3316]

Threads with active compile tasks:
C2 CompilerThread0   101773 13206       4       com.google.common.collect.MapMakerInternalMap$WeakKeyDummyValueSegment::maybeDrainReferenceQueues (9 bytes)
C2 CompilerThread1   101773 13205       4       com.google.common.collect.MapMakerInternalMap$Segment::drainKeyReferenceQueue (42 bytes)

VM state: at safepoint (normal execution)

VM Mutex/Monitor currently owned by a thread:  ([mutex/lock_event])
[0x0000017a79bbab90] Threads_lock - owner thread: 0x0000017a7ecb6200
[0x0000017a79bbb520] Heap_lock - owner thread: 0x0000017a3f1ad000

Heap address: 0x0000000080000000, size: 2048 MB, Compressed Oops mode: 32-bit

CDS archive(s) mapped at: [0x0000017a1b000000-0x0000017a1bbb0000-0x0000017a1bbb0000), size 12255232, SharedBaseAddress: 0x0000017a1b000000, ArchiveRelocationMode: 1.
Compressed class space mapped at: 0x0000017a1c000000-0x0000017a36000000, reserved size: 436207616
Narrow klass base: 0x0000017a1b000000, Narrow klass shift: 0, Narrow klass range: 0x100000000

GC Precious Log:
 CPUs: 4 total, 4 available
 Memory: 8030M
 Large Page Support: Disabled
 NUMA Support: Disabled
 Compressed Oops: Enabled (32-bit)
 Heap Region Size: 1M
 Heap Min Capacity: 8M
 Heap Initial Capacity: 126M
 Heap Max Capacity: 2G
 Pre-touch: Disabled
 Parallel Workers: 4
 Concurrent Workers: 1
 Concurrent Refinement Workers: 4
 Periodic GC: Disabled

Heap:
 garbage-first heap   total 234496K, used 142508K [0x0000000080000000, 0x0000000100000000)
  region size 1024K, 6 young (6144K), 6 survivors (6144K)
 Metaspace       used 97498K, committed 98688K, reserved 557056K
  class space    used 13733K, committed 14272K, reserved 425984K

Heap Regions: E=young(eden), S=young(survivor), O=old, HS=humongous(starts), HC=humongous(continues), CS=collection set, F=free, OA=open archive, CA=closed archive, TAMS=top-at-mark-start (previous, next)
|   0|0x0000000080000000, 0x0000000080100000, 0x0000000080100000|100%| O|  |TAMS 0x0000000080100000, 0x0000000080000000| Untracked 
|   1|0x0000000080100000, 0x0000000080200000, 0x0000000080200000|100%| O|  |TAMS 0x0000000080200000, 0x0000000080100000| Untracked 
|   2|0x0000000080200000, 0x0000000080300000, 0x0000000080300000|100%|HS|  |TAMS 0x0000000080300000, 0x0000000080200000| Complete 
|   3|0x0000000080300000, 0x0000000080400000, 0x0000000080400000|100%|HC|  |TAMS 0x0000000080400000, 0x0000000080300000| Complete 
|   4|0x0000000080400000, 0x0000000080500000, 0x0000000080500000|100%|HC|  |TAMS 0x0000000080500000, 0x0000000080400000| Complete 
|   5|0x0000000080500000, 0x0000000080600000, 0x0000000080600000|100%|HC|  |TAMS 0x0000000080600000, 0x0000000080500000| Complete 
|   6|0x0000000080600000, 0x0000000080700000, 0x0000000080700000|100%| O|  |TAMS 0x0000000080700000, 0x0000000080600000| Untracked 
|   7|0x0000000080700000, 0x0000000080800000, 0x0000000080800000|100%| O|  |TAMS 0x0000000080800000, 0x0000000080700000| Untracked 
|   8|0x0000000080800000, 0x0000000080900000, 0x0000000080900000|100%| O|  |TAMS 0x0000000080900000, 0x0000000080800000| Untracked 
|   9|0x0000000080900000, 0x0000000080a00000, 0x0000000080a00000|100%| O|  |TAMS 0x0000000080a00000, 0x0000000080900000| Untracked 
|  10|0x0000000080a00000, 0x0000000080b00000, 0x0000000080b00000|100%| O|  |TAMS 0x0000000080b00000, 0x0000000080a00000| Untracked 
|  11|0x0000000080b00000, 0x0000000080c00000, 0x0000000080c00000|100%| O|  |TAMS 0x0000000080c00000, 0x0000000080b00000| Untracked 
|  12|0x0000000080c00000, 0x0000000080d00000, 0x0000000080d00000|100%| O|  |TAMS 0x0000000080d00000, 0x0000000080c00000| Untracked 
|  13|0x0000000080d00000, 0x0000000080e00000, 0x0000000080e00000|100%| O|  |TAMS 0x0000000080e00000, 0x0000000080d00000| Untracked 
|  14|0x0000000080e00000, 0x0000000080f00000, 0x0000000080f00000|100%| O|  |TAMS 0x0000000080f00000, 0x0000000080e00000| Untracked 
|  15|0x0000000080f00000, 0x0000000081000000, 0x0000000081000000|100%| O|  |TAMS 0x0000000081000000, 0x0000000080f00000| Untracked 
|  16|0x0000000081000000, 0x0000000081100000, 0x0000000081100000|100%| O|  |TAMS 0x0000000081100000, 0x0000000081000000| Untracked 
|  17|0x0000000081100000, 0x0000000081200000, 0x0000000081200000|100%| O|  |TAMS 0x0000000081200000, 0x0000000081100000| Untracked 
|  18|0x0000000081200000, 0x0000000081300000, 0x0000000081300000|100%| O|  |TAMS 0x0000000081300000, 0x0000000081200000| Untracked 
|  19|0x0000000081300000, 0x0000000081400000, 0x0000000081400000|100%| O|  |TAMS 0x0000000081400000, 0x0000000081300000| Untracked 
|  20|0x0000000081400000, 0x0000000081500000, 0x0000000081500000|100%| O|  |TAMS 0x0000000081500000, 0x0000000081400000| Untracked 
|  21|0x0000000081500000, 0x0000000081600000, 0x0000000081600000|100%| O|  |TAMS 0x0000000081600000, 0x0000000081500000| Untracked 
|  22|0x0000000081600000, 0x0000000081700000, 0x0000000081700000|100%| O|  |TAMS 0x0000000081700000, 0x0000000081600000| Untracked 
|  23|0x0000000081700000, 0x0000000081800000, 0x0000000081800000|100%| O|  |TAMS 0x0000000081800000, 0x0000000081700000| Untracked 
|  24|0x0000000081800000, 0x0000000081900000, 0x0000000081900000|100%| O|  |TAMS 0x0000000081900000, 0x0000000081800000| Untracked 
|  25|0x0000000081900000, 0x0000000081a00000, 0x0000000081a00000|100%| O|  |TAMS 0x0000000081a00000, 0x0000000081900000| Untracked 
|  26|0x0000000081a00000, 0x0000000081b00000, 0x0000000081b00000|100%| O|  |TAMS 0x0000000081b00000, 0x0000000081a00000| Untracked 
|  27|0x0000000081b00000, 0x0000000081c00000, 0x0000000081c00000|100%| O|  |TAMS 0x0000000081c00000, 0x0000000081b00000| Untracked 
|  28|0x0000000081c00000, 0x0000000081d00000, 0x0000000081d00000|100%| O|  |TAMS 0x0000000081d00000, 0x0000000081c00000| Untracked 
|  29|0x0000000081d00000, 0x0000000081e00000, 0x0000000081e00000|100%| O|  |TAMS 0x0000000081e00000, 0x0000000081d00000| Untracked 
|  30|0x0000000081e00000, 0x0000000081f00000, 0x0000000081f00000|100%| O|  |TAMS 0x0000000081f00000, 0x0000000081e00000| Untracked 
|  31|0x0000000081f00000, 0x0000000082000000, 0x0000000082000000|100%| O|  |TAMS 0x0000000082000000, 0x0000000081f00000| Untracked 
|  32|0x0000000082000000, 0x0000000082100000, 0x0000000082100000|100%| O|  |TAMS 0x0000000082100000, 0x0000000082000000| Untracked 
|  33|0x0000000082100000, 0x0000000082200000, 0x0000000082200000|100%| O|  |TAMS 0x0000000082200000, 0x0000000082100000| Untracked 
|  34|0x0000000082200000, 0x0000000082300000, 0x0000000082300000|100%| O|  |TAMS 0x0000000082300000, 0x0000000082200000| Untracked 
|  35|0x0000000082300000, 0x0000000082400000, 0x0000000082400000|100%| O|  |TAMS 0x0000000082400000, 0x0000000082300000| Untracked 
|  36|0x0000000082400000, 0x0000000082500000, 0x0000000082500000|100%| O|  |TAMS 0x0000000082500000, 0x0000000082400000| Untracked 
|  37|0x0000000082500000, 0x0000000082600000, 0x0000000082600000|100%| O|  |TAMS 0x0000000082600000, 0x0000000082500000| Untracked 
|  38|0x0000000082600000, 0x0000000082700000, 0x0000000082700000|100%| O|  |TAMS 0x0000000082700000, 0x0000000082600000| Untracked 
|  39|0x0000000082700000, 0x0000000082800000, 0x0000000082800000|100%| O|  |TAMS 0x0000000082800000, 0x0000000082700000| Untracked 
|  40|0x0000000082800000, 0x0000000082900000, 0x0000000082900000|100%| O|  |TAMS 0x0000000082900000, 0x0000000082800000| Untracked 
|  41|0x0000000082900000, 0x0000000082a00000, 0x0000000082a00000|100%|HS|  |TAMS 0x0000000082a00000, 0x0000000082900000| Complete 
|  42|0x0000000082a00000, 0x0000000082b00000, 0x0000000082b00000|100%|HC|  |TAMS 0x0000000082b00000, 0x0000000082a00000| Complete 
|  43|0x0000000082b00000, 0x0000000082c00000, 0x0000000082c00000|100%|HS|  |TAMS 0x0000000082c00000, 0x0000000082b00000| Complete 
|  44|0x0000000082c00000, 0x0000000082d00000, 0x0000000082d00000|100%|HC|  |TAMS 0x0000000082d00000, 0x0000000082c00000| Complete 
|  45|0x0000000082d00000, 0x0000000082e00000, 0x0000000082e00000|100%| O|  |TAMS 0x0000000082e00000, 0x0000000082d00000| Untracked 
|  46|0x0000000082e00000, 0x0000000082f00000, 0x0000000082f00000|100%| O|  |TAMS 0x0000000082f00000, 0x0000000082e00000| Untracked 
|  47|0x0000000082f00000, 0x0000000083000000, 0x0000000083000000|100%| O|  |TAMS 0x0000000083000000, 0x0000000082f00000| Untracked 
|  48|0x0000000083000000, 0x0000000083100000, 0x0000000083100000|100%|HS|  |TAMS 0x0000000083100000, 0x0000000083000000| Complete 
|  49|0x0000000083100000, 0x0000000083200000, 0x0000000083200000|100%|HC|  |TAMS 0x0000000083200000, 0x0000000083100000| Complete 
|  50|0x0000000083200000, 0x0000000083300000, 0x0000000083300000|100%|HC|  |TAMS 0x0000000083300000, 0x0000000083200000| Complete 
|  51|0x0000000083300000, 0x0000000083400000, 0x0000000083400000|100%|HC|  |TAMS 0x0000000083400000, 0x0000000083300000| Complete 
|  52|0x0000000083400000, 0x0000000083500000, 0x0000000083500000|100%|HS|  |TAMS 0x0000000083500000, 0x0000000083400000| Complete 
|  53|0x0000000083500000, 0x0000000083600000, 0x0000000083600000|100%|HC|  |TAMS 0x0000000083600000, 0x0000000083500000| Complete 
|  54|0x0000000083600000, 0x0000000083700000, 0x0000000083700000|100%|HC|  |TAMS 0x0000000083700000, 0x0000000083600000| Complete 
|  55|0x0000000083700000, 0x0000000083800000, 0x0000000083800000|100%|HC|  |TAMS 0x0000000083800000, 0x0000000083700000| Complete 
|  56|0x0000000083800000, 0x0000000083900000, 0x0000000083900000|100%| O|  |TAMS 0x0000000083900000, 0x0000000083800000| Untracked 
|  57|0x0000000083900000, 0x0000000083a00000, 0x0000000083a00000|100%| O|  |TAMS 0x0000000083a00000, 0x0000000083900000| Untracked 
|  58|0x0000000083a00000, 0x0000000083b00000, 0x0000000083b00000|100%| O|  |TAMS 0x0000000083b00000, 0x0000000083a00000| Untracked 
|  59|0x0000000083b00000, 0x0000000083c00000, 0x0000000083c00000|100%| O|  |TAMS 0x0000000083c00000, 0x0000000083b00000| Untracked 
|  60|0x0000000083c00000, 0x0000000083d00000, 0x0000000083d00000|100%|HS|  |TAMS 0x0000000083d00000, 0x0000000083c00000| Complete 
|  61|0x0000000083d00000, 0x0000000083e00000, 0x0000000083e00000|100%| O|  |TAMS 0x0000000083e00000, 0x0000000083d00000| Untracked 
|  62|0x0000000083e00000, 0x0000000083f00000, 0x0000000083f00000|100%| O|  |TAMS 0x0000000083f00000, 0x0000000083e00000| Untracked 
|  63|0x0000000083f00000, 0x0000000084000000, 0x0000000084000000|100%| O|  |TAMS 0x0000000084000000, 0x0000000083f00000| Untracked 
|  64|0x0000000084000000, 0x0000000084100000, 0x0000000084100000|100%| O|  |TAMS 0x0000000084100000, 0x0000000084000000| Untracked 
|  65|0x0000000084100000, 0x0000000084200000, 0x0000000084200000|100%| O|  |TAMS 0x0000000084200000, 0x0000000084100000| Untracked 
|  66|0x0000000084200000, 0x0000000084300000, 0x0000000084300000|100%| O|  |TAMS 0x0000000084300000, 0x0000000084200000| Untracked 
|  67|0x0000000084300000, 0x0000000084400000, 0x0000000084400000|100%| O|  |TAMS 0x0000000084400000, 0x0000000084300000| Untracked 
|  68|0x0000000084400000, 0x0000000084500000, 0x0000000084500000|100%| O|  |TAMS 0x0000000084500000, 0x0000000084400000| Untracked 
|  69|0x0000000084500000, 0x0000000084600000, 0x0000000084600000|100%| O|  |TAMS 0x0000000084600000, 0x0000000084500000| Untracked 
|  70|0x0000000084600000, 0x0000000084700000, 0x0000000084700000|100%| O|  |TAMS 0x0000000084700000, 0x0000000084600000| Untracked 
|  71|0x0000000084700000, 0x0000000084800000, 0x0000000084800000|100%| O|  |TAMS 0x0000000084800000, 0x0000000084700000| Untracked 
|  72|0x0000000084800000, 0x0000000084900000, 0x0000000084900000|100%| O|  |TAMS 0x0000000084900000, 0x0000000084800000| Untracked 
|  73|0x0000000084900000, 0x0000000084a00000, 0x0000000084a00000|100%|HS|  |TAMS 0x0000000084a00000, 0x0000000084900000| Complete 
|  74|0x0000000084a00000, 0x0000000084b00000, 0x0000000084b00000|100%|HS|  |TAMS 0x0000000084b00000, 0x0000000084a00000| Complete 
|  75|0x0000000084b00000, 0x0000000084c00000, 0x0000000084c00000|100%|HS|  |TAMS 0x0000000084c00000, 0x0000000084b00000| Complete 
|  76|0x0000000084c00000, 0x0000000084d00000, 0x0000000084d00000|100%| O|  |TAMS 0x0000000084d00000, 0x0000000084c00000| Untracked 
|  77|0x0000000084d00000, 0x0000000084e00000, 0x0000000084e00000|100%|HS|  |TAMS 0x0000000084e00000, 0x0000000084d00000| Complete 
|  78|0x0000000084e00000, 0x0000000084f00000, 0x0000000084f00000|100%| O|  |TAMS 0x0000000084f00000, 0x0000000084e00000| Untracked 
|  79|0x0000000084f00000, 0x0000000085000000, 0x0000000085000000|100%| O|  |TAMS 0x0000000085000000, 0x0000000084f00000| Untracked 
|  80|0x0000000085000000, 0x0000000085100000, 0x0000000085100000|100%| O|  |TAMS 0x0000000085000000, 0x0000000085000000| Untracked 
|  81|0x0000000085100000, 0x0000000085200000, 0x0000000085200000|100%| O|  |TAMS 0x0000000085200000, 0x0000000085100000| Untracked 
|  82|0x0000000085200000, 0x0000000085300000, 0x0000000085300000|100%| O|  |TAMS 0x0000000085300000, 0x0000000085200000| Untracked 
|  83|0x0000000085300000, 0x0000000085400000, 0x0000000085400000|100%| O|  |TAMS 0x0000000085400000, 0x0000000085300000| Untracked 
|  84|0x0000000085400000, 0x0000000085500000, 0x0000000085500000|100%| O|  |TAMS 0x0000000085500000, 0x0000000085400000| Untracked 
|  85|0x0000000085500000, 0x0000000085600000, 0x0000000085600000|100%| O|  |TAMS 0x0000000085600000, 0x0000000085500000| Untracked 
|  86|0x0000000085600000, 0x0000000085700000, 0x0000000085700000|100%| O|  |TAMS 0x0000000085700000, 0x0000000085600000| Untracked 
|  87|0x0000000085700000, 0x0000000085800000, 0x0000000085800000|100%| O|  |TAMS 0x0000000085800000, 0x0000000085700000| Untracked 
|  88|0x0000000085800000, 0x0000000085900000, 0x0000000085900000|100%| O|  |TAMS 0x0000000085900000, 0x0000000085800000| Untracked 
|  89|0x0000000085900000, 0x0000000085a00000, 0x0000000085a00000|100%| O|  |TAMS 0x0000000085a00000, 0x0000000085900000| Untracked 
|  90|0x0000000085a00000, 0x0000000085b00000, 0x0000000085b00000|100%| O|  |TAMS 0x0000000085b00000, 0x0000000085a00000| Untracked 
|  91|0x0000000085b00000, 0x0000000085c00000, 0x0000000085c00000|100%| O|  |TAMS 0x0000000085c00000, 0x0000000085b00000| Untracked 
|  92|0x0000000085c00000, 0x0000000085d00000, 0x0000000085d00000|100%| O|  |TAMS 0x0000000085d00000, 0x0000000085c00000| Untracked 
|  93|0x0000000085d00000, 0x0000000085e00000, 0x0000000085e00000|100%| O|  |TAMS 0x0000000085e00000, 0x0000000085d00000| Untracked 
|  94|0x0000000085e00000, 0x0000000085f00000, 0x0000000085f00000|100%| O|  |TAMS 0x0000000085f00000, 0x0000000085e00000| Untracked 
|  95|0x0000000085f00000, 0x0000000086000000, 0x0000000086000000|100%| O|  |TAMS 0x0000000086000000, 0x0000000085f00000| Untracked 
|  96|0x0000000086000000, 0x0000000086100000, 0x0000000086100000|100%| O|  |TAMS 0x0000000086100000, 0x0000000086000000| Untracked 
|  97|0x0000000086100000, 0x0000000086200000, 0x0000000086200000|100%| O|  |TAMS 0x0000000086200000, 0x0000000086100000| Untracked 
|  98|0x0000000086200000, 0x0000000086300000, 0x0000000086300000|100%| O|  |TAMS 0x0000000086300000, 0x0000000086200000| Untracked 
|  99|0x0000000086300000, 0x0000000086400000, 0x0000000086400000|100%| O|  |TAMS 0x0000000086400000, 0x0000000086300000| Untracked 
| 100|0x0000000086400000, 0x0000000086500000, 0x0000000086500000|100%| O|  |TAMS 0x0000000086500000, 0x0000000086400000| Untracked 
| 101|0x0000000086500000, 0x0000000086600000, 0x0000000086600000|100%| O|  |TAMS 0x0000000086600000, 0x0000000086500000| Untracked 
| 102|0x0000000086600000, 0x0000000086700000, 0x0000000086700000|100%| O|  |TAMS 0x0000000086700000, 0x0000000086600000| Untracked 
| 103|0x0000000086700000, 0x0000000086800000, 0x0000000086800000|100%| O|  |TAMS 0x0000000086800000, 0x0000000086700000| Untracked 
| 104|0x0000000086800000, 0x0000000086900000, 0x0000000086900000|100%| O|  |TAMS 0x0000000086900000, 0x0000000086800000| Untracked 
| 105|0x0000000086900000, 0x0000000086a00000, 0x0000000086a00000|100%|HS|  |TAMS 0x0000000086a00000, 0x0000000086900000| Complete 
| 106|0x0000000086a00000, 0x0000000086b00000, 0x0000000086b00000|100%|HC|  |TAMS 0x0000000086b00000, 0x0000000086a00000| Complete 
| 107|0x0000000086b00000, 0x0000000086c00000, 0x0000000086c00000|100%| O|  |TAMS 0x0000000086c00000, 0x0000000086b00000| Untracked 
| 108|0x0000000086c00000, 0x0000000086d00000, 0x0000000086d00000|100%| O|  |TAMS 0x0000000086d00000, 0x0000000086c00000| Untracked 
| 109|0x0000000086d00000, 0x0000000086e00000, 0x0000000086e00000|100%| O|  |TAMS 0x0000000086e00000, 0x0000000086d00000| Untracked 
| 110|0x0000000086e00000, 0x0000000086f00000, 0x0000000086f00000|100%| O|  |TAMS 0x0000000086f00000, 0x0000000086e00000| Untracked 
| 111|0x0000000086f00000, 0x0000000086f2b200, 0x0000000087000000| 16%| O|  |TAMS 0x0000000086f00000, 0x0000000086f00000| Untracked 
| 112|0x0000000087000000, 0x0000000087100000, 0x0000000087100000|100%| O|  |TAMS 0x0000000087100000, 0x0000000087000000| Untracked 
| 113|0x0000000087100000, 0x0000000087200000, 0x0000000087200000|100%| O|  |TAMS 0x0000000087200000, 0x0000000087100000| Untracked 
| 114|0x0000000087200000, 0x0000000087300000, 0x0000000087300000|100%| O|  |TAMS 0x0000000087275200, 0x0000000087200000| Untracked 
| 115|0x0000000087300000, 0x0000000087400000, 0x0000000087400000|100%|HS|  |TAMS 0x0000000087400000, 0x0000000087300000| Complete 
| 116|0x0000000087400000, 0x0000000087500000, 0x0000000087500000|100%|HC|  |TAMS 0x0000000087500000, 0x0000000087400000| Complete 
| 117|0x0000000087500000, 0x0000000087600000, 0x0000000087600000|100%| O|  |TAMS 0x0000000087500000, 0x0000000087500000| Untracked 
| 118|0x0000000087600000, 0x0000000087700000, 0x0000000087700000|100%| O|  |TAMS 0x0000000087600000, 0x0000000087600000| Untracked 
| 119|0x0000000087700000, 0x0000000087800000, 0x0000000087800000|100%| O|  |TAMS 0x0000000087700000, 0x0000000087700000| Untracked 
| 120|0x0000000087800000, 0x0000000087900000, 0x0000000087900000|100%| O|  |TAMS 0x0000000087800000, 0x0000000087800000| Untracked 
| 121|0x0000000087900000, 0x0000000087a00000, 0x0000000087a00000|100%| O|  |TAMS 0x0000000087900000, 0x0000000087900000| Untracked 
| 122|0x0000000087a00000, 0x0000000087b00000, 0x0000000087b00000|100%| O|  |TAMS 0x0000000087a00000, 0x0000000087a00000| Untracked 
| 123|0x0000000087b00000, 0x0000000087c00000, 0x0000000087c00000|100%| O|  |TAMS 0x0000000087b00000, 0x0000000087b00000| Untracked 
| 124|0x0000000087c00000, 0x0000000087d00000, 0x0000000087d00000|100%| O|  |TAMS 0x0000000087c00000, 0x0000000087c00000| Untracked 
| 125|0x0000000087d00000, 0x0000000087e00000, 0x0000000087e00000|100%| O|  |TAMS 0x0000000087d00000, 0x0000000087d00000| Untracked 
| 126|0x0000000087e00000, 0x0000000087f00000, 0x0000000087f00000|100%| O|  |TAMS 0x0000000087e00000, 0x0000000087e00000| Untracked 
| 127|0x0000000087f00000, 0x0000000088000000, 0x0000000088000000|100%| O|  |TAMS 0x0000000087f00000, 0x0000000087f00000| Untracked 
| 128|0x0000000088000000, 0x0000000088100000, 0x0000000088100000|100%| O|  |TAMS 0x0000000088000000, 0x0000000088000000| Untracked 
| 129|0x0000000088100000, 0x0000000088200000, 0x0000000088200000|100%| O|  |TAMS 0x0000000088100000, 0x0000000088100000| Untracked 
| 130|0x0000000088200000, 0x0000000088300000, 0x0000000088300000|100%| O|  |TAMS 0x0000000088200000, 0x0000000088200000| Untracked 
| 131|0x0000000088300000, 0x0000000088400000, 0x0000000088400000|100%| O|  |TAMS 0x0000000088300000, 0x0000000088300000| Untracked 
| 132|0x0000000088400000, 0x0000000088500000, 0x0000000088500000|100%| O|  |TAMS 0x0000000088400000, 0x0000000088400000| Untracked 
| 133|0x0000000088500000, 0x0000000088600000, 0x0000000088600000|100%| O|  |TAMS 0x0000000088500000, 0x0000000088500000| Untracked 
| 134|0x0000000088600000, 0x0000000088600000, 0x0000000088700000|  0%| F|  |TAMS 0x0000000088600000, 0x0000000088600000| Untracked 
| 135|0x0000000088700000, 0x0000000088700000, 0x0000000088800000|  0%| F|  |TAMS 0x0000000088700000, 0x0000000088700000| Untracked 
| 136|0x0000000088800000, 0x0000000088800000, 0x0000000088900000|  0%| F|  |TAMS 0x0000000088800000, 0x0000000088800000| Untracked 
| 137|0x0000000088900000, 0x0000000088900000, 0x0000000088a00000|  0%| F|  |TAMS 0x0000000088900000, 0x0000000088900000| Untracked 
| 138|0x0000000088a00000, 0x0000000088a00000, 0x0000000088b00000|  0%| F|  |TAMS 0x0000000088a00000, 0x0000000088a00000| Untracked 
| 139|0x0000000088b00000, 0x0000000088b00000, 0x0000000088c00000|  0%| F|  |TAMS 0x0000000088b00000, 0x0000000088b00000| Untracked 
| 140|0x0000000088c00000, 0x0000000088c00000, 0x0000000088d00000|  0%| F|  |TAMS 0x0000000088c00000, 0x0000000088c00000| Untracked 
| 141|0x0000000088d00000, 0x0000000088d00000, 0x0000000088e00000|  0%| F|  |TAMS 0x0000000088d00000, 0x0000000088d00000| Untracked 
| 142|0x0000000088e00000, 0x0000000088e00000, 0x0000000088f00000|  0%| F|  |TAMS 0x0000000088e00000, 0x0000000088e00000| Untracked 
| 143|0x0000000088f00000, 0x0000000088f00000, 0x0000000089000000|  0%| F|  |TAMS 0x0000000088f00000, 0x0000000088f00000| Untracked 
| 144|0x0000000089000000, 0x0000000089000000, 0x0000000089100000|  0%| F|  |TAMS 0x0000000089000000, 0x0000000089000000| Untracked 
| 145|0x0000000089100000, 0x0000000089100000, 0x0000000089200000|  0%| F|  |TAMS 0x0000000089100000, 0x0000000089100000| Untracked 
| 146|0x0000000089200000, 0x0000000089200000, 0x0000000089300000|  0%| F|  |TAMS 0x0000000089200000, 0x0000000089200000| Untracked 
| 147|0x0000000089300000, 0x0000000089300000, 0x0000000089400000|  0%| F|  |TAMS 0x0000000089300000, 0x0000000089300000| Untracked 
| 148|0x0000000089400000, 0x0000000089400000, 0x0000000089500000|  0%| F|  |TAMS 0x0000000089400000, 0x0000000089400000| Untracked 
| 149|0x0000000089500000, 0x0000000089500000, 0x0000000089600000|  0%| F|  |TAMS 0x0000000089500000, 0x0000000089500000| Untracked 
| 150|0x0000000089600000, 0x0000000089600000, 0x0000000089700000|  0%| F|  |TAMS 0x0000000089600000, 0x0000000089600000| Untracked 
| 151|0x0000000089700000, 0x0000000089700000, 0x0000000089800000|  0%| F|  |TAMS 0x0000000089700000, 0x0000000089700000| Untracked 
| 152|0x0000000089800000, 0x0000000089800000, 0x0000000089900000|  0%| F|  |TAMS 0x0000000089800000, 0x0000000089800000| Untracked 
| 153|0x0000000089900000, 0x0000000089900000, 0x0000000089a00000|  0%| F|  |TAMS 0x0000000089900000, 0x0000000089900000| Untracked 
| 154|0x0000000089a00000, 0x0000000089a00000, 0x0000000089b00000|  0%| F|  |TAMS 0x0000000089a00000, 0x0000000089a00000| Untracked 
| 155|0x0000000089b00000, 0x0000000089b00000, 0x0000000089c00000|  0%| F|  |TAMS 0x0000000089b00000, 0x0000000089b00000| Untracked 
| 156|0x0000000089c00000, 0x0000000089c00000, 0x0000000089d00000|  0%| F|  |TAMS 0x0000000089c00000, 0x0000000089c00000| Untracked 
| 157|0x0000000089d00000, 0x0000000089d00000, 0x0000000089e00000|  0%| F|  |TAMS 0x0000000089d00000, 0x0000000089d00000| Untracked 
| 158|0x0000000089e00000, 0x0000000089e00000, 0x0000000089f00000|  0%| F|  |TAMS 0x0000000089e00000, 0x0000000089e00000| Untracked 
| 159|0x0000000089f00000, 0x0000000089f00000, 0x000000008a000000|  0%| F|  |TAMS 0x0000000089f00000, 0x0000000089f00000| Untracked 
| 160|0x000000008a000000, 0x000000008a000000, 0x000000008a100000|  0%| F|  |TAMS 0x000000008a000000, 0x000000008a000000| Untracked 
| 161|0x000000008a100000, 0x000000008a100000, 0x000000008a200000|  0%| F|  |TAMS 0x000000008a100000, 0x000000008a100000| Untracked 
| 162|0x000000008a200000, 0x000000008a200000, 0x000000008a300000|  0%| F|  |TAMS 0x000000008a200000, 0x000000008a200000| Untracked 
| 163|0x000000008a300000, 0x000000008a300000, 0x000000008a400000|  0%| F|  |TAMS 0x000000008a300000, 0x000000008a300000| Untracked 
| 164|0x000000008a400000, 0x000000008a400000, 0x000000008a500000|  0%| F|  |TAMS 0x000000008a400000, 0x000000008a400000| Untracked 
| 165|0x000000008a500000, 0x000000008a500000, 0x000000008a600000|  0%| F|  |TAMS 0x000000008a500000, 0x000000008a500000| Untracked 
| 166|0x000000008a600000, 0x000000008a600000, 0x000000008a700000|  0%| F|  |TAMS 0x000000008a600000, 0x000000008a600000| Untracked 
| 167|0x000000008a700000, 0x000000008a700000, 0x000000008a800000|  0%| F|  |TAMS 0x000000008a700000, 0x000000008a700000| Untracked 
| 168|0x000000008a800000, 0x000000008a800000, 0x000000008a900000|  0%| F|  |TAMS 0x000000008a800000, 0x000000008a800000| Untracked 
| 169|0x000000008a900000, 0x000000008a900000, 0x000000008aa00000|  0%| F|  |TAMS 0x000000008a900000, 0x000000008a900000| Untracked 
| 170|0x000000008aa00000, 0x000000008aa00000, 0x000000008ab00000|  0%| F|  |TAMS 0x000000008aa00000, 0x000000008aa00000| Untracked 
| 171|0x000000008ab00000, 0x000000008ab00000, 0x000000008ac00000|  0%| F|  |TAMS 0x000000008ab00000, 0x000000008ab00000| Untracked 
| 172|0x000000008ac00000, 0x000000008ac00000, 0x000000008ad00000|  0%| F|  |TAMS 0x000000008ac00000, 0x000000008ac00000| Untracked 
| 173|0x000000008ad00000, 0x000000008ad00000, 0x000000008ae00000|  0%| F|  |TAMS 0x000000008ad00000, 0x000000008ad00000| Untracked 
| 174|0x000000008ae00000, 0x000000008ae00000, 0x000000008af00000|  0%| F|  |TAMS 0x000000008ae00000, 0x000000008ae00000| Untracked 
| 175|0x000000008af00000, 0x000000008af00000, 0x000000008b000000|  0%| F|  |TAMS 0x000000008af00000, 0x000000008af00000| Untracked 
| 176|0x000000008b000000, 0x000000008b100000, 0x000000008b100000|100%| S|CS|TAMS 0x000000008b000000, 0x000000008b000000| Complete 
| 177|0x000000008b100000, 0x000000008b200000, 0x000000008b200000|100%| S|CS|TAMS 0x000000008b100000, 0x000000008b100000| Complete 
| 178|0x000000008b200000, 0x000000008b300000, 0x000000008b300000|100%| S|CS|TAMS 0x000000008b200000, 0x000000008b200000| Complete 
| 179|0x000000008b300000, 0x000000008b400000, 0x000000008b400000|100%| S|CS|TAMS 0x000000008b300000, 0x000000008b300000| Complete 
| 180|0x000000008b400000, 0x000000008b500000, 0x000000008b500000|100%| S|CS|TAMS 0x000000008b400000, 0x000000008b400000| Complete 
| 181|0x000000008b500000, 0x000000008b600000, 0x000000008b600000|100%| S|CS|TAMS 0x000000008b500000, 0x000000008b500000| Complete 
| 182|0x000000008b600000, 0x000000008b600000, 0x000000008b700000|  0%| F|  |TAMS 0x000000008b600000, 0x000000008b600000| Untracked 
| 183|0x000000008b700000, 0x000000008b700000, 0x000000008b800000|  0%| F|  |TAMS 0x000000008b700000, 0x000000008b700000| Untracked 
| 184|0x000000008b800000, 0x000000008b800000, 0x000000008b900000|  0%| F|  |TAMS 0x000000008b800000, 0x000000008b800000| Untracked 
| 185|0x000000008b900000, 0x000000008b900000, 0x000000008ba00000|  0%| F|  |TAMS 0x000000008b900000, 0x000000008b900000| Untracked 
| 186|0x000000008ba00000, 0x000000008ba00000, 0x000000008bb00000|  0%| F|  |TAMS 0x000000008ba00000, 0x000000008ba00000| Untracked 
| 187|0x000000008bb00000, 0x000000008bb00000, 0x000000008bc00000|  0%| F|  |TAMS 0x000000008bb00000, 0x000000008bb00000| Untracked 
| 188|0x000000008bc00000, 0x000000008bc00000, 0x000000008bd00000|  0%| F|  |TAMS 0x000000008bc00000, 0x000000008bc00000| Untracked 
| 189|0x000000008bd00000, 0x000000008bd00000, 0x000000008be00000|  0%| F|  |TAMS 0x000000008bd00000, 0x000000008bd00000| Untracked 
| 190|0x000000008be00000, 0x000000008be00000, 0x000000008bf00000|  0%| F|  |TAMS 0x000000008be00000, 0x000000008be00000| Untracked 
| 191|0x000000008bf00000, 0x000000008bf00000, 0x000000008c000000|  0%| F|  |TAMS 0x000000008bf00000, 0x000000008bf00000| Untracked 
| 192|0x000000008c000000, 0x000000008c000000, 0x000000008c100000|  0%| F|  |TAMS 0x000000008c000000, 0x000000008c000000| Untracked 
| 193|0x000000008c100000, 0x000000008c100000, 0x000000008c200000|  0%| F|  |TAMS 0x000000008c100000, 0x000000008c100000| Untracked 
| 194|0x000000008c200000, 0x000000008c200000, 0x000000008c300000|  0%| F|  |TAMS 0x000000008c200000, 0x000000008c200000| Untracked 
| 195|0x000000008c300000, 0x000000008c300000, 0x000000008c400000|  0%| F|  |TAMS 0x000000008c300000, 0x000000008c300000| Untracked 
| 196|0x000000008c400000, 0x000000008c400000, 0x000000008c500000|  0%| F|  |TAMS 0x000000008c400000, 0x000000008c400000| Untracked 
| 197|0x000000008c500000, 0x000000008c500000, 0x000000008c600000|  0%| F|  |TAMS 0x000000008c500000, 0x000000008c500000| Untracked 
| 198|0x000000008c600000, 0x000000008c600000, 0x000000008c700000|  0%| F|  |TAMS 0x000000008c600000, 0x000000008c600000| Untracked 
| 199|0x000000008c700000, 0x000000008c700000, 0x000000008c800000|  0%| F|  |TAMS 0x000000008c700000, 0x000000008c700000| Untracked 
| 200|0x000000008c800000, 0x000000008c800000, 0x000000008c900000|  0%| F|  |TAMS 0x000000008c800000, 0x000000008c800000| Untracked 
| 201|0x000000008c900000, 0x000000008c900000, 0x000000008ca00000|  0%| F|  |TAMS 0x000000008c900000, 0x000000008c900000| Untracked 
| 202|0x000000008ca00000, 0x000000008ca00000, 0x000000008cb00000|  0%| F|  |TAMS 0x000000008ca00000, 0x000000008ca00000| Untracked 
| 203|0x000000008cb00000, 0x000000008cb00000, 0x000000008cc00000|  0%| F|  |TAMS 0x000000008cb00000, 0x000000008cb00000| Untracked 
| 204|0x000000008cc00000, 0x000000008cc00000, 0x000000008cd00000|  0%| F|  |TAMS 0x000000008cc00000, 0x000000008cc00000| Untracked 
| 205|0x000000008cd00000, 0x000000008cd00000, 0x000000008ce00000|  0%| F|  |TAMS 0x000000008cd00000, 0x000000008cd00000| Untracked 
| 206|0x000000008ce00000, 0x000000008ce00000, 0x000000008cf00000|  0%| F|  |TAMS 0x000000008ce00000, 0x000000008ce00000| Untracked 
| 207|0x000000008cf00000, 0x000000008cf00000, 0x000000008d000000|  0%| F|  |TAMS 0x000000008cf00000, 0x000000008cf00000| Untracked 
| 208|0x000000008d000000, 0x000000008d000000, 0x000000008d100000|  0%| F|  |TAMS 0x000000008d000000, 0x000000008d000000| Untracked 
| 209|0x000000008d100000, 0x000000008d100000, 0x000000008d200000|  0%| F|  |TAMS 0x000000008d100000, 0x000000008d100000| Untracked 
| 210|0x000000008d200000, 0x000000008d200000, 0x000000008d300000|  0%| F|  |TAMS 0x000000008d200000, 0x000000008d200000| Untracked 
| 211|0x000000008d300000, 0x000000008d300000, 0x000000008d400000|  0%| F|  |TAMS 0x000000008d300000, 0x000000008d300000| Untracked 
| 212|0x000000008d400000, 0x000000008d400000, 0x000000008d500000|  0%| F|  |TAMS 0x000000008d400000, 0x000000008d400000| Untracked 
| 213|0x000000008d500000, 0x000000008d500000, 0x000000008d600000|  0%| F|  |TAMS 0x000000008d500000, 0x000000008d500000| Untracked 
| 214|0x000000008d600000, 0x000000008d600000, 0x000000008d700000|  0%| F|  |TAMS 0x000000008d600000, 0x000000008d600000| Untracked 
| 215|0x000000008d700000, 0x000000008d700000, 0x000000008d800000|  0%| F|  |TAMS 0x000000008d700000, 0x000000008d700000| Untracked 
| 216|0x000000008d800000, 0x000000008d800000, 0x000000008d900000|  0%| F|  |TAMS 0x000000008d800000, 0x000000008d800000| Untracked 
| 217|0x000000008d900000, 0x000000008d900000, 0x000000008da00000|  0%| F|  |TAMS 0x000000008d900000, 0x000000008d900000| Untracked 
| 218|0x000000008da00000, 0x000000008da00000, 0x000000008db00000|  0%| F|  |TAMS 0x000000008da00000, 0x000000008da00000| Untracked 
| 219|0x000000008db00000, 0x000000008db00000, 0x000000008dc00000|  0%| F|  |TAMS 0x000000008db00000, 0x000000008db00000| Untracked 
| 220|0x000000008dc00000, 0x000000008dc00000, 0x000000008dd00000|  0%| F|  |TAMS 0x000000008dc00000, 0x000000008dc00000| Untracked 
| 221|0x000000008dd00000, 0x000000008dd00000, 0x000000008de00000|  0%| F|  |TAMS 0x000000008dd00000, 0x000000008dd00000| Untracked 
| 222|0x000000008de00000, 0x000000008de00000, 0x000000008df00000|  0%| F|  |TAMS 0x000000008de00000, 0x000000008de00000| Untracked 
| 223|0x000000008df00000, 0x000000008df00000, 0x000000008e000000|  0%| F|  |TAMS 0x000000008df00000, 0x000000008df00000| Untracked 
| 224|0x000000008e000000, 0x000000008e000000, 0x000000008e100000|  0%| F|  |TAMS 0x000000008e000000, 0x000000008e000000| Untracked 
| 225|0x000000008e100000, 0x000000008e100000, 0x000000008e200000|  0%| F|  |TAMS 0x000000008e100000, 0x000000008e100000| Untracked 
| 226|0x000000008e200000, 0x000000008e200000, 0x000000008e300000|  0%| F|  |TAMS 0x000000008e200000, 0x000000008e200000| Untracked 
| 227|0x000000008e300000, 0x000000008e300000, 0x000000008e400000|  0%| F|  |TAMS 0x000000008e300000, 0x000000008e300000| Untracked 
| 228|0x000000008e400000, 0x000000008e400000, 0x000000008e500000|  0%| F|  |TAMS 0x000000008e400000, 0x000000008e400000| Untracked 

Card table byte_map: [0x0000017a7bec0000,0x0000017a7c2c0000] _byte_map_base: 0x0000017a7bac0000

Marking Bits (Prev, Next): (CMBitMap*) 0x0000017a79c1a870, (CMBitMap*) 0x0000017a79c1a830
 Prev Bits: [0x0000017a16a60000, 0x0000017a18a60000)
 Next Bits: [0x0000017a7c6c0000, 0x0000017a7e6c0000)

Polling page: 0x0000017a79c80000

Metaspace:

Usage:
  Non-class:     81.80 MB used.
      Class:     13.41 MB used.
       Both:     95.21 MB used.

Virtual space:
  Non-class space:      128.00 MB reserved,      82.44 MB ( 64%) committed,  2 nodes.
      Class space:      416.00 MB reserved,      13.94 MB (  3%) committed,  1 nodes.
             Both:      544.00 MB reserved,      96.38 MB ( 18%) committed. 

Chunk freelists:
   Non-Class:  13.48 MB
       Class:  2.10 MB
        Both:  15.59 MB

MaxMetaspaceSize: 512.00 MB
CompressedClassSpaceSize: 416.00 MB
Initial GC threshold: 21.00 MB
Current GC threshold: 159.00 MB
CDS: on
MetaspaceReclaimPolicy: balanced
 - commit_granule_bytes: 65536.
 - commit_granule_words: 8192.
 - virtual_space_node_default_size: 8388608.
 - enlarge_chunks_in_place: 1.
 - new_chunks_are_fully_committed: 0.
 - uncommit_free_chunks: 1.
 - use_allocation_guard: 0.
 - handle_deallocations: 1.


Internal statistics:

num_allocs_failed_limit: 6.
num_arena_births: 1346.
num_arena_deaths: 0.
num_vsnodes_births: 3.
num_vsnodes_deaths: 0.
num_space_committed: 1542.
num_space_uncommitted: 0.
num_chunks_returned_to_freelist: 6.
num_chunks_taken_from_freelist: 5671.
num_chunk_merges: 3.
num_chunk_splits: 3610.
num_chunks_enlarged: 2289.
num_inconsistent_stats: 0.

CodeHeap 'non-profiled nmethods': size=120000Kb used=7533Kb max_used=7533Kb free=112466Kb
 bounds [0x0000017a0f530000, 0x0000017a0fc90000, 0x0000017a16a60000]
CodeHeap 'profiled nmethods': size=120000Kb used=23747Kb max_used=23747Kb free=96252Kb
 bounds [0x0000017a07a60000, 0x0000017a091a0000, 0x0000017a0ef90000]
CodeHeap 'non-nmethods': size=5760Kb used=2406Kb max_used=2492Kb free=3353Kb
 bounds [0x0000017a0ef90000, 0x0000017a0f220000, 0x0000017a0f530000]
 total_blobs=12579 nmethods=11634 adapters=857
 compilation: enabled
              stopped_count=0, restarted_count=0
 full_count=0

Compilation events (20 events):
Event: 101.548 Thread 0x0000017a7ece4130 13196       3       org.gradle.api.internal.artifacts.ivyservice.ivyresolve.CachingModuleComponentRepository::access$1400 (6 bytes)
Event: 101.549 Thread 0x0000017a7ece4130 nmethod 13196 0x0000017a0918b310 code [0x0000017a0918b4e0, 0x0000017a0918b8e8]
Event: 101.549 Thread 0x0000017a7ece4130 13197       3       org.gradle.api.internal.artifacts.ivyservice.modulecache.artifacts.DefaultModuleArtifactCache::lookup (14 bytes)
Event: 101.549 Thread 0x0000017a7ece4130 nmethod 13197 0x0000017a0918ba90 code [0x0000017a0918bc60, 0x0000017a0918c098]
Event: 101.550 Thread 0x0000017a7ece4130 13198       3       org.gradle.api.internal.artifacts.ivyservice.resolutionstrategy.DefaultCachePolicy$CachedArtifactResolutionControl::<init> (14 bytes)
Event: 101.550 Thread 0x0000017a7ece4130 nmethod 13198 0x0000017a0918c210 code [0x0000017a0918c3a0, 0x0000017a0918c4e8]
Event: 101.550 Thread 0x0000017a7ece4130 13199       3       org.gradle.api.internal.artifacts.ivyservice.resolutionstrategy.DefaultCachePolicy$CachedArtifactResolutionControl::<init> (23 bytes)
Event: 101.550 Thread 0x0000017a7ece4130 nmethod 13199 0x0000017a0918c610 code [0x0000017a0918c7c0, 0x0000017a0918c988]
Event: 101.550 Thread 0x0000017a7ece4130 13200       3       org.gradle.api.internal.artifacts.ivyservice.resolutionstrategy.DefaultCachePolicy$$Lambda$748/0x0000017a1c5eabd0::execute (16 bytes)
Event: 101.551 Thread 0x0000017a7ece4130 nmethod 13200 0x0000017a0918ca90 code [0x0000017a0918cc60, 0x0000017a0918d108]
Event: 101.551 Thread 0x0000017a7ece4130 13201       3       org.gradle.api.internal.artifacts.ivyservice.resolutionstrategy.DefaultCachePolicy::lambda$cacheMissingArtifactsFor$3 (18 bytes)
Event: 101.551 Thread 0x0000017a7ece4130 nmethod 13201 0x0000017a0918d290 code [0x0000017a0918d440, 0x0000017a0918d748]
Event: 101.551 Thread 0x0000017a7ece4130 13202       3       org.gradle.internal.resolve.result.DefaultBuildableArtifactFileResolveResult::getFailure (8 bytes)
Event: 101.552 Thread 0x0000017a7ece4130 nmethod 13202 0x0000017a0918d890 code [0x0000017a0918da60, 0x0000017a0918e048]
Event: 101.552 Thread 0x0000017a7ece4130 13203       3       org.gradle.internal.resolve.result.DefaultBuildableTypedResolveResult::getFailure (9 bytes)
Event: 101.553 Thread 0x0000017a7ece4130 nmethod 13203 0x0000017a0918e210 code [0x0000017a0918e3e0, 0x0000017a0918e868]
Event: 101.564 Thread 0x0000017a7ece4130 13204       3       org.gradle.api.internal.artifacts.ivyservice.ivyresolve.CachingModuleComponentRepository$LocateInCacheRepositoryAccess::resolveArtifactFromCache (286 bytes)
Event: 101.568 Thread 0x0000017a7ece4130 nmethod 13204 0x0000017a0918e990 code [0x0000017a0918ee60, 0x0000017a09191838]
Event: 101.569 Thread 0x0000017a3d5c4df0 13205       4       com.google.common.collect.MapMakerInternalMap$Segment::drainKeyReferenceQueue (42 bytes)
Event: 101.569 Thread 0x0000017a7ecde3f0 13206       4       com.google.common.collect.MapMakerInternalMap$WeakKeyDummyValueSegment::maybeDrainReferenceQueues (9 bytes)

GC Heap History (20 events):
Event: 91.042 GC heap after
{Heap after GC invocations=53 (full 0):
 garbage-first heap   total 158720K, used 102815K [0x0000000080000000, 0x0000000100000000)
  region size 1024K, 3 young (3072K), 3 survivors (3072K)
 Metaspace       used 86550K, committed 87424K, reserved 557056K
  class space    used 12107K, committed 12544K, reserved 425984K
}
Event: 92.089 GC heap before
{Heap before GC invocations=53 (full 0):
 garbage-first heap   total 158720K, used 132511K [0x0000000080000000, 0x0000000100000000)
  region size 1024K, 32 young (32768K), 3 survivors (3072K)
 Metaspace       used 88568K, committed 89472K, reserved 557056K
  class space    used 12543K, committed 12992K, reserved 425984K
}
Event: 92.094 GC heap after
{Heap after GC invocations=54 (full 0):
 garbage-first heap   total 158720K, used 102388K [0x0000000080000000, 0x0000000100000000)
  region size 1024K, 2 young (2048K), 2 survivors (2048K)
 Metaspace       used 88568K, committed 89472K, reserved 557056K
  class space    used 12543K, committed 12992K, reserved 425984K
}
Event: 93.041 GC heap before
{Heap before GC invocations=55 (full 0):
 garbage-first heap   total 186368K, used 131060K [0x0000000080000000, 0x0000000100000000)
  region size 1024K, 30 young (30720K), 2 survivors (2048K)
 Metaspace       used 90306K, committed 91200K, reserved 557056K
  class space    used 12799K, committed 13248K, reserved 425984K
}
Event: 93.050 GC heap after
{Heap after GC invocations=56 (full 0):
 garbage-first heap   total 186368K, used 103588K [0x0000000080000000, 0x0000000100000000)
  region size 1024K, 3 young (3072K), 3 survivors (3072K)
 Metaspace       used 90306K, committed 91200K, reserved 557056K
  class space    used 12799K, committed 13248K, reserved 425984K
}
Event: 93.233 GC heap before
{Heap before GC invocations=56 (full 0):
 garbage-first heap   total 186368K, used 109732K [0x0000000080000000, 0x0000000100000000)
  region size 1024K, 9 young (9216K), 3 survivors (3072K)
 Metaspace       used 90656K, committed 91520K, reserved 557056K
  class space    used 12855K, committed 13312K, reserved 425984K
}
Event: 93.240 GC heap after
{Heap after GC invocations=57 (full 0):
 garbage-first heap   total 186368K, used 103416K [0x0000000080000000, 0x0000000100000000)
  region size 1024K, 1 young (1024K), 1 survivors (1024K)
 Metaspace       used 90656K, committed 91520K, reserved 557056K
  class space    used 12855K, committed 13312K, reserved 425984K
}
Event: 94.838 GC heap before
{Heap before GC invocations=57 (full 0):
 garbage-first heap   total 186368K, used 154616K [0x0000000080000000, 0x0000000100000000)
  region size 1024K, 51 young (52224K), 1 survivors (1024K)
 Metaspace       used 92879K, committed 93696K, reserved 557056K
  class space    used 13145K, committed 13568K, reserved 425984K
}
Event: 94.846 GC heap after
{Heap after GC invocations=58 (full 0):
 garbage-first heap   total 186368K, used 106838K [0x0000000080000000, 0x0000000100000000)
  region size 1024K, 4 young (4096K), 4 survivors (4096K)
 Metaspace       used 92879K, committed 93696K, reserved 557056K
  class space    used 13145K, committed 13568K, reserved 425984K
}
Event: 96.297 GC heap before
{Heap before GC invocations=58 (full 0):
 garbage-first heap   total 186368K, used 154966K [0x0000000080000000, 0x0000000100000000)
  region size 1024K, 51 young (52224K), 4 survivors (4096K)
 Metaspace       used 94511K, committed 95488K, reserved 557056K
  class space    used 13409K, committed 13888K, reserved 425984K
}
Event: 96.311 GC heap after
{Heap after GC invocations=59 (full 0):
 garbage-first heap   total 186368K, used 112604K [0x0000000080000000, 0x0000000100000000)
  region size 1024K, 6 young (6144K), 6 survivors (6144K)
 Metaspace       used 94511K, committed 95488K, reserved 557056K
  class space    used 13409K, committed 13888K, reserved 425984K
}
Event: 97.862 GC heap before
{Heap before GC invocations=59 (full 0):
 garbage-first heap   total 186368K, used 155612K [0x0000000080000000, 0x0000000100000000)
  region size 1024K, 47 young (48128K), 6 survivors (6144K)
 Metaspace       used 96293K, committed 97280K, reserved 557056K
  class space    used 13592K, committed 14080K, reserved 425984K
}
Event: 97.877 GC heap after
{Heap after GC invocations=60 (full 0):
 garbage-first heap   total 186368K, used 123348K [0x0000000080000000, 0x0000000100000000)
  region size 1024K, 6 young (6144K), 6 survivors (6144K)
 Metaspace       used 96293K, committed 97280K, reserved 557056K
  class space    used 13592K, committed 14080K, reserved 425984K
}
Event: 98.802 GC heap before
{Heap before GC invocations=60 (full 0):
 garbage-first heap   total 186368K, used 154068K [0x0000000080000000, 0x0000000100000000)
  region size 1024K, 35 young (35840K), 6 survivors (6144K)
 Metaspace       used 96593K, committed 97536K, reserved 557056K
  class space    used 13617K, committed 14080K, reserved 425984K
}
Event: 98.815 GC heap after
{Heap after GC invocations=61 (full 0):
 garbage-first heap   total 186368K, used 132435K [0x0000000080000000, 0x0000000100000000)
  region size 1024K, 5 young (5120K), 5 survivors (5120K)
 Metaspace       used 96593K, committed 97536K, reserved 557056K
  class space    used 13617K, committed 14080K, reserved 425984K
}
Event: 99.463 GC heap before
{Heap before GC invocations=62 (full 0):
 garbage-first heap   total 234496K, used 152915K [0x0000000080000000, 0x0000000100000000)
  region size 1024K, 25 young (25600K), 5 survivors (5120K)
 Metaspace       used 96802K, committed 97856K, reserved 557056K
  class space    used 13645K, committed 14144K, reserved 425984K
}
Event: 99.475 GC heap after
{Heap after GC invocations=63 (full 0):
 garbage-first heap   total 234496K, used 136081K [0x0000000080000000, 0x0000000100000000)
  region size 1024K, 4 young (4096K), 4 survivors (4096K)
 Metaspace       used 96802K, committed 97856K, reserved 557056K
  class space    used 13645K, committed 14144K, reserved 425984K
}
Event: 99.751 GC heap before
{Heap before GC invocations=63 (full 0):
 garbage-first heap   total 234496K, used 143249K [0x0000000080000000, 0x0000000100000000)
  region size 1024K, 11 young (11264K), 4 survivors (4096K)
 Metaspace       used 97088K, committed 98176K, reserved 557056K
  class space    used 13695K, committed 14208K, reserved 425984K
}
Event: 99.760 GC heap after
{Heap after GC invocations=64 (full 0):
 garbage-first heap   total 234496K, used 135965K [0x0000000080000000, 0x0000000100000000)
  region size 1024K, 2 young (2048K), 2 survivors (2048K)
 Metaspace       used 97088K, committed 98176K, reserved 557056K
  class space    used 13695K, committed 14208K, reserved 425984K
}
Event: 101.581 GC heap before
{Heap before GC invocations=64 (full 0):
 garbage-first heap   total 234496K, used 181021K [0x0000000080000000, 0x0000000100000000)
  region size 1024K, 47 young (48128K), 2 survivors (2048K)
 Metaspace       used 97498K, committed 98688K, reserved 557056K
  class space    used 13733K, committed 14272K, reserved 425984K
}

Dll operation events (15 events):
Event: 0.021 Loaded shared library C:\Program Files\Microsoft\jdk-17.0.10.7-hotspot\bin\java.dll
Event: 0.055 Loaded shared library C:\Program Files\Microsoft\jdk-17.0.10.7-hotspot\bin\jsvml.dll
Event: 0.334 Loaded shared library C:\Program Files\Microsoft\jdk-17.0.10.7-hotspot\bin\zip.dll
Event: 0.339 Loaded shared library C:\Program Files\Microsoft\jdk-17.0.10.7-hotspot\bin\instrument.dll
Event: 0.351 Loaded shared library C:\Program Files\Microsoft\jdk-17.0.10.7-hotspot\bin\net.dll
Event: 0.354 Loaded shared library C:\Program Files\Microsoft\jdk-17.0.10.7-hotspot\bin\nio.dll
Event: 0.361 Loaded shared library C:\Program Files\Microsoft\jdk-17.0.10.7-hotspot\bin\zip.dll
Event: 0.874 Loaded shared library C:\Program Files\Microsoft\jdk-17.0.10.7-hotspot\bin\jimage.dll
Event: 1.110 Loaded shared library C:\Program Files\Microsoft\jdk-17.0.10.7-hotspot\bin\verify.dll
Event: 1.578 Loaded shared library C:\Users\user\.gradle\native\c067742578af261105cb4f569cf0c3c89f3d7b1fecec35dd04571415982c5e48\windows-amd64\native-platform.dll
Event: 1.607 Loaded shared library C:\Users\user\.gradle\native\38dada09dfb8b06ba9b0570ebf7e218e3eb74d4ef43ca46872605cf95ebc2f47\windows-amd64\native-platform-file-events.dll
Event: 6.085 Loaded shared library C:\Program Files\Microsoft\jdk-17.0.10.7-hotspot\bin\management.dll
Event: 6.092 Loaded shared library C:\Program Files\Microsoft\jdk-17.0.10.7-hotspot\bin\management_ext.dll
Event: 6.713 Loaded shared library C:\Program Files\Microsoft\jdk-17.0.10.7-hotspot\bin\extnet.dll
Event: 7.835 Loaded shared library C:\Program Files\Microsoft\jdk-17.0.10.7-hotspot\bin\sunmscapi.dll

Deoptimization events (20 events):
Event: 101.562 Thread 0x0000017a3f1ad000 Uncommon trap: trap_request=0xffffff45 fr.pc=0x0000017a0f602bf4 relative=0x0000000000001494
Event: 101.562 Thread 0x0000017a3f1ad000 Uncommon trap: reason=unstable_if action=reinterpret pc=0x0000017a0f602bf4 method=java.util.concurrent.ConcurrentHashMap.transfer([Ljava/util/concurrent/ConcurrentHashMap$Node;[Ljava/util/concurrent/ConcurrentHashMap$Node;)V @ 34 c2
Event: 101.562 Thread 0x0000017a3f1ad000 DEOPT PACKING pc=0x0000017a0f602bf4 sp=0x0000004cbdcfe420
Event: 101.562 Thread 0x0000017a3f1ad000 DEOPT UNPACKING pc=0x0000017a0efe69a3 sp=0x0000004cbdcfe3d0 mode 2
Event: 101.563 Thread 0x0000017a3f1ada20 Uncommon trap: trap_request=0xffffff45 fr.pc=0x0000017a0f602d18 relative=0x00000000000015b8
Event: 101.563 Thread 0x0000017a3f1ada20 Uncommon trap: reason=unstable_if action=reinterpret pc=0x0000017a0f602d18 method=java.util.concurrent.ConcurrentHashMap.transfer([Ljava/util/concurrent/ConcurrentHashMap$Node;[Ljava/util/concurrent/ConcurrentHashMap$Node;)V @ 273 c2
Event: 101.563 Thread 0x0000017a3f1ada20 DEOPT PACKING pc=0x0000017a0f602d18 sp=0x0000004cbdbfe6a0
Event: 101.563 Thread 0x0000017a3f1ada20 DEOPT UNPACKING pc=0x0000017a0efe69a3 sp=0x0000004cbdbfe630 mode 2
Event: 101.563 Thread 0x0000017a3f1ada20 Uncommon trap: trap_request=0xffffff45 fr.pc=0x0000017a0fc16d08 relative=0x00000000000016e8
Event: 101.563 Thread 0x0000017a3f1ada20 Uncommon trap: reason=unstable_if action=reinterpret pc=0x0000017a0fc16d08 method=java.util.concurrent.ConcurrentHashMap.addCount(JI)V @ 171 c2
Event: 101.563 Thread 0x0000017a3f1ada20 DEOPT PACKING pc=0x0000017a0fc16d08 sp=0x0000004cbdbfe7a0
Event: 101.563 Thread 0x0000017a3f1ada20 DEOPT UNPACKING pc=0x0000017a0efe69a3 sp=0x0000004cbdbfe660 mode 2
Event: 101.568 Thread 0x0000017a3f1ada20 Uncommon trap: trap_request=0xffffffde fr.pc=0x0000017a0fa760b8 relative=0x0000000000000298
Event: 101.568 Thread 0x0000017a3f1ada20 Uncommon trap: reason=class_check action=maybe_recompile pc=0x0000017a0fa760b8 method=java.util.concurrent.ConcurrentHashMap.get(Ljava/lang/Object;)Ljava/lang/Object; @ 93 c2
Event: 101.568 Thread 0x0000017a3f1ada20 DEOPT PACKING pc=0x0000017a0fa760b8 sp=0x0000004cbdbfe4a0
Event: 101.568 Thread 0x0000017a3f1ada20 DEOPT UNPACKING pc=0x0000017a0efe69a3 sp=0x0000004cbdbfe3f8 mode 2
Event: 101.572 Thread 0x0000017a3f1ad510 Uncommon trap: trap_request=0xffffffde fr.pc=0x0000017a0fa760b8 relative=0x0000000000000298
Event: 101.572 Thread 0x0000017a3f1ad510 Uncommon trap: reason=class_check action=maybe_recompile pc=0x0000017a0fa760b8 method=java.util.concurrent.ConcurrentHashMap.get(Ljava/lang/Object;)Ljava/lang/Object; @ 93 c2
Event: 101.572 Thread 0x0000017a3f1ad510 DEOPT PACKING pc=0x0000017a0fa760b8 sp=0x0000004cbddfe450
Event: 101.572 Thread 0x0000017a3f1ad510 DEOPT UNPACKING pc=0x0000017a0efe69a3 sp=0x0000004cbddfe3a8 mode 2

Classes unloaded (0 events):
No events

Classes redefined (0 events):
No events

Internal exceptions (20 events):
Event: 99.623 Thread 0x0000017a1ac57340 Exception <a 'java/lang/ClassNotFoundException'{0x000000008e1e8f28}: firebase_json_4fw5ph5yimqlgid0hwthy2knmBeanInfo> (0x000000008e1e8f28) 
thrown [s\src\hotspot\share\classfile\systemDictionary.cpp, line 256]
Event: 99.624 Thread 0x0000017a1ac57340 Exception <a 'java/lang/ClassNotFoundException'{0x000000008e1f3578}: firebase_json_4fw5ph5yimqlgid0hwthy2knmCustomizer> (0x000000008e1f3578) 
thrown [s\src\hotspot\share\classfile\systemDictionary.cpp, line 256]
Event: 99.715 Thread 0x0000017a1ac57340 Exception <a 'java/lang/ClassNotFoundException'{0x000000008df8a820}: com/android/build/gradle/internal/dsl/PackagingOptions$AgpDecorated_DecoratedBeanInfo> (0x000000008df8a820) 
thrown [s\src\hotspot\share\classfile\systemDictionary.cpp, line 256]
Event: 99.716 Thread 0x0000017a1ac57340 Exception <a 'java/lang/ClassNotFoundException'{0x000000008df99d80}: com/android/build/gradle/internal/dsl/PackagingOptions$AgpDecoratedBeanInfo> (0x000000008df99d80) 
thrown [s\src\hotspot\share\classfile\systemDictionary.cpp, line 256]
Event: 99.717 Thread 0x0000017a1ac57340 Exception <a 'java/lang/ClassNotFoundException'{0x000000008dfa9380}: com/android/build/gradle/internal/dsl/PackagingOptionsBeanInfo> (0x000000008dfa9380) 
thrown [s\src\hotspot\share\classfile\systemDictionary.cpp, line 256]
Event: 99.719 Thread 0x0000017a1ac57340 Exception <a 'java/lang/ClassNotFoundException'{0x000000008dfb89b8}: com/android/build/gradle/internal/dsl/PackagingOptionsCustomizer> (0x000000008dfb89b8) 
thrown [s\src\hotspot\share\classfile\systemDictionary.cpp, line 256]
Event: 99.721 Thread 0x0000017a1ac57340 Exception <a 'java/lang/ClassNotFoundException'{0x000000008dfd0af0}: com/android/build/gradle/internal/dsl/PackagingOptions$AgpDecoratedCustomizer> (0x000000008dfd0af0) 
thrown [s\src\hotspot\share\classfile\systemDictionary.cpp, line 256]
Event: 99.723 Thread 0x0000017a1ac57340 Exception <a 'java/lang/ClassNotFoundException'{0x000000008dff57e0}: com/android/build/gradle/internal/dsl/PackagingOptions$AgpDecorated_DecoratedCustomizer> (0x000000008dff57e0) 
thrown [s\src\hotspot\share\classfile\systemDictionary.cpp, line 256]
Event: 99.734 Thread 0x0000017a1ac57340 Exception <a 'java/lang/ClassNotFoundException'{0x000000008de61108}: io/invertase/gradle/common/UtilitiesBeanInfo> (0x000000008de61108) 
thrown [s\src\hotspot\share\classfile\systemDictionary.cpp, line 256]
Event: 99.735 Thread 0x0000017a1ac57340 Exception <a 'java/lang/ClassNotFoundException'{0x000000008de6f210}: io/invertase/gradle/common/UtilitiesCustomizer> (0x000000008de6f210) 
thrown [s\src\hotspot\share\classfile\systemDictionary.cpp, line 256]
Event: 99.741 Thread 0x0000017a1ac57340 Exception <a 'java/lang/ClassNotFoundException'{0x000000008dea2928}: org/gradle/util/GradleVersionBeanInfo> (0x000000008dea2928) 
thrown [s\src\hotspot\share\classfile\systemDictionary.cpp, line 256]
Event: 99.743 Thread 0x0000017a1ac57340 Exception <a 'java/lang/ClassNotFoundException'{0x000000008deb7c18}: org/gradle/util/GradleVersionCustomizer> (0x000000008deb7c18) 
thrown [s\src\hotspot\share\classfile\systemDictionary.cpp, line 256]
Event: 99.750 Thread 0x0000017a1ac57340 Exception <a 'java/lang/ClassNotFoundException'{0x000000008def7cd8}: org/gradle/util/internal/DefaultGradleVersionBeanInfo> (0x000000008def7cd8) 
thrown [s\src\hotspot\share\classfile\systemDictionary.cpp, line 256]
Event: 99.763 Thread 0x0000017a1ac57340 Exception <a 'java/lang/ClassNotFoundException'{0x000000008e420380}: org/gradle/util/internal/DefaultGradleVersionCustomizer> (0x000000008e420380) 
thrown [s\src\hotspot\share\classfile\systemDictionary.cpp, line 256]
Event: 99.966 Thread 0x0000017a1ac57340 Exception <a 'java/lang/ClassNotFoundException'{0x000000008de839f0}: build_d6oy5sgwn1kpg0zhc5yjhohqpBeanInfo> (0x000000008de839f0) 
thrown [s\src\hotspot\share\classfile\systemDictionary.cpp, line 256]
Event: 99.984 Thread 0x0000017a1ac57340 Exception <a 'java/lang/ClassNotFoundException'{0x000000008de8a320}: build_d6oy5sgwn1kpg0zhc5yjhohqpCustomizer> (0x000000008de8a320) 
thrown [s\src\hotspot\share\classfile\systemDictionary.cpp, line 256]
Event: 100.197 Thread 0x0000017a1ac57340 Exception <a 'java/lang/ClassNotFoundException'{0x000000008d8cfa88}: build_d6oy5sgwn1kpg0zhc5yjhohqpBeanInfo> (0x000000008d8cfa88) 
thrown [s\src\hotspot\share\classfile\systemDictionary.cpp, line 256]
Event: 100.197 Thread 0x0000017a1ac57340 Exception <a 'java/lang/ClassNotFoundException'{0x000000008d8d6358}: build_d6oy5sgwn1kpg0zhc5yjhohqpCustomizer> (0x000000008d8d6358) 
thrown [s\src\hotspot\share\classfile\systemDictionary.cpp, line 256]
Event: 100.481 Thread 0x0000017a1ac57340 Exception <a 'java/lang/ClassNotFoundException'{0x000000008d2ccd98}: build_9pspofuss4fclbpxdoke3wi58BeanInfo> (0x000000008d2ccd98) 
thrown [s\src\hotspot\share\classfile\systemDictionary.cpp, line 256]
Event: 100.481 Thread 0x0000017a1ac57340 Exception <a 'java/lang/ClassNotFoundException'{0x000000008d2d36c8}: build_9pspofuss4fclbpxdoke3wi58Customizer> (0x000000008d2d36c8) 
thrown [s\src\hotspot\share\classfile\systemDictionary.cpp, line 256]

VM Operations (20 events):
Event: 98.815 Executing VM operation: G1CollectForAllocation done
Event: 99.120 Executing VM operation: HandshakeAllThreads
Event: 99.133 Executing VM operation: HandshakeAllThreads done
Event: 99.134 Executing VM operation: G1PauseRemark
Event: 99.144 Executing VM operation: G1PauseRemark done
Event: 99.288 Executing VM operation: G1PauseCleanup
Event: 99.288 Executing VM operation: G1PauseCleanup done
Event: 99.463 Executing VM operation: G1CollectForAllocation
Event: 99.475 Executing VM operation: G1CollectForAllocation done
Event: 99.539 Executing VM operation: HandshakeAllThreads
Event: 99.539 Executing VM operation: HandshakeAllThreads done
Event: 99.542 Executing VM operation: HandshakeAllThreads
Event: 99.542 Executing VM operation: HandshakeAllThreads done
Event: 99.547 Executing VM operation: HandshakeAllThreads
Event: 99.547 Executing VM operation: HandshakeAllThreads done
Event: 99.751 Executing VM operation: G1CollectForAllocation
Event: 99.760 Executing VM operation: G1CollectForAllocation done
Event: 100.764 Executing VM operation: Cleanup
Event: 100.765 Executing VM operation: Cleanup done
Event: 101.580 Executing VM operation: G1CollectForAllocation

Events (20 events):
Event: 99.510 loading class java/io/SerializableBeanInfo
Event: 99.510 loading class java/io/SerializableBeanInfo done
Event: 99.510 loading class java/io/SerializableCustomizer
Event: 99.510 loading class java/io/SerializableCustomizer done
Event: 99.511 loading class java/io/SerializableCustomizer
Event: 99.511 loading class java/io/SerializableCustomizer done
Event: 99.514 loading class java/lang/ClassBeanInfo
Event: 99.514 loading class java/lang/ClassBeanInfo done
Event: 99.517 loading class java/lang/ClassBeanInfo
Event: 99.517 loading class java/lang/ClassBeanInfo done
Event: 99.517 loading class java/lang/ClassCustomizer
Event: 99.517 loading class java/lang/ClassCustomizer done
Event: 99.518 loading class java/lang/ClassCustomizer
Event: 99.518 loading class java/lang/ClassCustomizer done
Event: 99.545 loading class java/io/LineNumberReader
Event: 99.545 loading class java/io/LineNumberReader done
Event: 99.564 Thread 0x0000017a3d5c4df0 Thread added: 0x0000017a3d5c4df0
Event: 100.990 Thread 0x0000017a3f1ada20 Thread added: 0x0000017a3f1ada20
Event: 100.990 Thread 0x0000017a3f1ad000 Thread added: 0x0000017a3f1ad000
Event: 100.994 Thread 0x0000017a3f1ad510 Thread added: 0x0000017a3f1ad510


Dynamic libraries:
0x00007ff7f6110000 - 0x00007ff7f611e000 	C:\Program Files\Microsoft\jdk-17.0.10.7-hotspot\bin\java.exe
0x00007ffbf0d10000 - 0x00007ffbf0f08000 	C:\Windows\SYSTEM32\ntdll.dll
0x00007ffbf07c0000 - 0x00007ffbf087d000 	C:\Windows\System32\KERNEL32.DLL
0x00007ffbee710000 - 0x00007ffbeea06000 	C:\Windows\System32\KERNELBASE.dll
0x00007ffbeebd0000 - 0x00007ffbeecd0000 	C:\Windows\System32\ucrtbase.dll
0x00007ffbc03d0000 - 0x00007ffbc03e7000 	C:\Program Files\Microsoft\jdk-17.0.10.7-hotspot\bin\jli.dll
0x00007ffbf0a70000 - 0x00007ffbf0c0f000 	C:\Windows\System32\USER32.dll
0x00007ffbeea40000 - 0x00007ffbeea62000 	C:\Windows\System32\win32u.dll
0x00007ffbf0a40000 - 0x00007ffbf0a6b000 	C:\Windows\System32\GDI32.dll
0x00007ffbee3c0000 - 0x00007ffbee4d7000 	C:\Windows\System32\gdi32full.dll
0x00007ffbee4e0000 - 0x00007ffbee57d000 	C:\Windows\System32\msvcp_win.dll
0x00007ffbc02b0000 - 0x00007ffbc02cb000 	C:\Program Files\Microsoft\jdk-17.0.10.7-hotspot\bin\VCRUNTIME140.dll
0x00007ffbdb800000 - 0x00007ffbdba9a000 	C:\Windows\WinSxS\amd64_microsoft.windows.common-controls_6595b64144ccf1df_6.0.19041.3636_none_60b6a03d71f818d5\COMCTL32.dll
0x00007ffbef700000 - 0x00007ffbef79e000 	C:\Windows\System32\msvcrt.dll
0x00007ffbef6c0000 - 0x00007ffbef6f2000 	C:\Windows\System32\IMM32.DLL
0x00007ffbc0270000 - 0x00007ffbc027c000 	C:\Program Files\Microsoft\jdk-17.0.10.7-hotspot\bin\vcruntime140_1.dll
0x00007ffbb7e50000 - 0x00007ffbb7edd000 	C:\Program Files\Microsoft\jdk-17.0.10.7-hotspot\bin\msvcp140.dll
0x00007ffb58d30000 - 0x00007ffb59995000 	C:\Program Files\Microsoft\jdk-17.0.10.7-hotspot\bin\server\jvm.dll
0x00007ffbf0010000 - 0x00007ffbf00c0000 	C:\Windows\System32\ADVAPI32.dll
0x00007ffbf00c0000 - 0x00007ffbf0160000 	C:\Windows\System32\sechost.dll
0x00007ffbf0910000 - 0x00007ffbf0a33000 	C:\Windows\System32\RPCRT4.dll
0x00007ffbeea10000 - 0x00007ffbeea37000 	C:\Windows\System32\bcrypt.dll
0x00007ffbed8c0000 - 0x00007ffbed90b000 	C:\Windows\SYSTEM32\POWRPROF.dll
0x00007ffbcddf0000 - 0x00007ffbcddf9000 	C:\Windows\SYSTEM32\WSOCK32.dll
0x00007ffbf0880000 - 0x00007ffbf08eb000 	C:\Windows\System32\WS2_32.dll
0x00007ffbdb740000 - 0x00007ffbdb767000 	C:\Windows\SYSTEM32\WINMM.dll
0x00007ffbe5690000 - 0x00007ffbe569a000 	C:\Windows\SYSTEM32\VERSION.dll
0x00007ffbed780000 - 0x00007ffbed792000 	C:\Windows\SYSTEM32\UMPDC.dll
0x00007ffbecba0000 - 0x00007ffbecbb2000 	C:\Windows\SYSTEM32\kernel.appcore.dll
0x00007ffbbff30000 - 0x00007ffbbff3a000 	C:\Program Files\Microsoft\jdk-17.0.10.7-hotspot\bin\jimage.dll
0x00007ffbeb250000 - 0x00007ffbeb434000 	C:\Windows\SYSTEM32\DBGHELP.DLL
0x00007ffbe4250000 - 0x00007ffbe4284000 	C:\Windows\SYSTEM32\dbgcore.DLL
0x00007ffbee580000 - 0x00007ffbee602000 	C:\Windows\System32\bcryptPrimitives.dll
0x00007ffbbf4a0000 - 0x00007ffbbf4ae000 	C:\Program Files\Microsoft\jdk-17.0.10.7-hotspot\bin\instrument.dll
0x00007ffbb7e20000 - 0x00007ffbb7e45000 	C:\Program Files\Microsoft\jdk-17.0.10.7-hotspot\bin\java.dll
0x00007ffbb6e80000 - 0x00007ffbb6f57000 	C:\Program Files\Microsoft\jdk-17.0.10.7-hotspot\bin\jsvml.dll
0x00007ffbef830000 - 0x00007ffbeff9b000 	C:\Windows\System32\SHELL32.dll
0x00007ffbec3c0000 - 0x00007ffbecb5e000 	C:\Windows\SYSTEM32\windows.storage.dll
0x00007ffbef1c0000 - 0x00007ffbef513000 	C:\Windows\System32\combase.dll
0x00007ffbedd10000 - 0x00007ffbedd3e000 	C:\Windows\SYSTEM32\Wldp.dll
0x00007ffbeefd0000 - 0x00007ffbef09d000 	C:\Windows\System32\OLEAUT32.dll
0x00007ffbef610000 - 0x00007ffbef6bd000 	C:\Windows\System32\SHCORE.dll
0x00007ffbf0160000 - 0x00007ffbf01b5000 	C:\Windows\System32\shlwapi.dll
0x00007ffbee2f0000 - 0x00007ffbee313000 	C:\Windows\SYSTEM32\profapi.dll
0x00007ffbbf3c0000 - 0x00007ffbbf3d8000 	C:\Program Files\Microsoft\jdk-17.0.10.7-hotspot\bin\zip.dll
0x00007ffbbf330000 - 0x00007ffbbf349000 	C:\Program Files\Microsoft\jdk-17.0.10.7-hotspot\bin\net.dll
0x00007ffbeb9b0000 - 0x00007ffbebaba000 	C:\Windows\SYSTEM32\WINHTTP.dll
0x00007ffbedaf0000 - 0x00007ffbedb5a000 	C:\Windows\system32\mswsock.dll
0x00007ffbb7e00000 - 0x00007ffbb7e16000 	C:\Program Files\Microsoft\jdk-17.0.10.7-hotspot\bin\nio.dll
0x00007ffbbcae0000 - 0x00007ffbbcaf0000 	C:\Program Files\Microsoft\jdk-17.0.10.7-hotspot\bin\verify.dll
0x00007ffbb8ea0000 - 0x00007ffbb8ec7000 	C:\Users\user\.gradle\native\c067742578af261105cb4f569cf0c3c89f3d7b1fecec35dd04571415982c5e48\windows-amd64\native-platform.dll
0x00007ffbb5790000 - 0x00007ffbb58d4000 	C:\Users\user\.gradle\native\38dada09dfb8b06ba9b0570ebf7e218e3eb74d4ef43ca46872605cf95ebc2f47\windows-amd64\native-platform-file-events.dll
0x00007ffbbc620000 - 0x00007ffbbc629000 	C:\Program Files\Microsoft\jdk-17.0.10.7-hotspot\bin\management.dll
0x00007ffbbb280000 - 0x00007ffbbb28b000 	C:\Program Files\Microsoft\jdk-17.0.10.7-hotspot\bin\management_ext.dll
0x00007ffbf0c10000 - 0x00007ffbf0c18000 	C:\Windows\System32\PSAPI.DLL
0x00007ffbedd50000 - 0x00007ffbedd68000 	C:\Windows\SYSTEM32\CRYPTSP.dll
0x00007ffbed3c0000 - 0x00007ffbed3f4000 	C:\Windows\system32\rsaenh.dll
0x00007ffbee2b0000 - 0x00007ffbee2de000 	C:\Windows\SYSTEM32\USERENV.dll
0x00007ffbedc80000 - 0x00007ffbedc8c000 	C:\Windows\SYSTEM32\CRYPTBASE.dll
0x00007ffbed7a0000 - 0x00007ffbed7db000 	C:\Windows\SYSTEM32\IPHLPAPI.DLL
0x00007ffbef580000 - 0x00007ffbef588000 	C:\Windows\System32\NSI.dll
0x00007ffbe5390000 - 0x00007ffbe53a7000 	C:\Windows\SYSTEM32\dhcpcsvc6.DLL
0x00007ffbe5330000 - 0x00007ffbe534d000 	C:\Windows\SYSTEM32\dhcpcsvc.DLL
0x00007ffbed7e0000 - 0x00007ffbed8ab000 	C:\Windows\SYSTEM32\DNSAPI.dll
0x00007ffbbade0000 - 0x00007ffbbade9000 	C:\Program Files\Microsoft\jdk-17.0.10.7-hotspot\bin\extnet.dll
0x00007ffbbab10000 - 0x00007ffbbab1e000 	C:\Program Files\Microsoft\jdk-17.0.10.7-hotspot\bin\sunmscapi.dll
0x00007ffbeea70000 - 0x00007ffbeebce000 	C:\Windows\System32\CRYPT32.dll
0x00007ffbede60000 - 0x00007ffbede88000 	C:\Windows\SYSTEM32\ncrypt.dll
0x00007ffbede20000 - 0x00007ffbede5b000 	C:\Windows\SYSTEM32\NTASN1.dll
0x00007ffbab130000 - 0x00007ffbab137000 	C:\Windows\system32\wshunix.dll
0x00007ffbd2920000 - 0x00007ffbd2937000 	C:\Windows\system32\napinsp.dll
0x00007ffbd2900000 - 0x00007ffbd291b000 	C:\Windows\system32\pnrpnsp.dll
0x00007ffbd28e0000 - 0x00007ffbd28f5000 	C:\Windows\system32\wshbth.dll
0x00007ffbe58c0000 - 0x00007ffbe58dd000 	C:\Windows\system32\NLAapi.dll
0x00007ffbd28c0000 - 0x00007ffbd28d2000 	C:\Windows\System32\winrnr.dll
0x00007ffbe26b0000 - 0x00007ffbe26ba000 	C:\Windows\System32\rasadhlp.dll
0x00007ffbdd430000 - 0x00007ffbdd4b0000 	C:\Windows\System32\fwpuclnt.dll

dbghelp: loaded successfully - version: 4.0.5 - missing functions: none
symbol engine: initialized successfully - sym options: 0x614 - pdb path: .;C:\Program Files\Microsoft\jdk-17.0.10.7-hotspot\bin;C:\Windows\SYSTEM32;C:\Windows\WinSxS\amd64_microsoft.windows.common-controls_6595b64144ccf1df_6.0.19041.3636_none_60b6a03d71f818d5;C:\Program Files\Microsoft\jdk-17.0.10.7-hotspot\bin\server;C:\Users\user\.gradle\native\c067742578af261105cb4f569cf0c3c89f3d7b1fecec35dd04571415982c5e48\windows-amd64;C:\Users\user\.gradle\native\38dada09dfb8b06ba9b0570ebf7e218e3eb74d4ef43ca46872605cf95ebc2f47\windows-amd64

VM Arguments:
jvm_args: -XX:MaxMetaspaceSize=512m --add-opens=java.base/java.util=ALL-UNNAMED --add-opens=java.base/java.lang=ALL-UNNAMED --add-opens=java.base/java.lang.invoke=ALL-UNNAMED --add-opens=java.prefs/java.util.prefs=ALL-UNNAMED --add-opens=java.base/java.nio.charset=ALL-UNNAMED --add-opens=java.base/java.net=ALL-UNNAMED --add-opens=java.base/java.util.concurrent.atomic=ALL-UNNAMED -Xmx2048m -Dfile.encoding=utf8 -Duser.country=FR -Duser.language=fr -Duser.variant -javaagent:C:\Users\user\.gradle\wrapper\dists\gradle-8.6-all\3mbtmo166bl6vumsh5k2lkq5h\gradle-8.6\lib\agents\gradle-instrumentation-agent-8.6.jar 
java_command: org.gradle.launcher.daemon.bootstrap.GradleDaemon 8.6
java_class_path (initial): C:\Users\user\.gradle\wrapper\dists\gradle-8.6-all\3mbtmo166bl6vumsh5k2lkq5h\gradle-8.6\lib\gradle-launcher-8.6.jar
Launcher Type: SUN_STANDARD

[Global flags]
     intx CICompilerCount                          = 3                                         {product} {ergonomic}
   size_t CompressedClassSpaceSize                 = 436207616                                 {product} {ergonomic}
     uint ConcGCThreads                            = 1                                         {product} {ergonomic}
     uint G1ConcRefinementThreads                  = 4                                         {product} {ergonomic}
   size_t G1HeapRegionSize                         = 1048576                                   {product} {ergonomic}
    uintx GCDrainStackTargetSize                   = 64                                        {product} {ergonomic}
   size_t InitialHeapSize                          = 132120576                                 {product} {ergonomic}
   size_t MarkStackSize                            = 4194304                                   {product} {ergonomic}
   size_t MaxHeapSize                              = 2147483648                                {product} {command line}
   size_t MaxMetaspaceSize                         = 536870912                                 {product} {command line}
   size_t MaxNewSize                               = 1287651328                                {product} {ergonomic}
   size_t MinHeapDeltaBytes                        = 1048576                                   {product} {ergonomic}
   size_t MinHeapSize                              = 8388608                                   {product} {ergonomic}
    uintx NonNMethodCodeHeapSize                   = 5832780                                {pd product} {ergonomic}
    uintx NonProfiledCodeHeapSize                  = 122912730                              {pd product} {ergonomic}
    uintx ProfiledCodeHeapSize                     = 122912730                              {pd product} {ergonomic}
    uintx ReservedCodeCacheSize                    = 251658240                              {pd product} {ergonomic}
     bool SegmentedCodeCache                       = true                                      {product} {ergonomic}
   size_t SoftMaxHeapSize                          = 2147483648                             {manageable} {ergonomic}
     bool UseCompressedClassPointers               = true                           {product lp64_product} {ergonomic}
     bool UseCompressedOops                        = true                           {product lp64_product} {ergonomic}
     bool UseG1GC                                  = true                                      {product} {ergonomic}
     bool UseLargePagesIndividualAllocation        = false                                  {pd product} {ergonomic}

Logging:
Log output configuration:
 #0: stdout all=warning uptime,level,tags
 #1: stderr all=off uptime,level,tags

Environment Variables:
JAVA_HOME=C:\Program Files\Microsoft\jdk-17.0.10.7-hotspot\
PATH=C:\Program Files\Microsoft\jdk-17.0.10.7-hotspot\bin;C:\Program Files\OpenSSL-Win64\bin;C:\Program Files\nodejs\;C:\Program Files\nodejs;C:\ProgramData\chocolatey\bin;C:\Program Files\nodejs;C:\Program Files\MySQL\MySQL Server 8.0\bin;C:\Program Files\MySQL\MySQL Shell 8.0\bin\;C:\Users\user\AppData\Local\ActiveState\StateTool\release\bin;C:\Users\user\AppData\Local\Programs\Python\Python312\Scripts\;C:\Users\user\AppData\Local\Programs\Python\Python312\;C:\Users\user\AppData\Local\Programs\Python\Launcher\;C:\Users\user\AppData\Local\activestate\cache\bin;C:\Users\user\AppData\Local\Microsoft\WindowsApps;C:\Users\user\AppData\Local\Programs\Microsoft VS Code\bin;C:\Users\user\IntelliJ IDEA Community Edition 2023.3\bin;C:\Users\user\AppData\Local\Coursier\data\bin;C:\Program Files\JetBrains\IntelliJ IDEA Community Edition 2023.3.6\bin;;C:\Users\user\AppData\Roaming\npm;C:\Users\user\Downloads\curl-8.7.1_9-win64-mingw\curl-8.7.1_9-win64-mingw\bin;C:\Users\user\AppData\Local\Android\Sdk\ndk\26.1.10909125;
USERNAME=user
OS=Windows_NT
PROCESSOR_IDENTIFIER=Intel64 Family 6 Model 142 Stepping 9, GenuineIntel
TMP=C:\Users\user\AppData\Local\Temp
TEMP=C:\Users\user\AppData\Local\Temp



Periodic native trim disabled


---------------  S Y S T E M  ---------------

OS:
 Windows 10 , 64 bit Build 19041 (10.0.19041.3636)
OS uptime: 1 days 22:23 hours
Hyper-V role detected

CPU: total 4 (initial active 4) (2 cores per cpu, 2 threads per core) family 6 model 142 stepping 9 microcode 0xf0, cx8, cmov, fxsr, ht, mmx, 3dnowpref, sse, sse2, sse3, ssse3, sse4.1, sse4.2, popcnt, lzcnt, tsc, tscinvbit, avx, avx2, aes, erms, clmul, bmi1, bmi2, rtm, adx, fma, vzeroupper, clflush, clflushopt, hv
Processor Information for all 4 processors :
  Max Mhz: 2712, Current Mhz: 2611, Mhz Limit: 2603

Memory: 4k page, system-wide physical 8030M (472M free)
TotalPageFile size 21488M (AvailPageFile size 15M)
current process WorkingSet (physical memory assigned to process): 492M, peak: 492M
current process commit charge ("private bytes"): 544M, peak: 600M

vm_info: OpenJDK 64-Bit Server VM (17.0.10+7-LTS) for windows-amd64 JRE (17.0.10+7-LTS), built on Jan 10 2024 19:47:12 by "MicrosoftCorporation" with MS VC++ 16.10 / 16.11 (VS2019)

END.
