#
# There is insufficient memory for the Java Runtime Environment to continue.
# Native memory allocation (malloc) failed to allocate 1978576 bytes for Chunk::new
# Possible reasons:
#   The system is out of physical RAM or swap space
#   The process is running with CompressedOops enabled, and the Java Heap may be blocking the growth of the native heap
# Possible solutions:
#   Reduce memory load on the system
#   Increase physical memory or swap space
#   Check if swap backing store is full
#   Decrease Java heap size (-Xmx/-Xms)
#   Decrease number of Java threads
#   Decrease Java thread stack sizes (-Xss)
#   Set larger code cache with -XX:ReservedCodeCacheSize=
#   JVM is running with Unscaled Compressed Oops mode in which the Java heap is
#     placed in the first 4GB address space. The Java Heap base address is the
#     maximum limit for the native heap growth. Please use -XX:HeapBaseMinAddress
#     to set the Java Heap base and to place the Java Heap above 4GB virtual address.
# This output file may be truncated or incomplete.
#
#  Out of Memory Error (arena.cpp:191), pid=4080, tid=2380
#
# JRE version: OpenJDK Runtime Environment Microsoft-8902769 (17.0.10+7) (build 17.0.10+7-LTS)
# Java VM: OpenJDK 64-Bit Server VM Microsoft-8902769 (17.0.10+7-LTS, mixed mode, sharing, tiered, compressed oops, compressed class ptrs, g1 gc, windows-amd64)
# No core dump will be written. Minidumps are not enabled by default on client versions of Windows
#

---------------  S U M M A R Y ------------

Command Line: -XX:MaxMetaspaceSize=512m --add-opens=java.base/java.util=ALL-UNNAMED --add-opens=java.base/java.lang=ALL-UNNAMED --add-opens=java.base/java.lang.invoke=ALL-UNNAMED --add-opens=java.prefs/java.util.prefs=ALL-UNNAMED --add-opens=java.base/java.nio.charset=ALL-UNNAMED --add-opens=java.base/java.net=ALL-UNNAMED --add-opens=java.base/java.util.concurrent.atomic=ALL-UNNAMED -Xmx2048m -Dfile.encoding=utf8 -Duser.country=FR -Duser.language=fr -Duser.variant -javaagent:C:\Users\user\.gradle\wrapper\dists\gradle-8.6-all\3mbtmo166bl6vumsh5k2lkq5h\gradle-8.6\lib\agents\gradle-instrumentation-agent-8.6.jar org.gradle.launcher.daemon.bootstrap.GradleDaemon 8.6

Host: Intel(R) Core(TM) i5-7300U CPU @ 2.60GHz, 4 cores, 7G,  Windows 10 , 64 bit Build 19041 (10.0.19041.3636)
Time: Sat May 25 02:07:27 2024 Maroc (heure d64 bit Build 19041 (10.0.19041.3636) elapsed time: 8.191878 seconds (0d 0h 0m 8s)

---------------  T H R E A D  ---------------

Current thread (0x000001dd2726e7c0):  JavaThread "C2 CompilerThread0" daemon [_thread_in_native, id=2380, stack(0x000000058dc00000,0x000000058dd00000)]


Current CompileTask:
C2:   8192 2292   !   4       java.lang.ClassLoader::loadClass (121 bytes)

Stack: [0x000000058dc00000,0x000000058dd00000]
Native frames: (J=compiled Java code, j=interpreted, Vv=VM code, C=native code)
V  [jvm.dll+0x67f829]
V  [jvm.dll+0x83750a]
V  [jvm.dll+0x838fce]
V  [jvm.dll+0x839633]
V  [jvm.dll+0x247cbf]
V  [jvm.dll+0xac524]
V  [jvm.dll+0xacb6c]
V  [jvm.dll+0x368ca2]
V  [jvm.dll+0x33311a]
V  [jvm.dll+0x3325ba]
V  [jvm.dll+0x21a401]
V  [jvm.dll+0x219821]
V  [jvm.dll+0x1a5176]
V  [jvm.dll+0x22957e]
V  [jvm.dll+0x22774c]
V  [jvm.dll+0x7ec5d7]
V  [jvm.dll+0x7e69da]
V  [jvm.dll+0x67e715]
C  [ucrtbase.dll+0x21bb2]
C  [KERNEL32.DLL+0x17344]
C  [ntdll.dll+0x526b1]


---------------  P R O C E S S  ---------------

Threads class SMR info:
_java_thread_list=0x000001dd48720a00, length=25, elements={
0x000001dd077100e0, 0x000001dd2724d5d0, 0x000001dd2724e360, 0x000001dd27269e90,
0x000001dd2726a960, 0x000001dd2726d240, 0x000001dd2726db10, 0x000001dd2726e7c0,
0x000001dd272ccff0, 0x000001dd27418070, 0x000001dd2723b4c0, 0x000001dd27556990,
0x000001dd47969a10, 0x000001dd477b0500, 0x000001dd47cfc080, 0x000001dd478e5340,
0x000001dd478e5820, 0x000001dd48183570, 0x000001dd481849b0, 0x000001dd48183060,
0x000001dd48183a80, 0x000001dd48183f90, 0x000001dd4818ae80, 0x000001dd4818c7d0,
0x000001dd4818a460
}

Java Threads: ( => current thread )
  0x000001dd077100e0 JavaThread "main" [_thread_blocked, id=7808, stack(0x000000058cf00000,0x000000058d000000)]
  0x000001dd2724d5d0 JavaThread "Reference Handler" daemon [_thread_blocked, id=9876, stack(0x000000058d600000,0x000000058d700000)]
  0x000001dd2724e360 JavaThread "Finalizer" daemon [_thread_blocked, id=17548, stack(0x000000058d700000,0x000000058d800000)]
  0x000001dd27269e90 JavaThread "Signal Dispatcher" daemon [_thread_blocked, id=4120, stack(0x000000058d800000,0x000000058d900000)]
  0x000001dd2726a960 JavaThread "Attach Listener" daemon [_thread_blocked, id=7448, stack(0x000000058d900000,0x000000058da00000)]
  0x000001dd2726d240 JavaThread "Service Thread" daemon [_thread_blocked, id=14756, stack(0x000000058da00000,0x000000058db00000)]
  0x000001dd2726db10 JavaThread "Monitor Deflation Thread" daemon [_thread_blocked, id=9460, stack(0x000000058db00000,0x000000058dc00000)]
=>0x000001dd2726e7c0 JavaThread "C2 CompilerThread0" daemon [_thread_in_native, id=2380, stack(0x000000058dc00000,0x000000058dd00000)]
  0x000001dd272ccff0 JavaThread "C1 CompilerThread0" daemon [_thread_blocked, id=8396, stack(0x000000058dd00000,0x000000058de00000)]
  0x000001dd27418070 JavaThread "Sweeper thread" daemon [_thread_blocked, id=5512, stack(0x000000058de00000,0x000000058df00000)]
  0x000001dd2723b4c0 JavaThread "Common-Cleaner" daemon [_thread_blocked, id=19256, stack(0x000000058df00000,0x000000058e000000)]
  0x000001dd27556990 JavaThread "Notification Thread" daemon [_thread_blocked, id=7656, stack(0x000000058e000000,0x000000058e100000)]
  0x000001dd47969a10 JavaThread "Daemon health stats" [_thread_blocked, id=19320, stack(0x000000058e500000,0x000000058e600000)]
  0x000001dd477b0500 JavaThread "Incoming local TCP Connector on port 63507" [_thread_in_native, id=13644, stack(0x000000058e600000,0x000000058e700000)]
  0x000001dd47cfc080 JavaThread "Daemon periodic checks" [_thread_blocked, id=7944, stack(0x000000058e700000,0x000000058e800000)]
  0x000001dd478e5340 JavaThread "Daemon" [_thread_blocked, id=15332, stack(0x000000058e800000,0x000000058e900000)]
  0x000001dd478e5820 JavaThread "Handler for socket connection from /127.0.0.1:63507 to /127.0.0.1:63508" [_thread_in_native, id=7764, stack(0x000000058e900000,0x000000058ea00000)]
  0x000001dd48183570 JavaThread "Cancel handler" [_thread_blocked, id=18604, stack(0x000000058ea00000,0x000000058eb00000)]
  0x000001dd481849b0 JavaThread "Daemon worker" [_thread_in_vm, id=7716, stack(0x000000058eb00000,0x000000058ec00000)]
  0x000001dd48183060 JavaThread "Asynchronous log dispatcher for DefaultDaemonConnection: socket connection from /127.0.0.1:63507 to /127.0.0.1:63508" [_thread_blocked, id=14828, stack(0x000000058ec00000,0x000000058ed00000)]
  0x000001dd48183a80 JavaThread "Stdin handler" [_thread_blocked, id=7240, stack(0x000000058ed00000,0x000000058ee00000)]
  0x000001dd48183f90 JavaThread "Daemon client event forwarder" [_thread_blocked, id=15896, stack(0x000000058ee00000,0x000000058ef00000)]
  0x000001dd4818ae80 JavaThread "Cache worker for journal cache (C:\Users\user\.gradle\caches\journal-1)" [_thread_blocked, id=16036, stack(0x000000058ef00000,0x000000058f000000)]
  0x000001dd4818c7d0 JavaThread "File lock request listener" [_thread_in_native, id=11296, stack(0x000000058f000000,0x000000058f100000)]
  0x000001dd4818a460 JavaThread "Cache worker for file hash cache (C:\Users\user\.gradle\caches\8.6\fileHashes)" [_thread_blocked, id=19264, stack(0x000000058f100000,0x000000058f200000)]

Other Threads:
  0x000001dd27247650 VMThread "VM Thread" [stack: 0x000000058d500000,0x000000058d600000] [id=17132]
  0x000001dd27566b70 WatcherThread [stack: 0x000000058e100000,0x000000058e200000] [id=18848]
  0x000001dd0776b5c0 GCTaskThread "GC Thread#0" [stack: 0x000000058d000000,0x000000058d100000] [id=18584]
  0x000001dd2780eaa0 GCTaskThread "GC Thread#1" [stack: 0x000000058e200000,0x000000058e300000] [id=17124]
  0x000001dd27706070 GCTaskThread "GC Thread#2" [stack: 0x000000058e300000,0x000000058e400000] [id=9664]
  0x000001dd476af180 GCTaskThread "GC Thread#3" [stack: 0x000000058e400000,0x000000058e500000] [id=16392]
  0x000001dd0777c420 ConcurrentGCThread "G1 Main Marker" [stack: 0x000000058d100000,0x000000058d200000] [id=17220]
  0x000001dd0777dd60 ConcurrentGCThread "G1 Conc#0" [stack: 0x000000058d200000,0x000000058d300000] [id=18828]
  0x000001dd077cd3c0 ConcurrentGCThread "G1 Refine#0" [stack: 0x000000058d300000,0x000000058d400000] [id=16400]
  0x000001dd077cdd00 ConcurrentGCThread "G1 Service" [stack: 0x000000058d400000,0x000000058d500000] [id=12776]

Threads with active compile tasks:
C2 CompilerThread0     8247 2292   !   4       java.lang.ClassLoader::loadClass (121 bytes)

VM state: not at safepoint (normal execution)

VM Mutex/Monitor currently owned by a thread: None

Heap address: 0x0000000080000000, size: 2048 MB, Compressed Oops mode: 32-bit

CDS archive(s) mapped at: [0x000001dd28000000-0x000001dd28bb0000-0x000001dd28bb0000), size 12255232, SharedBaseAddress: 0x000001dd28000000, ArchiveRelocationMode: 1.
Compressed class space mapped at: 0x000001dd29000000-0x000001dd43000000, reserved size: 436207616
Narrow klass base: 0x000001dd28000000, Narrow klass shift: 0, Narrow klass range: 0x100000000

GC Precious Log:
 CPUs: 4 total, 4 available
 Memory: 8030M
 Large Page Support: Disabled
 NUMA Support: Disabled
 Compressed Oops: Enabled (32-bit)
 Heap Region Size: 1M
 Heap Min Capacity: 8M
 Heap Initial Capacity: 126M
 Heap Max Capacity: 2G
 Pre-touch: Disabled
 Parallel Workers: 4
 Concurrent Workers: 1
 Concurrent Refinement Workers: 4
 Periodic GC: Disabled

Heap:
 garbage-first heap   total 129024K, used 85154K [0x0000000080000000, 0x0000000100000000)
  region size 1024K, 73 young (74752K), 1 survivors (1024K)
 Metaspace       used 15509K, committed 15808K, reserved 491520K
  class space    used 2197K, committed 2368K, reserved 425984K

Heap Regions: E=young(eden), S=young(survivor), O=old, HS=humongous(starts), HC=humongous(continues), CS=collection set, F=free, OA=open archive, CA=closed archive, TAMS=top-at-mark-start (previous, next)
|   0|0x0000000080000000, 0x0000000080100000, 0x0000000080100000|100%| O|  |TAMS 0x0000000080000000, 0x0000000080000000| Untracked 
|   1|0x0000000080100000, 0x0000000080200000, 0x0000000080200000|100%| O|  |TAMS 0x0000000080100000, 0x0000000080100000| Untracked 
|   2|0x0000000080200000, 0x0000000080300000, 0x0000000080300000|100%|HS|  |TAMS 0x0000000080200000, 0x0000000080200000| Complete 
|   3|0x0000000080300000, 0x0000000080400000, 0x0000000080400000|100%|HC|  |TAMS 0x0000000080300000, 0x0000000080300000| Complete 
|   4|0x0000000080400000, 0x0000000080500000, 0x0000000080500000|100%|HC|  |TAMS 0x0000000080400000, 0x0000000080400000| Complete 
|   5|0x0000000080500000, 0x0000000080600000, 0x0000000080600000|100%|HC|  |TAMS 0x0000000080500000, 0x0000000080500000| Complete 
|   6|0x0000000080600000, 0x0000000080700000, 0x0000000080700000|100%| O|  |TAMS 0x0000000080600000, 0x0000000080600000| Untracked 
|   7|0x0000000080700000, 0x0000000080800000, 0x0000000080800000|100%| O|  |TAMS 0x0000000080700000, 0x0000000080700000| Untracked 
|   8|0x0000000080800000, 0x0000000080900000, 0x0000000080900000|100%| O|  |TAMS 0x0000000080800000, 0x0000000080800000| Untracked 
|   9|0x0000000080900000, 0x0000000080a00000, 0x0000000080a00000|100%| O|  |TAMS 0x0000000080900000, 0x0000000080900000| Untracked 
|  10|0x0000000080a00000, 0x0000000080a96200, 0x0000000080b00000| 58%| O|  |TAMS 0x0000000080a00000, 0x0000000080a00000| Untracked 
|  11|0x0000000080b00000, 0x0000000080c00000, 0x0000000080c00000|100%|HS|  |TAMS 0x0000000080b00000, 0x0000000080b00000| Complete 
|  12|0x0000000080c00000, 0x0000000080c00000, 0x0000000080d00000|  0%| F|  |TAMS 0x0000000080c00000, 0x0000000080c00000| Untracked 
|  13|0x0000000080d00000, 0x0000000080d00000, 0x0000000080e00000|  0%| F|  |TAMS 0x0000000080d00000, 0x0000000080d00000| Untracked 
|  14|0x0000000080e00000, 0x0000000080e00000, 0x0000000080f00000|  0%| F|  |TAMS 0x0000000080e00000, 0x0000000080e00000| Untracked 
|  15|0x0000000080f00000, 0x0000000080f00000, 0x0000000081000000|  0%| F|  |TAMS 0x0000000080f00000, 0x0000000080f00000| Untracked 
|  16|0x0000000081000000, 0x0000000081000000, 0x0000000081100000|  0%| F|  |TAMS 0x0000000081000000, 0x0000000081000000| Untracked 
|  17|0x0000000081100000, 0x0000000081100000, 0x0000000081200000|  0%| F|  |TAMS 0x0000000081100000, 0x0000000081100000| Untracked 
|  18|0x0000000081200000, 0x0000000081200000, 0x0000000081300000|  0%| F|  |TAMS 0x0000000081200000, 0x0000000081200000| Untracked 
|  19|0x0000000081300000, 0x0000000081300000, 0x0000000081400000|  0%| F|  |TAMS 0x0000000081300000, 0x0000000081300000| Untracked 
|  20|0x0000000081400000, 0x0000000081400000, 0x0000000081500000|  0%| F|  |TAMS 0x0000000081400000, 0x0000000081400000| Untracked 
|  21|0x0000000081500000, 0x0000000081500000, 0x0000000081600000|  0%| F|  |TAMS 0x0000000081500000, 0x0000000081500000| Untracked 
|  22|0x0000000081600000, 0x0000000081600000, 0x0000000081700000|  0%| F|  |TAMS 0x0000000081600000, 0x0000000081600000| Untracked 
|  23|0x0000000081700000, 0x0000000081700000, 0x0000000081800000|  0%| F|  |TAMS 0x0000000081700000, 0x0000000081700000| Untracked 
|  24|0x0000000081800000, 0x0000000081800000, 0x0000000081900000|  0%| F|  |TAMS 0x0000000081800000, 0x0000000081800000| Untracked 
|  25|0x0000000081900000, 0x0000000081900000, 0x0000000081a00000|  0%| F|  |TAMS 0x0000000081900000, 0x0000000081900000| Untracked 
|  26|0x0000000081a00000, 0x0000000081a00000, 0x0000000081b00000|  0%| F|  |TAMS 0x0000000081a00000, 0x0000000081a00000| Untracked 
|  27|0x0000000081b00000, 0x0000000081b00000, 0x0000000081c00000|  0%| F|  |TAMS 0x0000000081b00000, 0x0000000081b00000| Untracked 
|  28|0x0000000081c00000, 0x0000000081c00000, 0x0000000081d00000|  0%| F|  |TAMS 0x0000000081c00000, 0x0000000081c00000| Untracked 
|  29|0x0000000081d00000, 0x0000000081d00000, 0x0000000081e00000|  0%| F|  |TAMS 0x0000000081d00000, 0x0000000081d00000| Untracked 
|  30|0x0000000081e00000, 0x0000000081e00000, 0x0000000081f00000|  0%| F|  |TAMS 0x0000000081e00000, 0x0000000081e00000| Untracked 
|  31|0x0000000081f00000, 0x0000000081f00000, 0x0000000082000000|  0%| F|  |TAMS 0x0000000081f00000, 0x0000000081f00000| Untracked 
|  32|0x0000000082000000, 0x0000000082000000, 0x0000000082100000|  0%| F|  |TAMS 0x0000000082000000, 0x0000000082000000| Untracked 
|  33|0x0000000082100000, 0x0000000082100000, 0x0000000082200000|  0%| F|  |TAMS 0x0000000082100000, 0x0000000082100000| Untracked 
|  34|0x0000000082200000, 0x0000000082200000, 0x0000000082300000|  0%| F|  |TAMS 0x0000000082200000, 0x0000000082200000| Untracked 
|  35|0x0000000082300000, 0x0000000082300000, 0x0000000082400000|  0%| F|  |TAMS 0x0000000082300000, 0x0000000082300000| Untracked 
|  36|0x0000000082400000, 0x0000000082400000, 0x0000000082500000|  0%| F|  |TAMS 0x0000000082400000, 0x0000000082400000| Untracked 
|  37|0x0000000082500000, 0x0000000082500000, 0x0000000082600000|  0%| F|  |TAMS 0x0000000082500000, 0x0000000082500000| Untracked 
|  38|0x0000000082600000, 0x0000000082600000, 0x0000000082700000|  0%| F|  |TAMS 0x0000000082600000, 0x0000000082600000| Untracked 
|  39|0x0000000082700000, 0x0000000082700000, 0x0000000082800000|  0%| F|  |TAMS 0x0000000082700000, 0x0000000082700000| Untracked 
|  40|0x0000000082800000, 0x0000000082800000, 0x0000000082900000|  0%| F|  |TAMS 0x0000000082800000, 0x0000000082800000| Untracked 
|  41|0x0000000082900000, 0x0000000082900000, 0x0000000082a00000|  0%| F|  |TAMS 0x0000000082900000, 0x0000000082900000| Untracked 
|  42|0x0000000082a00000, 0x0000000082a00000, 0x0000000082b00000|  0%| F|  |TAMS 0x0000000082a00000, 0x0000000082a00000| Untracked 
|  43|0x0000000082b00000, 0x0000000082b00000, 0x0000000082c00000|  0%| F|  |TAMS 0x0000000082b00000, 0x0000000082b00000| Untracked 
|  44|0x0000000082c00000, 0x0000000082c00000, 0x0000000082d00000|  0%| F|  |TAMS 0x0000000082c00000, 0x0000000082c00000| Untracked 
|  45|0x0000000082d00000, 0x0000000082d00000, 0x0000000082e00000|  0%| F|  |TAMS 0x0000000082d00000, 0x0000000082d00000| Untracked 
|  46|0x0000000082e00000, 0x0000000082e00000, 0x0000000082f00000|  0%| F|  |TAMS 0x0000000082e00000, 0x0000000082e00000| Untracked 
|  47|0x0000000082f00000, 0x0000000082f00000, 0x0000000083000000|  0%| F|  |TAMS 0x0000000082f00000, 0x0000000082f00000| Untracked 
|  48|0x0000000083000000, 0x0000000083000000, 0x0000000083100000|  0%| F|  |TAMS 0x0000000083000000, 0x0000000083000000| Untracked 
|  49|0x0000000083100000, 0x0000000083100000, 0x0000000083200000|  0%| F|  |TAMS 0x0000000083100000, 0x0000000083100000| Untracked 
|  50|0x0000000083200000, 0x0000000083200000, 0x0000000083300000|  0%| F|  |TAMS 0x0000000083200000, 0x0000000083200000| Untracked 
|  51|0x0000000083300000, 0x0000000083300000, 0x0000000083400000|  0%| F|  |TAMS 0x0000000083300000, 0x0000000083300000| Untracked 
|  52|0x0000000083400000, 0x0000000083400000, 0x0000000083500000|  0%| F|  |TAMS 0x0000000083400000, 0x0000000083400000| Untracked 
|  53|0x0000000083500000, 0x0000000083580800, 0x0000000083600000| 50%| E|  |TAMS 0x0000000083500000, 0x0000000083500000| Complete 
|  54|0x0000000083600000, 0x0000000083700000, 0x0000000083700000|100%| E|CS|TAMS 0x0000000083600000, 0x0000000083600000| Complete 
|  55|0x0000000083700000, 0x0000000083800000, 0x0000000083800000|100%| E|CS|TAMS 0x0000000083700000, 0x0000000083700000| Complete 
|  56|0x0000000083800000, 0x0000000083900000, 0x0000000083900000|100%| E|CS|TAMS 0x0000000083800000, 0x0000000083800000| Complete 
|  57|0x0000000083900000, 0x0000000083a00000, 0x0000000083a00000|100%| E|CS|TAMS 0x0000000083900000, 0x0000000083900000| Complete 
|  58|0x0000000083a00000, 0x0000000083b00000, 0x0000000083b00000|100%| E|CS|TAMS 0x0000000083a00000, 0x0000000083a00000| Complete 
|  59|0x0000000083b00000, 0x0000000083c00000, 0x0000000083c00000|100%| E|CS|TAMS 0x0000000083b00000, 0x0000000083b00000| Complete 
|  60|0x0000000083c00000, 0x0000000083d00000, 0x0000000083d00000|100%| E|CS|TAMS 0x0000000083c00000, 0x0000000083c00000| Complete 
|  61|0x0000000083d00000, 0x0000000083e00000, 0x0000000083e00000|100%| E|CS|TAMS 0x0000000083d00000, 0x0000000083d00000| Complete 
|  62|0x0000000083e00000, 0x0000000083f00000, 0x0000000083f00000|100%| E|CS|TAMS 0x0000000083e00000, 0x0000000083e00000| Complete 
|  63|0x0000000083f00000, 0x0000000084000000, 0x0000000084000000|100%| E|CS|TAMS 0x0000000083f00000, 0x0000000083f00000| Complete 
|  64|0x0000000084000000, 0x0000000084100000, 0x0000000084100000|100%| E|CS|TAMS 0x0000000084000000, 0x0000000084000000| Complete 
|  65|0x0000000084100000, 0x0000000084200000, 0x0000000084200000|100%| E|CS|TAMS 0x0000000084100000, 0x0000000084100000| Complete 
|  66|0x0000000084200000, 0x0000000084300000, 0x0000000084300000|100%| E|CS|TAMS 0x0000000084200000, 0x0000000084200000| Complete 
|  67|0x0000000084300000, 0x0000000084400000, 0x0000000084400000|100%| E|CS|TAMS 0x0000000084300000, 0x0000000084300000| Complete 
|  68|0x0000000084400000, 0x0000000084500000, 0x0000000084500000|100%| E|CS|TAMS 0x0000000084400000, 0x0000000084400000| Complete 
|  69|0x0000000084500000, 0x0000000084600000, 0x0000000084600000|100%| E|CS|TAMS 0x0000000084500000, 0x0000000084500000| Complete 
|  70|0x0000000084600000, 0x0000000084700000, 0x0000000084700000|100%| E|CS|TAMS 0x0000000084600000, 0x0000000084600000| Complete 
|  71|0x0000000084700000, 0x0000000084800000, 0x0000000084800000|100%| E|CS|TAMS 0x0000000084700000, 0x0000000084700000| Complete 
|  72|0x0000000084800000, 0x0000000084900000, 0x0000000084900000|100%| E|CS|TAMS 0x0000000084800000, 0x0000000084800000| Complete 
|  73|0x0000000084900000, 0x0000000084a00000, 0x0000000084a00000|100%| E|CS|TAMS 0x0000000084900000, 0x0000000084900000| Complete 
|  74|0x0000000084a00000, 0x0000000084b00000, 0x0000000084b00000|100%| E|CS|TAMS 0x0000000084a00000, 0x0000000084a00000| Complete 
|  75|0x0000000084b00000, 0x0000000084c00000, 0x0000000084c00000|100%| E|CS|TAMS 0x0000000084b00000, 0x0000000084b00000| Complete 
|  76|0x0000000084c00000, 0x0000000084d00000, 0x0000000084d00000|100%| E|CS|TAMS 0x0000000084c00000, 0x0000000084c00000| Complete 
|  77|0x0000000084d00000, 0x0000000084e00000, 0x0000000084e00000|100%| E|CS|TAMS 0x0000000084d00000, 0x0000000084d00000| Complete 
|  78|0x0000000084e00000, 0x0000000084f00000, 0x0000000084f00000|100%| E|CS|TAMS 0x0000000084e00000, 0x0000000084e00000| Complete 
|  79|0x0000000084f00000, 0x0000000085000000, 0x0000000085000000|100%| E|CS|TAMS 0x0000000084f00000, 0x0000000084f00000| Complete 
|  80|0x0000000085000000, 0x0000000085100000, 0x0000000085100000|100%| E|CS|TAMS 0x0000000085000000, 0x0000000085000000| Complete 
|  81|0x0000000085100000, 0x0000000085200000, 0x0000000085200000|100%| E|CS|TAMS 0x0000000085100000, 0x0000000085100000| Complete 
|  82|0x0000000085200000, 0x0000000085300000, 0x0000000085300000|100%| E|CS|TAMS 0x0000000085200000, 0x0000000085200000| Complete 
|  83|0x0000000085300000, 0x0000000085400000, 0x0000000085400000|100%| E|CS|TAMS 0x0000000085300000, 0x0000000085300000| Complete 
|  84|0x0000000085400000, 0x0000000085500000, 0x0000000085500000|100%| E|CS|TAMS 0x0000000085400000, 0x0000000085400000| Complete 
|  85|0x0000000085500000, 0x0000000085600000, 0x0000000085600000|100%| E|CS|TAMS 0x0000000085500000, 0x0000000085500000| Complete 
|  86|0x0000000085600000, 0x0000000085700000, 0x0000000085700000|100%| E|CS|TAMS 0x0000000085600000, 0x0000000085600000| Complete 
|  87|0x0000000085700000, 0x0000000085800000, 0x0000000085800000|100%| E|CS|TAMS 0x0000000085700000, 0x0000000085700000| Complete 
|  88|0x0000000085800000, 0x0000000085900000, 0x0000000085900000|100%| E|CS|TAMS 0x0000000085800000, 0x0000000085800000| Complete 
|  89|0x0000000085900000, 0x0000000085a00000, 0x0000000085a00000|100%| E|CS|TAMS 0x0000000085900000, 0x0000000085900000| Complete 
|  90|0x0000000085a00000, 0x0000000085b00000, 0x0000000085b00000|100%| E|CS|TAMS 0x0000000085a00000, 0x0000000085a00000| Complete 
|  91|0x0000000085b00000, 0x0000000085c00000, 0x0000000085c00000|100%| E|CS|TAMS 0x0000000085b00000, 0x0000000085b00000| Complete 
|  92|0x0000000085c00000, 0x0000000085d00000, 0x0000000085d00000|100%| E|CS|TAMS 0x0000000085c00000, 0x0000000085c00000| Complete 
|  93|0x0000000085d00000, 0x0000000085e00000, 0x0000000085e00000|100%| E|CS|TAMS 0x0000000085d00000, 0x0000000085d00000| Complete 
|  94|0x0000000085e00000, 0x0000000085f00000, 0x0000000085f00000|100%| E|CS|TAMS 0x0000000085e00000, 0x0000000085e00000| Complete 
|  95|0x0000000085f00000, 0x0000000086000000, 0x0000000086000000|100%| E|CS|TAMS 0x0000000085f00000, 0x0000000085f00000| Complete 
|  96|0x0000000086000000, 0x0000000086100000, 0x0000000086100000|100%| E|CS|TAMS 0x0000000086000000, 0x0000000086000000| Complete 
|  97|0x0000000086100000, 0x0000000086200000, 0x0000000086200000|100%| E|CS|TAMS 0x0000000086100000, 0x0000000086100000| Complete 
|  98|0x0000000086200000, 0x0000000086300000, 0x0000000086300000|100%| E|CS|TAMS 0x0000000086200000, 0x0000000086200000| Complete 
|  99|0x0000000086300000, 0x0000000086400000, 0x0000000086400000|100%| E|CS|TAMS 0x0000000086300000, 0x0000000086300000| Complete 
| 100|0x0000000086400000, 0x00000000864929a0, 0x0000000086500000| 57%| S|CS|TAMS 0x0000000086400000, 0x0000000086400000| Complete 
| 101|0x0000000086500000, 0x0000000086600000, 0x0000000086600000|100%| E|CS|TAMS 0x0000000086500000, 0x0000000086500000| Complete 
| 102|0x0000000086600000, 0x0000000086700000, 0x0000000086700000|100%| E|CS|TAMS 0x0000000086600000, 0x0000000086600000| Complete 
| 103|0x0000000086700000, 0x0000000086800000, 0x0000000086800000|100%| E|CS|TAMS 0x0000000086700000, 0x0000000086700000| Complete 
| 104|0x0000000086800000, 0x0000000086900000, 0x0000000086900000|100%| E|CS|TAMS 0x0000000086800000, 0x0000000086800000| Complete 
| 105|0x0000000086900000, 0x0000000086a00000, 0x0000000086a00000|100%| E|CS|TAMS 0x0000000086900000, 0x0000000086900000| Complete 
| 106|0x0000000086a00000, 0x0000000086b00000, 0x0000000086b00000|100%| E|CS|TAMS 0x0000000086a00000, 0x0000000086a00000| Complete 
| 107|0x0000000086b00000, 0x0000000086c00000, 0x0000000086c00000|100%| E|CS|TAMS 0x0000000086b00000, 0x0000000086b00000| Complete 
| 108|0x0000000086c00000, 0x0000000086d00000, 0x0000000086d00000|100%| E|CS|TAMS 0x0000000086c00000, 0x0000000086c00000| Complete 
| 109|0x0000000086d00000, 0x0000000086e00000, 0x0000000086e00000|100%| E|CS|TAMS 0x0000000086d00000, 0x0000000086d00000| Complete 
| 110|0x0000000086e00000, 0x0000000086f00000, 0x0000000086f00000|100%| E|CS|TAMS 0x0000000086e00000, 0x0000000086e00000| Complete 
| 111|0x0000000086f00000, 0x0000000087000000, 0x0000000087000000|100%| E|CS|TAMS 0x0000000086f00000, 0x0000000086f00000| Complete 
| 112|0x0000000087000000, 0x0000000087100000, 0x0000000087100000|100%| E|CS|TAMS 0x0000000087000000, 0x0000000087000000| Complete 
| 113|0x0000000087100000, 0x0000000087200000, 0x0000000087200000|100%| E|CS|TAMS 0x0000000087100000, 0x0000000087100000| Complete 
| 114|0x0000000087200000, 0x0000000087300000, 0x0000000087300000|100%| E|CS|TAMS 0x0000000087200000, 0x0000000087200000| Complete 
| 115|0x0000000087300000, 0x0000000087400000, 0x0000000087400000|100%| E|CS|TAMS 0x0000000087300000, 0x0000000087300000| Complete 
| 116|0x0000000087400000, 0x0000000087500000, 0x0000000087500000|100%| E|CS|TAMS 0x0000000087400000, 0x0000000087400000| Complete 
| 117|0x0000000087500000, 0x0000000087600000, 0x0000000087600000|100%| E|CS|TAMS 0x0000000087500000, 0x0000000087500000| Complete 
| 118|0x0000000087600000, 0x0000000087700000, 0x0000000087700000|100%| E|CS|TAMS 0x0000000087600000, 0x0000000087600000| Complete 
| 119|0x0000000087700000, 0x0000000087800000, 0x0000000087800000|100%| E|CS|TAMS 0x0000000087700000, 0x0000000087700000| Complete 
| 120|0x0000000087800000, 0x0000000087900000, 0x0000000087900000|100%| E|CS|TAMS 0x0000000087800000, 0x0000000087800000| Complete 
| 121|0x0000000087900000, 0x0000000087a00000, 0x0000000087a00000|100%| E|CS|TAMS 0x0000000087900000, 0x0000000087900000| Complete 
| 122|0x0000000087a00000, 0x0000000087b00000, 0x0000000087b00000|100%| E|CS|TAMS 0x0000000087a00000, 0x0000000087a00000| Complete 
| 123|0x0000000087b00000, 0x0000000087c00000, 0x0000000087c00000|100%| E|CS|TAMS 0x0000000087b00000, 0x0000000087b00000| Complete 
| 124|0x0000000087c00000, 0x0000000087d00000, 0x0000000087d00000|100%| E|CS|TAMS 0x0000000087c00000, 0x0000000087c00000| Complete 
| 125|0x0000000087d00000, 0x0000000087e00000, 0x0000000087e00000|100%| E|CS|TAMS 0x0000000087d00000, 0x0000000087d00000| Complete 

Card table byte_map: [0x000001dd20450000,0x000001dd20850000] _byte_map_base: 0x000001dd20050000

Marking Bits (Prev, Next): (CMBitMap*) 0x000001dd0776baf0, (CMBitMap*) 0x000001dd0776bb30
 Prev Bits: [0x000001dd20c50000, 0x000001dd22c50000)
 Next Bits: [0x000001dd22c50000, 0x000001dd24c50000)

Polling page: 0x000001dd074f0000

Metaspace:

Usage:
  Non-class:     13.09 MB used.
      Class:      2.17 MB used.
       Both:     15.26 MB used.

Virtual space:
  Non-class space:       64.00 MB reserved,      13.25 MB ( 21%) committed,  1 nodes.
      Class space:      416.00 MB reserved,       2.31 MB ( <1%) committed,  1 nodes.
             Both:      480.00 MB reserved,      15.56 MB (  3%) committed. 

Chunk freelists:
   Non-Class:  2.66 MB
       Class:  13.70 MB
        Both:  16.36 MB

MaxMetaspaceSize: 512.00 MB
CompressedClassSpaceSize: 416.00 MB
Initial GC threshold: 21.00 MB
Current GC threshold: 21.00 MB
CDS: on
MetaspaceReclaimPolicy: balanced
 - commit_granule_bytes: 65536.
 - commit_granule_words: 8192.
 - virtual_space_node_default_size: 8388608.
 - enlarge_chunks_in_place: 1.
 - new_chunks_are_fully_committed: 0.
 - uncommit_free_chunks: 1.
 - use_allocation_guard: 0.
 - handle_deallocations: 1.


Internal statistics:

num_allocs_failed_limit: 0.
num_arena_births: 206.
num_arena_deaths: 0.
num_vsnodes_births: 2.
num_vsnodes_deaths: 0.
num_space_committed: 249.
num_space_uncommitted: 0.
num_chunks_returned_to_freelist: 0.
num_chunks_taken_from_freelist: 713.
num_chunk_merges: 0.
num_chunk_splits: 471.
num_chunks_enlarged: 351.
num_inconsistent_stats: 0.

CodeHeap 'non-profiled nmethods': size=120000Kb used=1165Kb max_used=1165Kb free=118834Kb
 bounds [0x000001dd18500000, 0x000001dd18770000, 0x000001dd1fa30000]
CodeHeap 'profiled nmethods': size=120000Kb used=4779Kb max_used=4779Kb free=115221Kb
 bounds [0x000001dd10a30000, 0x000001dd10ee0000, 0x000001dd17f60000]
CodeHeap 'non-nmethods': size=5760Kb used=1221Kb max_used=1285Kb free=4538Kb
 bounds [0x000001dd17f60000, 0x000001dd181d0000, 0x000001dd18500000]
 total_blobs=2852 nmethods=2323 adapters=441
 compilation: enabled
              stopped_count=0, restarted_count=0
 full_count=0

Compilation events (20 events):
Event: 8.063 Thread 0x000001dd272ccff0 2319       3       java.lang.invoke.MethodHandles$Lookup$ClassFile::<init> (20 bytes)
Event: 8.063 Thread 0x000001dd272ccff0 nmethod 2319 0x000001dd10ed5f10 code [0x000001dd10ed60c0, 0x000001dd10ed62f8]
Event: 8.063 Thread 0x000001dd272ccff0 2320       3       java.lang.invoke.MethodHandles$Lookup$ClassDefiner::<init> (58 bytes)
Event: 8.063 Thread 0x000001dd272ccff0 nmethod 2320 0x000001dd10ed6390 code [0x000001dd10ed6540, 0x000001dd10ed67d8]
Event: 8.063 Thread 0x000001dd272ccff0 2321       3       java.lang.System$2::defineClass (21 bytes)
Event: 8.064 Thread 0x000001dd272ccff0 nmethod 2321 0x000001dd10ed6910 code [0x000001dd10ed6ac0, 0x000001dd10ed6c48]
Event: 8.064 Thread 0x000001dd272ccff0 2322       3       jdk.internal.org.objectweb.asm.FieldVisitor::<init> (88 bytes)
Event: 8.065 Thread 0x000001dd272ccff0 nmethod 2322 0x000001dd10ed6d10 code [0x000001dd10ed6f60, 0x000001dd10ed7848]
Event: 8.065 Thread 0x000001dd272ccff0 2323       3       java.lang.invoke.DirectMethodHandle$Constructor::<init> (44 bytes)
Event: 8.066 Thread 0x000001dd272ccff0 nmethod 2323 0x000001dd10ed7b10 code [0x000001dd10ed7cc0, 0x000001dd10ed7ee8]
Event: 8.161 Thread 0x000001dd272ccff0 2325       3       java.lang.invoke.MethodHandles$Lookup$ClassOption::optionsToFlag (40 bytes)
Event: 8.161 Thread 0x000001dd272ccff0 nmethod 2325 0x000001dd10ed7f90 code [0x000001dd10ed8160, 0x000001dd10ed8668]
Event: 8.161 Thread 0x000001dd272ccff0 2324       3       java.lang.invoke.MethodHandles$Lookup::makeHiddenClassDefiner (42 bytes)
Event: 8.162 Thread 0x000001dd272ccff0 nmethod 2324 0x000001dd10ed8810 code [0x000001dd10ed8ac0, 0x000001dd10ed99d8]
Event: 8.162 Thread 0x000001dd272ccff0 2326       3       java.lang.invoke.InfoFromMemberName::getModifiers (8 bytes)
Event: 8.162 Thread 0x000001dd272ccff0 nmethod 2326 0x000001dd10ed9f10 code [0x000001dd10eda0a0, 0x000001dd10eda218]
Event: 8.167 Thread 0x000001dd272ccff0 2327       3       jdk.internal.misc.Unsafe::getAndAddInt (27 bytes)
Event: 8.168 Thread 0x000001dd272ccff0 nmethod 2327 0x000001dd10eda310 code [0x000001dd10eda4c0, 0x000001dd10eda708]
Event: 8.170 Thread 0x000001dd272ccff0 2328       3       java.lang.invoke.BoundMethodHandle::<init> (32 bytes)
Event: 8.170 Thread 0x000001dd272ccff0 nmethod 2328 0x000001dd10eda810 code [0x000001dd10eda9c0, 0x000001dd10edab28]

GC Heap History (6 events):
Event: 1.079 GC heap before
{Heap before GC invocations=0 (full 0):
 garbage-first heap   total 129024K, used 13312K [0x0000000080000000, 0x0000000100000000)
  region size 1024K, 13 young (13312K), 0 survivors (0K)
 Metaspace       used 1010K, committed 1152K, reserved 491520K
  class space    used 75K, committed 128K, reserved 425984K
}
Event: 1.084 GC heap after
{Heap after GC invocations=1 (full 0):
 garbage-first heap   total 129024K, used 3479K [0x0000000080000000, 0x0000000100000000)
  region size 1024K, 2 young (2048K), 2 survivors (2048K)
 Metaspace       used 1010K, committed 1152K, reserved 491520K
  class space    used 75K, committed 128K, reserved 425984K
}
Event: 2.314 GC heap before
{Heap before GC invocations=1 (full 0):
 garbage-first heap   total 129024K, used 22935K [0x0000000080000000, 0x0000000100000000)
  region size 1024K, 18 young (18432K), 2 survivors (2048K)
 Metaspace       used 3924K, committed 4096K, reserved 491520K
  class space    used 489K, committed 576K, reserved 425984K
}
Event: 2.321 GC heap after
{Heap after GC invocations=2 (full 0):
 garbage-first heap   total 129024K, used 10823K [0x0000000080000000, 0x0000000100000000)
  region size 1024K, 3 young (3072K), 3 survivors (3072K)
 Metaspace       used 3924K, committed 4096K, reserved 491520K
  class space    used 489K, committed 576K, reserved 425984K
}
Event: 3.367 GC heap before
{Heap before GC invocations=2 (full 0):
 garbage-first heap   total 129024K, used 33351K [0x0000000080000000, 0x0000000100000000)
  region size 1024K, 25 young (25600K), 3 survivors (3072K)
 Metaspace       used 4006K, committed 4160K, reserved 491520K
  class space    used 490K, committed 576K, reserved 425984K
}
Event: 3.370 GC heap after
{Heap after GC invocations=3 (full 0):
 garbage-first heap   total 129024K, used 11426K [0x0000000080000000, 0x0000000100000000)
  region size 1024K, 1 young (1024K), 1 survivors (1024K)
 Metaspace       used 4006K, committed 4160K, reserved 491520K
  class space    used 490K, committed 576K, reserved 425984K
}

Dll operation events (15 events):
Event: 0.117 Loaded shared library C:\Program Files\Microsoft\jdk-17.0.10.7-hotspot\bin\java.dll
Event: 0.175 Loaded shared library C:\Program Files\Microsoft\jdk-17.0.10.7-hotspot\bin\jsvml.dll
Event: 0.329 Loaded shared library C:\Program Files\Microsoft\jdk-17.0.10.7-hotspot\bin\zip.dll
Event: 0.333 Loaded shared library C:\Program Files\Microsoft\jdk-17.0.10.7-hotspot\bin\instrument.dll
Event: 0.342 Loaded shared library C:\Program Files\Microsoft\jdk-17.0.10.7-hotspot\bin\net.dll
Event: 0.347 Loaded shared library C:\Program Files\Microsoft\jdk-17.0.10.7-hotspot\bin\nio.dll
Event: 0.353 Loaded shared library C:\Program Files\Microsoft\jdk-17.0.10.7-hotspot\bin\zip.dll
Event: 0.940 Loaded shared library C:\Program Files\Microsoft\jdk-17.0.10.7-hotspot\bin\jimage.dll
Event: 1.101 Loaded shared library C:\Program Files\Microsoft\jdk-17.0.10.7-hotspot\bin\verify.dll
Event: 1.619 Loaded shared library C:\Users\user\.gradle\native\c067742578af261105cb4f569cf0c3c89f3d7b1fecec35dd04571415982c5e48\windows-amd64\native-platform.dll
Event: 1.640 Loaded shared library C:\Users\user\.gradle\native\38dada09dfb8b06ba9b0570ebf7e218e3eb74d4ef43ca46872605cf95ebc2f47\windows-amd64\native-platform-file-events.dll
Event: 4.604 Loaded shared library C:\Program Files\Microsoft\jdk-17.0.10.7-hotspot\bin\management.dll
Event: 4.608 Loaded shared library C:\Program Files\Microsoft\jdk-17.0.10.7-hotspot\bin\management_ext.dll
Event: 5.400 Loaded shared library C:\Program Files\Microsoft\jdk-17.0.10.7-hotspot\bin\extnet.dll
Event: 6.085 Loaded shared library C:\Program Files\Microsoft\jdk-17.0.10.7-hotspot\bin\sunmscapi.dll

Deoptimization events (20 events):
Event: 6.820 Thread 0x000001dd481849b0 Uncommon trap: trap_request=0xffffffde fr.pc=0x000001dd18604448 relative=0x0000000000000128
Event: 6.820 Thread 0x000001dd481849b0 Uncommon trap: reason=class_check action=maybe_recompile pc=0x000001dd18604448 method=jdk.internal.misc.Unsafe.allocateUninitializedArray(Ljava/lang/Class;I)Ljava/lang/Object; @ 51 c2
Event: 6.820 Thread 0x000001dd481849b0 DEOPT PACKING pc=0x000001dd18604448 sp=0x000000058ebf7f40
Event: 6.820 Thread 0x000001dd481849b0 DEOPT UNPACKING pc=0x000001dd17fb69a3 sp=0x000000058ebf7ec8 mode 2
Event: 7.648 Thread 0x000001dd481849b0 Uncommon trap: trap_request=0xffffff45 fr.pc=0x000001dd1851d544 relative=0x00000000000001a4
Event: 7.648 Thread 0x000001dd481849b0 Uncommon trap: reason=unstable_if action=reinterpret pc=0x000001dd1851d544 method=java.util.regex.Matcher.reset()Ljava/util/regex/Matcher; @ 47 c2
Event: 7.648 Thread 0x000001dd481849b0 DEOPT PACKING pc=0x000001dd1851d544 sp=0x000000058ebfad00
Event: 7.648 Thread 0x000001dd481849b0 DEOPT UNPACKING pc=0x000001dd17fb69a3 sp=0x000000058ebfac90 mode 2
Event: 7.784 Thread 0x000001dd481849b0 Uncommon trap: trap_request=0xffffff45 fr.pc=0x000001dd18579560 relative=0x0000000000000620
Event: 7.784 Thread 0x000001dd481849b0 Uncommon trap: reason=unstable_if action=reinterpret pc=0x000001dd18579560 method=java.io.File.getName()Ljava/lang/String; @ 16 c2
Event: 7.784 Thread 0x000001dd481849b0 DEOPT PACKING pc=0x000001dd18579560 sp=0x000000058ebfb870
Event: 7.784 Thread 0x000001dd481849b0 DEOPT UNPACKING pc=0x000001dd17fb69a3 sp=0x000000058ebfb840 mode 2
Event: 7.957 Thread 0x000001dd481849b0 Uncommon trap: trap_request=0xffffff45 fr.pc=0x000001dd18578c04 relative=0x00000000000000e4
Event: 7.957 Thread 0x000001dd481849b0 Uncommon trap: reason=unstable_if action=reinterpret pc=0x000001dd18578c04 method=java.util.HashMap.hash(Ljava/lang/Object;)I @ 1 c2
Event: 7.957 Thread 0x000001dd481849b0 DEOPT PACKING pc=0x000001dd18578c04 sp=0x000000058ebfc5e0
Event: 7.957 Thread 0x000001dd481849b0 DEOPT UNPACKING pc=0x000001dd17fb69a3 sp=0x000000058ebfc520 mode 2
Event: 8.046 Thread 0x000001dd481849b0 Uncommon trap: trap_request=0xffffff45 fr.pc=0x000001dd185a977c relative=0x000000000000075c
Event: 8.046 Thread 0x000001dd481849b0 Uncommon trap: reason=unstable_if action=reinterpret pc=0x000001dd185a977c method=java.util.ArrayList.grow(I)[Ljava/lang/Object; @ 17 c2
Event: 8.046 Thread 0x000001dd481849b0 DEOPT PACKING pc=0x000001dd185a977c sp=0x000000058ebfd1d0
Event: 8.046 Thread 0x000001dd481849b0 DEOPT UNPACKING pc=0x000001dd17fb69a3 sp=0x000000058ebfd068 mode 2

Classes unloaded (0 events):
No events

Classes redefined (0 events):
No events

Internal exceptions (20 events):
Event: 6.832 Thread 0x000001dd481849b0 Exception <a 'java/lang/NoSuchMethodError'{0x0000000084dfc608}: 'void java.lang.invoke.DirectMethodHandle$Holder.invokeSpecial(java.lang.Object, java.lang.Object, java.lang.Object)'> (0x0000000084dfc608) 
thrown [s\src\hotspot\share\interpreter\linkResolver.cpp, line 759]
Event: 6.961 Thread 0x000001dd481849b0 Exception <a 'java/lang/NoSuchMethodError'{0x0000000084ca8b08}: 'java.lang.Object java.lang.invoke.DirectMethodHandle$Holder.newInvokeSpecial(java.lang.Object, java.lang.Object, java.lang.Object, java.lang.Object, java.lang.Object, java.lang.Object)'> (0x0000000084ca8b08) 
thrown [s\src\hotspot\share\interpreter\linkResolver.cpp, line 759]
Event: 6.966 Thread 0x000001dd481849b0 Exception <a 'java/lang/NoSuchMethodError'{0x0000000084cc0610}: 'void java.lang.invoke.DirectMethodHandle$Holder.invokeSpecial(java.lang.Object, java.lang.Object, java.lang.Object, java.lang.Object, java.lang.Object)'> (0x0000000084cc0610) 
thrown [s\src\hotspot\share\interpreter\linkResolver.cpp, line 759]
Event: 6.969 Thread 0x000001dd481849b0 Exception <a 'java/lang/NoSuchMethodError'{0x0000000084cd4430}: 'void java.lang.invoke.DirectMethodHandle$Holder.invokeStaticInit(java.lang.Object, java.lang.Object)'> (0x0000000084cd4430) 
thrown [s\src\hotspot\share\interpreter\linkResolver.cpp, line 759]
Event: 7.129 Thread 0x000001dd481849b0 Exception <a 'java/lang/NoSuchMethodError'{0x0000000084992360}: 'void java.lang.invoke.DelegatingMethodHandle$Holder.reinvoke_L(java.lang.Object, java.lang.Object, java.lang.Object, java.lang.Object, java.lang.Object, java.lang.Object, java.lang.Object, java.lang.Object, java.lang.Object, java.lang.Object)'> (0x0000000084992360) 
thrown [s\src\hotspot\share\interpreter\linkResolver.cpp, line 759]
Event: 7.132 Thread 0x000001dd481849b0 Exception <a 'java/lang/NoSuchMethodError'{0x000000008499a7d0}: 'java.lang.Object java.lang.invoke.DirectMethodHandle$Holder.invokeSpecial(java.lang.Object, java.lang.Object, java.lang.Object, java.lang.Object, java.lang.Object, java.lang.Object, java.lang.Object, java.lang.Object, java.lang.Object, java.lang.Object)'> (0x000000008499a7d0) 
thrown [s\src\hotspot\share\interpreter\linkResolver.cpp, line 759]
Event: 7.133 Thread 0x000001dd481849b0 Exception <a 'java/lang/NoSuchMethodError'{0x000000008499f0a0}: 'java.lang.Object java.lang.invoke.Invokers$Holder.invoker(java.lang.Object, java.lang.Object, java.lang.Object, java.lang.Object, java.lang.Object, java.lang.Object, java.lang.Object, java.lang.Object, java.lang.Object, java.lang.Object)'> (0x000000008499f0a0) 
thrown [s\src\hotspot\share\interpreter\linkResolver.cpp, line 759]
Event: 7.134 Thread 0x000001dd481849b0 Exception <a 'java/lang/NoSuchMethodError'{0x00000000849a4c28}: 'java.lang.Object java.lang.invoke.DirectMethodHandle$Holder.invokeSpecial(java.lang.Object, java.lang.Object, java.lang.Object, java.lang.Object, java.lang.Object, java.lang.Object, java.lang.Object, java.lang.Object, java.lang.Object, java.lang.Object, java.lang.Object)'> (0x00000000849a4c28) 
thrown [s\src\hotspot\share\interpreter\linkResolver.cpp, line 759]
Event: 7.540 Thread 0x000001dd481849b0 Exception <a 'java/lang/NoSuchMethodError'{0x0000000084369250}: 'void java.lang.invoke.DirectMethodHandle$Holder.invokeStaticInit(java.lang.Object)'> (0x0000000084369250) 
thrown [s\src\hotspot\share\interpreter\linkResolver.cpp, line 759]
Event: 7.590 Thread 0x000001dd481849b0 Exception <a 'java/lang/NoSuchMethodError'{0x0000000084220580}: 'java.lang.Object java.lang.invoke.DirectMethodHandle$Holder.newInvokeSpecial(java.lang.Object, java.lang.Object, java.lang.Object, int)'> (0x0000000084220580) 
thrown [s\src\hotspot\share\interpreter\linkResolver.cpp, line 759]
Event: 7.594 Thread 0x000001dd481849b0 Exception <a 'java/lang/NoSuchMethodError'{0x0000000084224eb0}: 'java.lang.Object java.lang.invoke.DirectMethodHandle$Holder.invokeSpecial(java.lang.Object, java.lang.Object, java.lang.Object, java.lang.Object, int)'> (0x0000000084224eb0) 
thrown [s\src\hotspot\share\interpreter\linkResolver.cpp, line 759]
Event: 7.595 Thread 0x000001dd481849b0 Exception <a 'java/lang/NoSuchMethodError'{0x0000000084228fc8}: 'java.lang.Object java.lang.invoke.Invokers$Holder.linkToTargetMethod(java.lang.Object, java.lang.Object, int, java.lang.Object)'> (0x0000000084228fc8) 
thrown [s\src\hotspot\share\interpreter\linkResolver.cpp, line 759]
Event: 7.834 Thread 0x000001dd481849b0 Exception <a 'java/lang/NoSuchMethodError'{0x0000000083d99818}: 'int java.lang.invoke.DirectMethodHandle$Holder.invokeVirtual(java.lang.Object, java.lang.Object, java.lang.Object)'> (0x0000000083d99818) 
thrown [s\src\hotspot\share\interpreter\linkResolver.cpp, line 759]
Event: 7.885 Thread 0x000001dd481849b0 Exception <a 'java/lang/NoSuchMethodError'{0x0000000083ca0720}: 'int java.lang.invoke.DirectMethodHandle$Holder.invokeSpecialIFC(java.lang.Object, java.lang.Object, java.lang.Object, java.lang.Object)'> (0x0000000083ca0720) 
thrown [s\src\hotspot\share\interpreter\linkResolver.cpp, line 759]
Event: 7.889 Thread 0x000001dd481849b0 Exception <a 'java/lang/NoSuchMethodError'{0x0000000083caf590}: 'java.lang.Object java.lang.invoke.DirectMethodHandle$Holder.invokeInterface(java.lang.Object, java.lang.Object, java.lang.Object)'> (0x0000000083caf590) 
thrown [s\src\hotspot\share\interpreter\linkResolver.cpp, line 759]
Event: 7.889 Thread 0x000001dd481849b0 Exception <a 'java/lang/IncompatibleClassChangeError'{0x0000000083cb31a8}: Found class java.lang.Object, but interface was expected> (0x0000000083cb31a8) 
thrown [s\src\hotspot\share\interpreter\linkResolver.cpp, line 826]
Event: 7.957 Thread 0x000001dd481849b0 Implicit null exception at 0x000001dd18578b60 to 0x000001dd18578bfa
Event: 7.997 Thread 0x000001dd481849b0 Exception <a 'java/lang/NoSuchMethodError'{0x0000000083a844a8}: 'int java.lang.invoke.DirectMethodHandle$Holder.invokeStatic(java.lang.Object, java.lang.Object, java.lang.Object, java.lang.Object)'> (0x0000000083a844a8) 
thrown [s\src\hotspot\share\interpreter\linkResolver.cpp, line 759]
Event: 7.998 Thread 0x000001dd481849b0 Exception <a 'java/lang/NoSuchMethodError'{0x0000000083a880d0}: 'java.lang.Object java.lang.invoke.Invokers$Holder.invokeExact_MT(java.lang.Object, java.lang.Object, java.lang.Object, java.lang.Object, java.lang.Object, java.lang.Object)'> (0x0000000083a880d0) 
thrown [s\src\hotspot\share\interpreter\linkResolver.cpp, line 759]
Event: 8.161 Thread 0x000001dd481849b0 Exception <a 'java/lang/IncompatibleClassChangeError'{0x00000000837aac48}: Found class java.lang.Object, but interface was expected> (0x00000000837aac48) 
thrown [s\src\hotspot\share\interpreter\linkResolver.cpp, line 826]

VM Operations (20 events):
Event: 5.236 Executing VM operation: HandshakeAllThreads
Event: 5.236 Executing VM operation: HandshakeAllThreads done
Event: 5.355 Executing VM operation: HandshakeAllThreads
Event: 5.355 Executing VM operation: HandshakeAllThreads done
Event: 5.829 Executing VM operation: HandshakeAllThreads
Event: 5.829 Executing VM operation: HandshakeAllThreads done
Event: 5.829 Executing VM operation: Cleanup
Event: 5.829 Executing VM operation: Cleanup done
Event: 6.032 Executing VM operation: HandshakeAllThreads
Event: 6.032 Executing VM operation: HandshakeAllThreads done
Event: 7.043 Executing VM operation: Cleanup
Event: 7.044 Executing VM operation: Cleanup done
Event: 7.062 Executing VM operation: HandshakeAllThreads
Event: 7.063 Executing VM operation: HandshakeAllThreads done
Event: 8.066 Executing VM operation: Cleanup
Event: 8.082 Executing VM operation: Cleanup done
Event: 8.112 Executing VM operation: HandshakeAllThreads
Event: 8.112 Executing VM operation: HandshakeAllThreads done
Event: 8.113 Executing VM operation: HandshakeAllThreads
Event: 8.113 Executing VM operation: HandshakeAllThreads done

Events (20 events):
Event: 7.733 loading class sun/security/provider/ByteArrayAccess$LE
Event: 7.733 loading class sun/security/provider/ByteArrayAccess$LE done
Event: 7.782 loading class java/io/File$TempDirectory
Event: 7.782 loading class java/io/File$TempDirectory done
Event: 7.800 loading class java/io/PrintWriter
Event: 7.800 loading class java/io/PrintWriter done
Event: 7.822 loading class java/util/zip/CheckedInputStream
Event: 7.823 loading class java/util/zip/CheckedInputStream done
Event: 7.827 loading class java/nio/file/FileVisitor
Event: 7.827 loading class java/nio/file/FileVisitor done
Event: 7.828 loading class java/io/FilenameFilter
Event: 7.828 loading class java/io/FilenameFilter done
Event: 7.879 loading class java/util/concurrent/Semaphore
Event: 7.879 loading class java/util/concurrent/Semaphore done
Event: 7.882 loading class java/nio/file/FileVisitOption
Event: 7.882 loading class java/nio/file/FileVisitOption done
Event: 7.890 loading class java/util/stream/ReduceOps$1
Event: 7.890 loading class java/util/stream/ReduceOps$1 done
Event: 7.890 loading class java/util/stream/ReduceOps$1ReducingSink
Event: 7.890 loading class java/util/stream/ReduceOps$1ReducingSink done


Dynamic libraries:
0x00007ff7cbf50000 - 0x00007ff7cbf5e000 	C:\Program Files\Microsoft\jdk-17.0.10.7-hotspot\bin\java.exe
0x00007ffbf0d10000 - 0x00007ffbf0f08000 	C:\Windows\SYSTEM32\ntdll.dll
0x00007ffbf07c0000 - 0x00007ffbf087d000 	C:\Windows\System32\KERNEL32.DLL
0x00007ffbee710000 - 0x00007ffbeea06000 	C:\Windows\System32\KERNELBASE.dll
0x00007ffbeebd0000 - 0x00007ffbeecd0000 	C:\Windows\System32\ucrtbase.dll
0x00007ffbe3670000 - 0x00007ffbe3687000 	C:\Program Files\Microsoft\jdk-17.0.10.7-hotspot\bin\jli.dll
0x00007ffbf0a70000 - 0x00007ffbf0c0f000 	C:\Windows\System32\USER32.dll
0x00007ffbeea40000 - 0x00007ffbeea62000 	C:\Windows\System32\win32u.dll
0x00007ffbf0a40000 - 0x00007ffbf0a6b000 	C:\Windows\System32\GDI32.dll
0x00007ffbee3c0000 - 0x00007ffbee4d7000 	C:\Windows\System32\gdi32full.dll
0x00007ffbee4e0000 - 0x00007ffbee57d000 	C:\Windows\System32\msvcp_win.dll
0x00007ffbc0290000 - 0x00007ffbc02ab000 	C:\Program Files\Microsoft\jdk-17.0.10.7-hotspot\bin\VCRUNTIME140.dll
0x00007ffbdb800000 - 0x00007ffbdba9a000 	C:\Windows\WinSxS\amd64_microsoft.windows.common-controls_6595b64144ccf1df_6.0.19041.3636_none_60b6a03d71f818d5\COMCTL32.dll
0x00007ffbef700000 - 0x00007ffbef79e000 	C:\Windows\System32\msvcrt.dll
0x00007ffbef6c0000 - 0x00007ffbef6f2000 	C:\Windows\System32\IMM32.DLL
0x00007ffbbff30000 - 0x00007ffbbff3c000 	C:\Program Files\Microsoft\jdk-17.0.10.7-hotspot\bin\vcruntime140_1.dll
0x00007ffbb6a10000 - 0x00007ffbb6a9d000 	C:\Program Files\Microsoft\jdk-17.0.10.7-hotspot\bin\msvcp140.dll
0x00007ffb58d30000 - 0x00007ffb59995000 	C:\Program Files\Microsoft\jdk-17.0.10.7-hotspot\bin\server\jvm.dll
0x00007ffbf0010000 - 0x00007ffbf00c0000 	C:\Windows\System32\ADVAPI32.dll
0x00007ffbf00c0000 - 0x00007ffbf0160000 	C:\Windows\System32\sechost.dll
0x00007ffbf0910000 - 0x00007ffbf0a33000 	C:\Windows\System32\RPCRT4.dll
0x00007ffbeea10000 - 0x00007ffbeea37000 	C:\Windows\System32\bcrypt.dll
0x00007ffbed8c0000 - 0x00007ffbed90b000 	C:\Windows\SYSTEM32\POWRPROF.dll
0x00007ffbcddf0000 - 0x00007ffbcddf9000 	C:\Windows\SYSTEM32\WSOCK32.dll
0x00007ffbf0880000 - 0x00007ffbf08eb000 	C:\Windows\System32\WS2_32.dll
0x00007ffbdb740000 - 0x00007ffbdb767000 	C:\Windows\SYSTEM32\WINMM.dll
0x00007ffbe5690000 - 0x00007ffbe569a000 	C:\Windows\SYSTEM32\VERSION.dll
0x00007ffbed780000 - 0x00007ffbed792000 	C:\Windows\SYSTEM32\UMPDC.dll
0x00007ffbecba0000 - 0x00007ffbecbb2000 	C:\Windows\SYSTEM32\kernel.appcore.dll
0x00007ffbbf4a0000 - 0x00007ffbbf4aa000 	C:\Program Files\Microsoft\jdk-17.0.10.7-hotspot\bin\jimage.dll
0x00007ffbeb250000 - 0x00007ffbeb434000 	C:\Windows\SYSTEM32\DBGHELP.DLL
0x00007ffbe4250000 - 0x00007ffbe4284000 	C:\Windows\SYSTEM32\dbgcore.DLL
0x00007ffbee580000 - 0x00007ffbee602000 	C:\Windows\System32\bcryptPrimitives.dll
0x00007ffbbc620000 - 0x00007ffbbc62e000 	C:\Program Files\Microsoft\jdk-17.0.10.7-hotspot\bin\instrument.dll
0x00007ffbbadf0000 - 0x00007ffbbae15000 	C:\Program Files\Microsoft\jdk-17.0.10.7-hotspot\bin\java.dll
0x00007ffbb42a0000 - 0x00007ffbb4377000 	C:\Program Files\Microsoft\jdk-17.0.10.7-hotspot\bin\jsvml.dll
0x00007ffbef830000 - 0x00007ffbeff9b000 	C:\Windows\System32\SHELL32.dll
0x00007ffbec3c0000 - 0x00007ffbecb5e000 	C:\Windows\SYSTEM32\windows.storage.dll
0x00007ffbef1c0000 - 0x00007ffbef513000 	C:\Windows\System32\combase.dll
0x00007ffbedd10000 - 0x00007ffbedd3e000 	C:\Windows\SYSTEM32\Wldp.dll
0x00007ffbeefd0000 - 0x00007ffbef09d000 	C:\Windows\System32\OLEAUT32.dll
0x00007ffbef610000 - 0x00007ffbef6bd000 	C:\Windows\System32\SHCORE.dll
0x00007ffbf0160000 - 0x00007ffbf01b5000 	C:\Windows\System32\shlwapi.dll
0x00007ffbee2f0000 - 0x00007ffbee313000 	C:\Windows\SYSTEM32\profapi.dll
0x00007ffbbad00000 - 0x00007ffbbad18000 	C:\Program Files\Microsoft\jdk-17.0.10.7-hotspot\bin\zip.dll
0x00007ffbbcd60000 - 0x00007ffbbcd79000 	C:\Program Files\Microsoft\jdk-17.0.10.7-hotspot\bin\net.dll
0x00007ffbeb9b0000 - 0x00007ffbebaba000 	C:\Windows\SYSTEM32\WINHTTP.dll
0x00007ffbedaf0000 - 0x00007ffbedb5a000 	C:\Windows\system32\mswsock.dll
0x00007ffbbc6d0000 - 0x00007ffbbc6e6000 	C:\Program Files\Microsoft\jdk-17.0.10.7-hotspot\bin\nio.dll
0x00007ffbbcae0000 - 0x00007ffbbcaf0000 	C:\Program Files\Microsoft\jdk-17.0.10.7-hotspot\bin\verify.dll
0x00007ffbbcc00000 - 0x00007ffbbcc27000 	C:\Users\user\.gradle\native\c067742578af261105cb4f569cf0c3c89f3d7b1fecec35dd04571415982c5e48\windows-amd64\native-platform.dll
0x00007ffbb4150000 - 0x00007ffbb4294000 	C:\Users\user\.gradle\native\38dada09dfb8b06ba9b0570ebf7e218e3eb74d4ef43ca46872605cf95ebc2f47\windows-amd64\native-platform-file-events.dll
0x00007ffbbade0000 - 0x00007ffbbade9000 	C:\Program Files\Microsoft\jdk-17.0.10.7-hotspot\bin\management.dll
0x00007ffbbab10000 - 0x00007ffbbab1b000 	C:\Program Files\Microsoft\jdk-17.0.10.7-hotspot\bin\management_ext.dll
0x00007ffbf0c10000 - 0x00007ffbf0c18000 	C:\Windows\System32\PSAPI.DLL
0x00007ffbedd50000 - 0x00007ffbedd68000 	C:\Windows\SYSTEM32\CRYPTSP.dll
0x00007ffbed3c0000 - 0x00007ffbed3f4000 	C:\Windows\system32\rsaenh.dll
0x00007ffbee2b0000 - 0x00007ffbee2de000 	C:\Windows\SYSTEM32\USERENV.dll
0x00007ffbedc80000 - 0x00007ffbedc8c000 	C:\Windows\SYSTEM32\CRYPTBASE.dll
0x00007ffbed7a0000 - 0x00007ffbed7db000 	C:\Windows\SYSTEM32\IPHLPAPI.DLL
0x00007ffbef580000 - 0x00007ffbef588000 	C:\Windows\System32\NSI.dll
0x00007ffbe5390000 - 0x00007ffbe53a7000 	C:\Windows\SYSTEM32\dhcpcsvc6.DLL
0x00007ffbe5330000 - 0x00007ffbe534d000 	C:\Windows\SYSTEM32\dhcpcsvc.DLL
0x00007ffbed7e0000 - 0x00007ffbed8ab000 	C:\Windows\SYSTEM32\DNSAPI.dll
0x00007ffbba1f0000 - 0x00007ffbba1f9000 	C:\Program Files\Microsoft\jdk-17.0.10.7-hotspot\bin\extnet.dll
0x00007ffbb8f30000 - 0x00007ffbb8f3e000 	C:\Program Files\Microsoft\jdk-17.0.10.7-hotspot\bin\sunmscapi.dll
0x00007ffbeea70000 - 0x00007ffbeebce000 	C:\Windows\System32\CRYPT32.dll
0x00007ffbede60000 - 0x00007ffbede88000 	C:\Windows\SYSTEM32\ncrypt.dll
0x00007ffbede20000 - 0x00007ffbede5b000 	C:\Windows\SYSTEM32\NTASN1.dll
0x00007ffbab130000 - 0x00007ffbab137000 	C:\Windows\system32\wshunix.dll

dbghelp: loaded successfully - version: 4.0.5 - missing functions: none
symbol engine: initialized successfully - sym options: 0x614 - pdb path: .;C:\Program Files\Microsoft\jdk-17.0.10.7-hotspot\bin;C:\Windows\SYSTEM32;C:\Windows\WinSxS\amd64_microsoft.windows.common-controls_6595b64144ccf1df_6.0.19041.3636_none_60b6a03d71f818d5;C:\Program Files\Microsoft\jdk-17.0.10.7-hotspot\bin\server;C:\Users\user\.gradle\native\c067742578af261105cb4f569cf0c3c89f3d7b1fecec35dd04571415982c5e48\windows-amd64;C:\Users\user\.gradle\native\38dada09dfb8b06ba9b0570ebf7e218e3eb74d4ef43ca46872605cf95ebc2f47\windows-amd64

VM Arguments:
jvm_args: -XX:MaxMetaspaceSize=512m --add-opens=java.base/java.util=ALL-UNNAMED --add-opens=java.base/java.lang=ALL-UNNAMED --add-opens=java.base/java.lang.invoke=ALL-UNNAMED --add-opens=java.prefs/java.util.prefs=ALL-UNNAMED --add-opens=java.base/java.nio.charset=ALL-UNNAMED --add-opens=java.base/java.net=ALL-UNNAMED --add-opens=java.base/java.util.concurrent.atomic=ALL-UNNAMED -Xmx2048m -Dfile.encoding=utf8 -Duser.country=FR -Duser.language=fr -Duser.variant -javaagent:C:\Users\user\.gradle\wrapper\dists\gradle-8.6-all\3mbtmo166bl6vumsh5k2lkq5h\gradle-8.6\lib\agents\gradle-instrumentation-agent-8.6.jar 
java_command: org.gradle.launcher.daemon.bootstrap.GradleDaemon 8.6
java_class_path (initial): C:\Users\user\.gradle\wrapper\dists\gradle-8.6-all\3mbtmo166bl6vumsh5k2lkq5h\gradle-8.6\lib\gradle-launcher-8.6.jar
Launcher Type: SUN_STANDARD

[Global flags]
     intx CICompilerCount                          = 3                                         {product} {ergonomic}
   size_t CompressedClassSpaceSize                 = 436207616                                 {product} {ergonomic}
     uint ConcGCThreads                            = 1                                         {product} {ergonomic}
     uint G1ConcRefinementThreads                  = 4                                         {product} {ergonomic}
   size_t G1HeapRegionSize                         = 1048576                                   {product} {ergonomic}
    uintx GCDrainStackTargetSize                   = 64                                        {product} {ergonomic}
   size_t InitialHeapSize                          = 132120576                                 {product} {ergonomic}
   size_t MarkStackSize                            = 4194304                                   {product} {ergonomic}
   size_t MaxHeapSize                              = 2147483648                                {product} {command line}
   size_t MaxMetaspaceSize                         = 536870912                                 {product} {command line}
   size_t MaxNewSize                               = 1287651328                                {product} {ergonomic}
   size_t MinHeapDeltaBytes                        = 1048576                                   {product} {ergonomic}
   size_t MinHeapSize                              = 8388608                                   {product} {ergonomic}
    uintx NonNMethodCodeHeapSize                   = 5832780                                {pd product} {ergonomic}
    uintx NonProfiledCodeHeapSize                  = 122912730                              {pd product} {ergonomic}
    uintx ProfiledCodeHeapSize                     = 122912730                              {pd product} {ergonomic}
    uintx ReservedCodeCacheSize                    = 251658240                              {pd product} {ergonomic}
     bool SegmentedCodeCache                       = true                                      {product} {ergonomic}
   size_t SoftMaxHeapSize                          = 2147483648                             {manageable} {ergonomic}
     bool UseCompressedClassPointers               = true                           {product lp64_product} {ergonomic}
     bool UseCompressedOops                        = true                           {product lp64_product} {ergonomic}
     bool UseG1GC                                  = true                                      {product} {ergonomic}
     bool UseLargePagesIndividualAllocation        = false                                  {pd product} {ergonomic}

Logging:
Log output configuration:
 #0: stdout all=warning uptime,level,tags
 #1: stderr all=off uptime,level,tags

Environment Variables:
JAVA_HOME=C:\Program Files\Microsoft\jdk-17.0.10.7-hotspot\
PATH=C:\Program Files\Microsoft\jdk-17.0.10.7-hotspot\bin;C:\Program Files\OpenSSL-Win64\bin;C:\Program Files\nodejs\;C:\Program Files\nodejs;C:\ProgramData\chocolatey\bin;C:\Program Files\nodejs;C:\Program Files\MySQL\MySQL Server 8.0\bin;C:\Program Files\MySQL\MySQL Shell 8.0\bin\;C:\Users\user\AppData\Local\ActiveState\StateTool\release\bin;C:\Users\user\AppData\Local\Programs\Python\Python312\Scripts\;C:\Users\user\AppData\Local\Programs\Python\Python312\;C:\Users\user\AppData\Local\Programs\Python\Launcher\;C:\Users\user\AppData\Local\activestate\cache\bin;C:\Users\user\AppData\Local\Microsoft\WindowsApps;C:\Users\user\AppData\Local\Programs\Microsoft VS Code\bin;C:\Users\user\IntelliJ IDEA Community Edition 2023.3\bin;C:\Users\user\AppData\Local\Coursier\data\bin;C:\Program Files\JetBrains\IntelliJ IDEA Community Edition 2023.3.6\bin;;C:\Users\user\AppData\Roaming\npm;C:\Users\user\Downloads\curl-8.7.1_9-win64-mingw\curl-8.7.1_9-win64-mingw\bin;C:\Users\user\AppData\Local\Android\Sdk\ndk\26.1.10909125;
USERNAME=user
OS=Windows_NT
PROCESSOR_IDENTIFIER=Intel64 Family 6 Model 142 Stepping 9, GenuineIntel
TMP=C:\Users\user\AppData\Local\Temp
TEMP=C:\Users\user\AppData\Local\Temp



Periodic native trim disabled


---------------  S Y S T E M  ---------------

OS:
 Windows 10 , 64 bit Build 19041 (10.0.19041.3636)
OS uptime: 1 days 14:09 hours
Hyper-V role detected

CPU: total 4 (initial active 4) (2 cores per cpu, 2 threads per core) family 6 model 142 stepping 9 microcode 0xf0, cx8, cmov, fxsr, ht, mmx, 3dnowpref, sse, sse2, sse3, ssse3, sse4.1, sse4.2, popcnt, lzcnt, tsc, tscinvbit, avx, avx2, aes, erms, clmul, bmi1, bmi2, rtm, adx, fma, vzeroupper, clflush, clflushopt, hv
Processor Information for processor 0
  Max Mhz: 2712, Current Mhz: 2611, Mhz Limit: 2603
Processor Information for processor 1
  Max Mhz: 2712, Current Mhz: 1406, Mhz Limit: 2603
Processor Information for processor 2
  Max Mhz: 2712, Current Mhz: 1406, Mhz Limit: 2603
Processor Information for processor 3
  Max Mhz: 2712, Current Mhz: 2611, Mhz Limit: 2603

Memory: 4k page, system-wide physical 8030M (247M free)
TotalPageFile size 21488M (AvailPageFile size 6M)
current process WorkingSet (physical memory assigned to process): 176M, peak: 176M
current process commit charge ("private bytes"): 260M, peak: 261M

vm_info: OpenJDK 64-Bit Server VM (17.0.10+7-LTS) for windows-amd64 JRE (17.0.10+7-LTS), built on Jan 10 2024 19:47:12 by "MicrosoftCorporation" with MS VC++ 16.10 / 16.11 (VS2019)

END.
