#
# There is insufficient memory for the Java Runtime Environment to continue.
# Native memory allocation (malloc) failed to allocate 947856 bytes for Chunk::new
# Possible reasons:
#   The system is out of physical RAM or swap space
#   The process is running with CompressedOops enabled, and the Java Heap may be blocking the growth of the native heap
# Possible solutions:
#   Reduce memory load on the system
#   Increase physical memory or swap space
#   Check if swap backing store is full
#   Decrease Java heap size (-Xmx/-Xms)
#   Decrease number of Java threads
#   Decrease Java thread stack sizes (-Xss)
#   Set larger code cache with -XX:ReservedCodeCacheSize=
#   JVM is running with Unscaled Compressed Oops mode in which the Java heap is
#     placed in the first 4GB address space. The Java Heap base address is the
#     maximum limit for the native heap growth. Please use -XX:HeapBaseMinAddress
#     to set the Java Heap base and to place the Java Heap above 4GB virtual address.
# This output file may be truncated or incomplete.
#
#  Out of Memory Error (arena.cpp:191), pid=3268, tid=8696
#
# JRE version: OpenJDK Runtime Environment Microsoft-8902769 (17.0.10+7) (build 17.0.10+7-LTS)
# Java VM: OpenJDK 64-Bit Server VM Microsoft-8902769 (17.0.10+7-LTS, mixed mode, sharing, tiered, compressed oops, compressed class ptrs, g1 gc, windows-amd64)
# No core dump will be written. Minidumps are not enabled by default on client versions of Windows
#

---------------  S U M M A R Y ------------

Command Line: -XX:MaxMetaspaceSize=512m --add-opens=java.base/java.util=ALL-UNNAMED --add-opens=java.base/java.lang=ALL-UNNAMED --add-opens=java.base/java.lang.invoke=ALL-UNNAMED --add-opens=java.prefs/java.util.prefs=ALL-UNNAMED --add-opens=java.base/java.nio.charset=ALL-UNNAMED --add-opens=java.base/java.net=ALL-UNNAMED --add-opens=java.base/java.util.concurrent.atomic=ALL-UNNAMED -Xmx2048m -Dfile.encoding=windows-1252 -Duser.country=FR -Duser.language=fr -Duser.variant -javaagent:C:\Users\user\.gradle\wrapper\dists\gradle-8.6-all\3mbtmo166bl6vumsh5k2lkq5h\gradle-8.6\lib\agents\gradle-instrumentation-agent-8.6.jar org.gradle.launcher.daemon.bootstrap.GradleDaemon 8.6

Host: Intel(R) Core(TM) i5-7300U CPU @ 2.60GHz, 4 cores, 7G,  Windows 10 , 64 bit Build 19041 (10.0.19041.3636)
Time: Sat May 25 16:28:18 2024 Maroc (heure d64 bit Build 19041 (10.0.19041.3636) elapsed time: 24.103568 seconds (0d 0h 0m 24s)

---------------  T H R E A D  ---------------

Current thread (0x000001d5a7ec8bc0):  JavaThread "C2 CompilerThread0" daemon [_thread_in_native, id=8696, stack(0x000000336ba00000,0x000000336bb00000)]


Current CompileTask:
C2:  24156 2343   !   4       java.lang.ClassLoader::loadClass (121 bytes)

Stack: [0x000000336ba00000,0x000000336bb00000]
Native frames: (J=compiled Java code, j=interpreted, Vv=VM code, C=native code)
V  [jvm.dll+0x67f829]
V  [jvm.dll+0x83750a]
V  [jvm.dll+0x838fce]
V  [jvm.dll+0x839633]
V  [jvm.dll+0x247cbf]
V  [jvm.dll+0xac524]
V  [jvm.dll+0xacb6c]
V  [jvm.dll+0x2af70f]
V  [jvm.dll+0x587077]
V  [jvm.dll+0x222d32]
V  [jvm.dll+0x22311f]
V  [jvm.dll+0x21c1dc]
V  [jvm.dll+0x219711]
V  [jvm.dll+0x1a5176]
V  [jvm.dll+0x22957e]
V  [jvm.dll+0x22774c]
V  [jvm.dll+0x7ec5d7]
V  [jvm.dll+0x7e69da]
V  [jvm.dll+0x67e715]
C  [ucrtbase.dll+0x21bb2]
C  [KERNEL32.DLL+0x17344]
C  [ntdll.dll+0x526b1]


---------------  P R O C E S S  ---------------

Threads class SMR info:
_java_thread_list=0x000001d5c8a04f70, length=25, elements={
0x000001d58a2d6ad0, 0x000001d5a7eabbe0, 0x000001d5a7ead6c0, 0x000001d5a7ec4290,
0x000001d5a7ec4d60, 0x000001d5a7ec7640, 0x000001d5a7ec7f10, 0x000001d5a7ec8bc0,
0x000001d5a7ecd5a0, 0x000001d5a7ee8670, 0x000001d5a7e96ce0, 0x000001d5c730f860,
0x000001d5c8359e80, 0x000001d5c7e94880, 0x000001d5c8784530, 0x000001d5c87f0190,
0x000001d5c8772aa0, 0x000001d5c7172b20, 0x000001d5c7174470, 0x000001d5c7173030,
0x000001d5c7174e90, 0x000001d5c7173f60, 0x000001d5c71753a0, 0x000001d5c71758b0,
0x000001d5c7175dc0
}

Java Threads: ( => current thread )
  0x000001d58a2d6ad0 JavaThread "main" [_thread_blocked, id=5028, stack(0x000000336ad00000,0x000000336ae00000)]
  0x000001d5a7eabbe0 JavaThread "Reference Handler" daemon [_thread_blocked, id=11208, stack(0x000000336b400000,0x000000336b500000)]
  0x000001d5a7ead6c0 JavaThread "Finalizer" daemon [_thread_blocked, id=18384, stack(0x000000336b500000,0x000000336b600000)]
  0x000001d5a7ec4290 JavaThread "Signal Dispatcher" daemon [_thread_blocked, id=7492, stack(0x000000336b600000,0x000000336b700000)]
  0x000001d5a7ec4d60 JavaThread "Attach Listener" daemon [_thread_blocked, id=14220, stack(0x000000336b700000,0x000000336b800000)]
  0x000001d5a7ec7640 JavaThread "Service Thread" daemon [_thread_blocked, id=5804, stack(0x000000336b800000,0x000000336b900000)]
  0x000001d5a7ec7f10 JavaThread "Monitor Deflation Thread" daemon [_thread_blocked, id=9132, stack(0x000000336b900000,0x000000336ba00000)]
=>0x000001d5a7ec8bc0 JavaThread "C2 CompilerThread0" daemon [_thread_in_native, id=8696, stack(0x000000336ba00000,0x000000336bb00000)]
  0x000001d5a7ecd5a0 JavaThread "C1 CompilerThread0" daemon [_thread_blocked, id=19084, stack(0x000000336bb00000,0x000000336bc00000)]
  0x000001d5a7ee8670 JavaThread "Sweeper thread" daemon [_thread_blocked, id=1712, stack(0x000000336bc00000,0x000000336bd00000)]
  0x000001d5a7e96ce0 JavaThread "Common-Cleaner" daemon [_thread_blocked, id=9340, stack(0x000000336bd00000,0x000000336be00000)]
  0x000001d5c730f860 JavaThread "Notification Thread" daemon [_thread_blocked, id=12840, stack(0x000000336be00000,0x000000336bf00000)]
  0x000001d5c8359e80 JavaThread "Daemon health stats" [_thread_blocked, id=17604, stack(0x000000336c300000,0x000000336c400000)]
  0x000001d5c7e94880 JavaThread "Incoming local TCP Connector on port 54093" [_thread_in_native, id=19112, stack(0x000000336c400000,0x000000336c500000)]
  0x000001d5c8784530 JavaThread "Daemon periodic checks" [_thread_blocked, id=4092, stack(0x000000336c500000,0x000000336c600000)]
  0x000001d5c87f0190 JavaThread "Daemon" [_thread_blocked, id=5948, stack(0x000000336c600000,0x000000336c700000)]
  0x000001d5c8772aa0 JavaThread "Handler for socket connection from /127.0.0.1:54093 to /127.0.0.1:54096" [_thread_in_native, id=2748, stack(0x000000336c700000,0x000000336c800000)]
  0x000001d5c7172b20 JavaThread "Cancel handler" [_thread_blocked, id=16676, stack(0x000000336c800000,0x000000336c900000)]
  0x000001d5c7174470 JavaThread "Daemon worker" [_thread_in_native, id=7504, stack(0x000000336c900000,0x000000336ca00000)]
  0x000001d5c7173030 JavaThread "Asynchronous log dispatcher for DefaultDaemonConnection: socket connection from /127.0.0.1:54093 to /127.0.0.1:54096" [_thread_blocked, id=18108, stack(0x000000336ca00000,0x000000336cb00000)]
  0x000001d5c7174e90 JavaThread "Stdin handler" [_thread_blocked, id=17876, stack(0x000000336cb00000,0x000000336cc00000)]
  0x000001d5c7173f60 JavaThread "Daemon client event forwarder" [_thread_blocked, id=8252, stack(0x000000336cc00000,0x000000336cd00000)]
  0x000001d5c71753a0 JavaThread "Cache worker for journal cache (C:\Users\user\.gradle\caches\journal-1)" [_thread_blocked, id=14944, stack(0x000000336cd00000,0x000000336ce00000)]
  0x000001d5c71758b0 JavaThread "File lock request listener" [_thread_in_native, id=4224, stack(0x000000336ce00000,0x000000336cf00000)]
  0x000001d5c7175dc0 JavaThread "Cache worker for file hash cache (C:\Users\user\.gradle\caches\8.6\fileHashes)" [_thread_blocked, id=3796, stack(0x000000336cf00000,0x000000336d000000)]

Other Threads:
  0x000001d5a7ea6200 VMThread "VM Thread" [stack: 0x000000336b300000,0x000000336b400000] [id=13932]
  0x000001d5c726aea0 WatcherThread [stack: 0x000000336bf00000,0x000000336c000000] [id=16720]
  0x000001d58a3326f0 GCTaskThread "GC Thread#0" [stack: 0x000000336ae00000,0x000000336af00000] [id=10840]
  0x000001d5c752e4d0 GCTaskThread "GC Thread#1" [stack: 0x000000336c000000,0x000000336c100000] [id=19416]
  0x000001d5c752e790 GCTaskThread "GC Thread#2" [stack: 0x000000336c100000,0x000000336c200000] [id=16044]
  0x000001d5c7daf9d0 GCTaskThread "GC Thread#3" [stack: 0x000000336c200000,0x000000336c300000] [id=1472]
  0x000001d58a3433f0 ConcurrentGCThread "G1 Main Marker" [stack: 0x000000336af00000,0x000000336b000000] [id=9416]
  0x000001d58a343bc0 ConcurrentGCThread "G1 Conc#0" [stack: 0x000000336b000000,0x000000336b100000] [id=2172]
  0x000001d58a38d7c0 ConcurrentGCThread "G1 Refine#0" [stack: 0x000000336b100000,0x000000336b200000] [id=17356]
  0x000001d58a38dfa0 ConcurrentGCThread "G1 Service" [stack: 0x000000336b200000,0x000000336b300000] [id=17892]

Threads with active compile tasks:
C2 CompilerThread0    24536 2343   !   4       java.lang.ClassLoader::loadClass (121 bytes)

VM state: not at safepoint (normal execution)

VM Mutex/Monitor currently owned by a thread: None

Heap address: 0x0000000080000000, size: 2048 MB, Compressed Oops mode: 32-bit

CDS archive(s) mapped at: [0x000001d5a8000000-0x000001d5a8bb0000-0x000001d5a8bb0000), size 12255232, SharedBaseAddress: 0x000001d5a8000000, ArchiveRelocationMode: 1.
Compressed class space mapped at: 0x000001d5a9000000-0x000001d5c3000000, reserved size: 436207616
Narrow klass base: 0x000001d5a8000000, Narrow klass shift: 0, Narrow klass range: 0x100000000

GC Precious Log:
 CPUs: 4 total, 4 available
 Memory: 8030M
 Large Page Support: Disabled
 NUMA Support: Disabled
 Compressed Oops: Enabled (32-bit)
 Heap Region Size: 1M
 Heap Min Capacity: 8M
 Heap Initial Capacity: 126M
 Heap Max Capacity: 2G
 Pre-touch: Disabled
 Parallel Workers: 4
 Concurrent Workers: 1
 Concurrent Refinement Workers: 4
 Periodic GC: Disabled

Heap:
 garbage-first heap   total 129024K, used 76991K [0x0000000080000000, 0x0000000100000000)
  region size 1024K, 66 young (67584K), 1 survivors (1024K)
 Metaspace       used 14718K, committed 15040K, reserved 491520K
  class space    used 2030K, committed 2176K, reserved 425984K

Heap Regions: E=young(eden), S=young(survivor), O=old, HS=humongous(starts), HC=humongous(continues), CS=collection set, F=free, OA=open archive, CA=closed archive, TAMS=top-at-mark-start (previous, next)
|   0|0x0000000080000000, 0x0000000080100000, 0x0000000080100000|100%| O|  |TAMS 0x0000000080000000, 0x0000000080000000| Untracked 
|   1|0x0000000080100000, 0x0000000080200000, 0x0000000080200000|100%| O|  |TAMS 0x0000000080100000, 0x0000000080100000| Untracked 
|   2|0x0000000080200000, 0x0000000080300000, 0x0000000080300000|100%|HS|  |TAMS 0x0000000080200000, 0x0000000080200000| Complete 
|   3|0x0000000080300000, 0x0000000080400000, 0x0000000080400000|100%|HC|  |TAMS 0x0000000080300000, 0x0000000080300000| Complete 
|   4|0x0000000080400000, 0x0000000080500000, 0x0000000080500000|100%|HC|  |TAMS 0x0000000080400000, 0x0000000080400000| Complete 
|   5|0x0000000080500000, 0x0000000080600000, 0x0000000080600000|100%|HC|  |TAMS 0x0000000080500000, 0x0000000080500000| Complete 
|   6|0x0000000080600000, 0x0000000080700000, 0x0000000080700000|100%| O|  |TAMS 0x0000000080600000, 0x0000000080600000| Untracked 
|   7|0x0000000080700000, 0x0000000080800000, 0x0000000080800000|100%| O|  |TAMS 0x0000000080700000, 0x0000000080700000| Untracked 
|   8|0x0000000080800000, 0x0000000080900000, 0x0000000080900000|100%| O|  |TAMS 0x0000000080800000, 0x0000000080800000| Untracked 
|   9|0x0000000080900000, 0x0000000080a00000, 0x0000000080a00000|100%| O|  |TAMS 0x0000000080900000, 0x0000000080900000| Untracked 
|  10|0x0000000080a00000, 0x0000000080abc400, 0x0000000080b00000| 73%| O|  |TAMS 0x0000000080a00000, 0x0000000080a00000| Untracked 
|  11|0x0000000080b00000, 0x0000000080c00000, 0x0000000080c00000|100%|HS|  |TAMS 0x0000000080b00000, 0x0000000080b00000| Complete 
|  12|0x0000000080c00000, 0x0000000080c00000, 0x0000000080d00000|  0%| F|  |TAMS 0x0000000080c00000, 0x0000000080c00000| Untracked 
|  13|0x0000000080d00000, 0x0000000080d00000, 0x0000000080e00000|  0%| F|  |TAMS 0x0000000080d00000, 0x0000000080d00000| Untracked 
|  14|0x0000000080e00000, 0x0000000080e00000, 0x0000000080f00000|  0%| F|  |TAMS 0x0000000080e00000, 0x0000000080e00000| Untracked 
|  15|0x0000000080f00000, 0x0000000080f00000, 0x0000000081000000|  0%| F|  |TAMS 0x0000000080f00000, 0x0000000080f00000| Untracked 
|  16|0x0000000081000000, 0x0000000081000000, 0x0000000081100000|  0%| F|  |TAMS 0x0000000081000000, 0x0000000081000000| Untracked 
|  17|0x0000000081100000, 0x0000000081100000, 0x0000000081200000|  0%| F|  |TAMS 0x0000000081100000, 0x0000000081100000| Untracked 
|  18|0x0000000081200000, 0x0000000081200000, 0x0000000081300000|  0%| F|  |TAMS 0x0000000081200000, 0x0000000081200000| Untracked 
|  19|0x0000000081300000, 0x0000000081300000, 0x0000000081400000|  0%| F|  |TAMS 0x0000000081300000, 0x0000000081300000| Untracked 
|  20|0x0000000081400000, 0x0000000081400000, 0x0000000081500000|  0%| F|  |TAMS 0x0000000081400000, 0x0000000081400000| Untracked 
|  21|0x0000000081500000, 0x0000000081500000, 0x0000000081600000|  0%| F|  |TAMS 0x0000000081500000, 0x0000000081500000| Untracked 
|  22|0x0000000081600000, 0x0000000081600000, 0x0000000081700000|  0%| F|  |TAMS 0x0000000081600000, 0x0000000081600000| Untracked 
|  23|0x0000000081700000, 0x0000000081700000, 0x0000000081800000|  0%| F|  |TAMS 0x0000000081700000, 0x0000000081700000| Untracked 
|  24|0x0000000081800000, 0x0000000081800000, 0x0000000081900000|  0%| F|  |TAMS 0x0000000081800000, 0x0000000081800000| Untracked 
|  25|0x0000000081900000, 0x0000000081900000, 0x0000000081a00000|  0%| F|  |TAMS 0x0000000081900000, 0x0000000081900000| Untracked 
|  26|0x0000000081a00000, 0x0000000081a00000, 0x0000000081b00000|  0%| F|  |TAMS 0x0000000081a00000, 0x0000000081a00000| Untracked 
|  27|0x0000000081b00000, 0x0000000081b00000, 0x0000000081c00000|  0%| F|  |TAMS 0x0000000081b00000, 0x0000000081b00000| Untracked 
|  28|0x0000000081c00000, 0x0000000081c00000, 0x0000000081d00000|  0%| F|  |TAMS 0x0000000081c00000, 0x0000000081c00000| Untracked 
|  29|0x0000000081d00000, 0x0000000081d00000, 0x0000000081e00000|  0%| F|  |TAMS 0x0000000081d00000, 0x0000000081d00000| Untracked 
|  30|0x0000000081e00000, 0x0000000081e00000, 0x0000000081f00000|  0%| F|  |TAMS 0x0000000081e00000, 0x0000000081e00000| Untracked 
|  31|0x0000000081f00000, 0x0000000081f00000, 0x0000000082000000|  0%| F|  |TAMS 0x0000000081f00000, 0x0000000081f00000| Untracked 
|  32|0x0000000082000000, 0x0000000082000000, 0x0000000082100000|  0%| F|  |TAMS 0x0000000082000000, 0x0000000082000000| Untracked 
|  33|0x0000000082100000, 0x0000000082100000, 0x0000000082200000|  0%| F|  |TAMS 0x0000000082100000, 0x0000000082100000| Untracked 
|  34|0x0000000082200000, 0x0000000082200000, 0x0000000082300000|  0%| F|  |TAMS 0x0000000082200000, 0x0000000082200000| Untracked 
|  35|0x0000000082300000, 0x0000000082300000, 0x0000000082400000|  0%| F|  |TAMS 0x0000000082300000, 0x0000000082300000| Untracked 
|  36|0x0000000082400000, 0x0000000082400000, 0x0000000082500000|  0%| F|  |TAMS 0x0000000082400000, 0x0000000082400000| Untracked 
|  37|0x0000000082500000, 0x0000000082500000, 0x0000000082600000|  0%| F|  |TAMS 0x0000000082500000, 0x0000000082500000| Untracked 
|  38|0x0000000082600000, 0x0000000082600000, 0x0000000082700000|  0%| F|  |TAMS 0x0000000082600000, 0x0000000082600000| Untracked 
|  39|0x0000000082700000, 0x0000000082700000, 0x0000000082800000|  0%| F|  |TAMS 0x0000000082700000, 0x0000000082700000| Untracked 
|  40|0x0000000082800000, 0x0000000082800000, 0x0000000082900000|  0%| F|  |TAMS 0x0000000082800000, 0x0000000082800000| Untracked 
|  41|0x0000000082900000, 0x0000000082900000, 0x0000000082a00000|  0%| F|  |TAMS 0x0000000082900000, 0x0000000082900000| Untracked 
|  42|0x0000000082a00000, 0x0000000082a00000, 0x0000000082b00000|  0%| F|  |TAMS 0x0000000082a00000, 0x0000000082a00000| Untracked 
|  43|0x0000000082b00000, 0x0000000082b00000, 0x0000000082c00000|  0%| F|  |TAMS 0x0000000082b00000, 0x0000000082b00000| Untracked 
|  44|0x0000000082c00000, 0x0000000082c00000, 0x0000000082d00000|  0%| F|  |TAMS 0x0000000082c00000, 0x0000000082c00000| Untracked 
|  45|0x0000000082d00000, 0x0000000082d00000, 0x0000000082e00000|  0%| F|  |TAMS 0x0000000082d00000, 0x0000000082d00000| Untracked 
|  46|0x0000000082e00000, 0x0000000082e00000, 0x0000000082f00000|  0%| F|  |TAMS 0x0000000082e00000, 0x0000000082e00000| Untracked 
|  47|0x0000000082f00000, 0x0000000082f00000, 0x0000000083000000|  0%| F|  |TAMS 0x0000000082f00000, 0x0000000082f00000| Untracked 
|  48|0x0000000083000000, 0x0000000083000000, 0x0000000083100000|  0%| F|  |TAMS 0x0000000083000000, 0x0000000083000000| Untracked 
|  49|0x0000000083100000, 0x0000000083100000, 0x0000000083200000|  0%| F|  |TAMS 0x0000000083100000, 0x0000000083100000| Untracked 
|  50|0x0000000083200000, 0x0000000083200000, 0x0000000083300000|  0%| F|  |TAMS 0x0000000083200000, 0x0000000083200000| Untracked 
|  51|0x0000000083300000, 0x0000000083300000, 0x0000000083400000|  0%| F|  |TAMS 0x0000000083300000, 0x0000000083300000| Untracked 
|  52|0x0000000083400000, 0x0000000083400000, 0x0000000083500000|  0%| F|  |TAMS 0x0000000083400000, 0x0000000083400000| Untracked 
|  53|0x0000000083500000, 0x0000000083500000, 0x0000000083600000|  0%| F|  |TAMS 0x0000000083500000, 0x0000000083500000| Untracked 
|  54|0x0000000083600000, 0x0000000083600000, 0x0000000083700000|  0%| F|  |TAMS 0x0000000083600000, 0x0000000083600000| Untracked 
|  55|0x0000000083700000, 0x0000000083700000, 0x0000000083800000|  0%| F|  |TAMS 0x0000000083700000, 0x0000000083700000| Untracked 
|  56|0x0000000083800000, 0x0000000083800000, 0x0000000083900000|  0%| F|  |TAMS 0x0000000083800000, 0x0000000083800000| Untracked 
|  57|0x0000000083900000, 0x0000000083900000, 0x0000000083a00000|  0%| F|  |TAMS 0x0000000083900000, 0x0000000083900000| Untracked 
|  58|0x0000000083a00000, 0x0000000083a00000, 0x0000000083b00000|  0%| F|  |TAMS 0x0000000083a00000, 0x0000000083a00000| Untracked 
|  59|0x0000000083b00000, 0x0000000083b00000, 0x0000000083c00000|  0%| F|  |TAMS 0x0000000083b00000, 0x0000000083b00000| Untracked 
|  60|0x0000000083c00000, 0x0000000083c80800, 0x0000000083d00000| 50%| E|  |TAMS 0x0000000083c00000, 0x0000000083c00000| Complete 
|  61|0x0000000083d00000, 0x0000000083e00000, 0x0000000083e00000|100%| E|CS|TAMS 0x0000000083d00000, 0x0000000083d00000| Complete 
|  62|0x0000000083e00000, 0x0000000083f00000, 0x0000000083f00000|100%| E|CS|TAMS 0x0000000083e00000, 0x0000000083e00000| Complete 
|  63|0x0000000083f00000, 0x0000000084000000, 0x0000000084000000|100%| E|CS|TAMS 0x0000000083f00000, 0x0000000083f00000| Complete 
|  64|0x0000000084000000, 0x0000000084100000, 0x0000000084100000|100%| E|CS|TAMS 0x0000000084000000, 0x0000000084000000| Complete 
|  65|0x0000000084100000, 0x0000000084200000, 0x0000000084200000|100%| E|CS|TAMS 0x0000000084100000, 0x0000000084100000| Complete 
|  66|0x0000000084200000, 0x0000000084300000, 0x0000000084300000|100%| E|CS|TAMS 0x0000000084200000, 0x0000000084200000| Complete 
|  67|0x0000000084300000, 0x0000000084400000, 0x0000000084400000|100%| E|CS|TAMS 0x0000000084300000, 0x0000000084300000| Complete 
|  68|0x0000000084400000, 0x0000000084500000, 0x0000000084500000|100%| E|CS|TAMS 0x0000000084400000, 0x0000000084400000| Complete 
|  69|0x0000000084500000, 0x0000000084600000, 0x0000000084600000|100%| E|CS|TAMS 0x0000000084500000, 0x0000000084500000| Complete 
|  70|0x0000000084600000, 0x0000000084700000, 0x0000000084700000|100%| E|CS|TAMS 0x0000000084600000, 0x0000000084600000| Complete 
|  71|0x0000000084700000, 0x0000000084800000, 0x0000000084800000|100%| E|CS|TAMS 0x0000000084700000, 0x0000000084700000| Complete 
|  72|0x0000000084800000, 0x0000000084900000, 0x0000000084900000|100%| E|CS|TAMS 0x0000000084800000, 0x0000000084800000| Complete 
|  73|0x0000000084900000, 0x0000000084a00000, 0x0000000084a00000|100%| E|CS|TAMS 0x0000000084900000, 0x0000000084900000| Complete 
|  74|0x0000000084a00000, 0x0000000084b00000, 0x0000000084b00000|100%| E|CS|TAMS 0x0000000084a00000, 0x0000000084a00000| Complete 
|  75|0x0000000084b00000, 0x0000000084c00000, 0x0000000084c00000|100%| E|CS|TAMS 0x0000000084b00000, 0x0000000084b00000| Complete 
|  76|0x0000000084c00000, 0x0000000084d00000, 0x0000000084d00000|100%| E|CS|TAMS 0x0000000084c00000, 0x0000000084c00000| Complete 
|  77|0x0000000084d00000, 0x0000000084e00000, 0x0000000084e00000|100%| E|CS|TAMS 0x0000000084d00000, 0x0000000084d00000| Complete 
|  78|0x0000000084e00000, 0x0000000084f00000, 0x0000000084f00000|100%| E|CS|TAMS 0x0000000084e00000, 0x0000000084e00000| Complete 
|  79|0x0000000084f00000, 0x0000000085000000, 0x0000000085000000|100%| E|CS|TAMS 0x0000000084f00000, 0x0000000084f00000| Complete 
|  80|0x0000000085000000, 0x0000000085100000, 0x0000000085100000|100%| E|CS|TAMS 0x0000000085000000, 0x0000000085000000| Complete 
|  81|0x0000000085100000, 0x0000000085200000, 0x0000000085200000|100%| E|CS|TAMS 0x0000000085100000, 0x0000000085100000| Complete 
|  82|0x0000000085200000, 0x0000000085300000, 0x0000000085300000|100%| E|CS|TAMS 0x0000000085200000, 0x0000000085200000| Complete 
|  83|0x0000000085300000, 0x0000000085400000, 0x0000000085400000|100%| E|CS|TAMS 0x0000000085300000, 0x0000000085300000| Complete 
|  84|0x0000000085400000, 0x0000000085500000, 0x0000000085500000|100%| E|CS|TAMS 0x0000000085400000, 0x0000000085400000| Complete 
|  85|0x0000000085500000, 0x0000000085600000, 0x0000000085600000|100%| E|CS|TAMS 0x0000000085500000, 0x0000000085500000| Complete 
|  86|0x0000000085600000, 0x0000000085700000, 0x0000000085700000|100%| E|CS|TAMS 0x0000000085600000, 0x0000000085600000| Complete 
|  87|0x0000000085700000, 0x0000000085800000, 0x0000000085800000|100%| E|CS|TAMS 0x0000000085700000, 0x0000000085700000| Complete 
|  88|0x0000000085800000, 0x0000000085900000, 0x0000000085900000|100%| E|CS|TAMS 0x0000000085800000, 0x0000000085800000| Complete 
|  89|0x0000000085900000, 0x0000000085a00000, 0x0000000085a00000|100%| E|CS|TAMS 0x0000000085900000, 0x0000000085900000| Complete 
|  90|0x0000000085a00000, 0x0000000085b00000, 0x0000000085b00000|100%| E|CS|TAMS 0x0000000085a00000, 0x0000000085a00000| Complete 
|  91|0x0000000085b00000, 0x0000000085c00000, 0x0000000085c00000|100%| E|CS|TAMS 0x0000000085b00000, 0x0000000085b00000| Complete 
|  92|0x0000000085c00000, 0x0000000085d00000, 0x0000000085d00000|100%| E|CS|TAMS 0x0000000085c00000, 0x0000000085c00000| Complete 
|  93|0x0000000085d00000, 0x0000000085e00000, 0x0000000085e00000|100%| E|CS|TAMS 0x0000000085d00000, 0x0000000085d00000| Complete 
|  94|0x0000000085e00000, 0x0000000085f00000, 0x0000000085f00000|100%| E|CS|TAMS 0x0000000085e00000, 0x0000000085e00000| Complete 
|  95|0x0000000085f00000, 0x0000000086000000, 0x0000000086000000|100%| E|CS|TAMS 0x0000000085f00000, 0x0000000085f00000| Complete 
|  96|0x0000000086000000, 0x0000000086100000, 0x0000000086100000|100%| E|CS|TAMS 0x0000000086000000, 0x0000000086000000| Complete 
|  97|0x0000000086100000, 0x0000000086200000, 0x0000000086200000|100%| E|CS|TAMS 0x0000000086100000, 0x0000000086100000| Complete 
|  98|0x0000000086200000, 0x0000000086300000, 0x0000000086300000|100%| E|CS|TAMS 0x0000000086200000, 0x0000000086200000| Complete 
|  99|0x0000000086300000, 0x0000000086400000, 0x0000000086400000|100%| E|CS|TAMS 0x0000000086300000, 0x0000000086300000| Complete 
| 100|0x0000000086400000, 0x0000000086473b40, 0x0000000086500000| 45%| S|CS|TAMS 0x0000000086400000, 0x0000000086400000| Complete 
| 101|0x0000000086500000, 0x0000000086600000, 0x0000000086600000|100%| E|CS|TAMS 0x0000000086500000, 0x0000000086500000| Complete 
| 102|0x0000000086600000, 0x0000000086700000, 0x0000000086700000|100%| E|CS|TAMS 0x0000000086600000, 0x0000000086600000| Complete 
| 103|0x0000000086700000, 0x0000000086800000, 0x0000000086800000|100%| E|CS|TAMS 0x0000000086700000, 0x0000000086700000| Complete 
| 104|0x0000000086800000, 0x0000000086900000, 0x0000000086900000|100%| E|CS|TAMS 0x0000000086800000, 0x0000000086800000| Complete 
| 105|0x0000000086900000, 0x0000000086a00000, 0x0000000086a00000|100%| E|CS|TAMS 0x0000000086900000, 0x0000000086900000| Complete 
| 106|0x0000000086a00000, 0x0000000086b00000, 0x0000000086b00000|100%| E|CS|TAMS 0x0000000086a00000, 0x0000000086a00000| Complete 
| 107|0x0000000086b00000, 0x0000000086c00000, 0x0000000086c00000|100%| E|CS|TAMS 0x0000000086b00000, 0x0000000086b00000| Complete 
| 108|0x0000000086c00000, 0x0000000086d00000, 0x0000000086d00000|100%| E|CS|TAMS 0x0000000086c00000, 0x0000000086c00000| Complete 
| 109|0x0000000086d00000, 0x0000000086e00000, 0x0000000086e00000|100%| E|CS|TAMS 0x0000000086d00000, 0x0000000086d00000| Complete 
| 110|0x0000000086e00000, 0x0000000086f00000, 0x0000000086f00000|100%| E|CS|TAMS 0x0000000086e00000, 0x0000000086e00000| Complete 
| 111|0x0000000086f00000, 0x0000000087000000, 0x0000000087000000|100%| E|CS|TAMS 0x0000000086f00000, 0x0000000086f00000| Complete 
| 112|0x0000000087000000, 0x0000000087100000, 0x0000000087100000|100%| E|CS|TAMS 0x0000000087000000, 0x0000000087000000| Complete 
| 113|0x0000000087100000, 0x0000000087200000, 0x0000000087200000|100%| E|CS|TAMS 0x0000000087100000, 0x0000000087100000| Complete 
| 114|0x0000000087200000, 0x0000000087300000, 0x0000000087300000|100%| E|CS|TAMS 0x0000000087200000, 0x0000000087200000| Complete 
| 115|0x0000000087300000, 0x0000000087400000, 0x0000000087400000|100%| E|CS|TAMS 0x0000000087300000, 0x0000000087300000| Complete 
| 116|0x0000000087400000, 0x0000000087500000, 0x0000000087500000|100%| E|CS|TAMS 0x0000000087400000, 0x0000000087400000| Complete 
| 117|0x0000000087500000, 0x0000000087600000, 0x0000000087600000|100%| E|CS|TAMS 0x0000000087500000, 0x0000000087500000| Complete 
| 118|0x0000000087600000, 0x0000000087700000, 0x0000000087700000|100%| E|CS|TAMS 0x0000000087600000, 0x0000000087600000| Complete 
| 119|0x0000000087700000, 0x0000000087800000, 0x0000000087800000|100%| E|CS|TAMS 0x0000000087700000, 0x0000000087700000| Complete 
| 120|0x0000000087800000, 0x0000000087900000, 0x0000000087900000|100%| E|CS|TAMS 0x0000000087800000, 0x0000000087800000| Complete 
| 121|0x0000000087900000, 0x0000000087a00000, 0x0000000087a00000|100%| E|CS|TAMS 0x0000000087900000, 0x0000000087900000| Complete 
| 122|0x0000000087a00000, 0x0000000087b00000, 0x0000000087b00000|100%| E|  |TAMS 0x0000000087a00000, 0x0000000087a00000| Complete 
| 123|0x0000000087b00000, 0x0000000087c00000, 0x0000000087c00000|100%| E|CS|TAMS 0x0000000087b00000, 0x0000000087b00000| Complete 
| 124|0x0000000087c00000, 0x0000000087d00000, 0x0000000087d00000|100%| E|CS|TAMS 0x0000000087c00000, 0x0000000087c00000| Complete 
| 125|0x0000000087d00000, 0x0000000087e00000, 0x0000000087e00000|100%| E|CS|TAMS 0x0000000087d00000, 0x0000000087d00000| Complete 

Card table byte_map: [0x000001d5a11f0000,0x000001d5a15f0000] _byte_map_base: 0x000001d5a0df0000

Marking Bits (Prev, Next): (CMBitMap*) 0x000001d58a332ac0, (CMBitMap*) 0x000001d58a332b00
 Prev Bits: [0x000001d5a19f0000, 0x000001d5a39f0000)
 Next Bits: [0x000001d5a39f0000, 0x000001d5a59f0000)

Polling page: 0x000001d588260000

Metaspace:

Usage:
  Non-class:     12.39 MB used.
      Class:      1.98 MB used.
       Both:     14.37 MB used.

Virtual space:
  Non-class space:       64.00 MB reserved,      12.56 MB ( 20%) committed,  1 nodes.
      Class space:      416.00 MB reserved,       2.12 MB ( <1%) committed,  1 nodes.
             Both:      480.00 MB reserved,      14.69 MB (  3%) committed. 

Chunk freelists:
   Non-Class:  3.42 MB
       Class:  13.89 MB
        Both:  17.31 MB

MaxMetaspaceSize: 512.00 MB
CompressedClassSpaceSize: 416.00 MB
Initial GC threshold: 21.00 MB
Current GC threshold: 21.00 MB
CDS: on
MetaspaceReclaimPolicy: balanced
 - commit_granule_bytes: 65536.
 - commit_granule_words: 8192.
 - virtual_space_node_default_size: 8388608.
 - enlarge_chunks_in_place: 1.
 - new_chunks_are_fully_committed: 0.
 - uncommit_free_chunks: 1.
 - use_allocation_guard: 0.
 - handle_deallocations: 1.


Internal statistics:

num_allocs_failed_limit: 0.
num_arena_births: 202.
num_arena_deaths: 0.
num_vsnodes_births: 2.
num_vsnodes_deaths: 0.
num_space_committed: 235.
num_space_uncommitted: 0.
num_chunks_returned_to_freelist: 0.
num_chunks_taken_from_freelist: 661.
num_chunk_merges: 0.
num_chunk_splits: 439.
num_chunks_enlarged: 331.
num_inconsistent_stats: 0.

CodeHeap 'non-profiled nmethods': size=120000Kb used=1149Kb max_used=1149Kb free=118850Kb
 bounds [0x000001d5998c0000, 0x000001d599b30000, 0x000001d5a0df0000]
CodeHeap 'profiled nmethods': size=120000Kb used=4884Kb max_used=4884Kb free=115115Kb
 bounds [0x000001d591df0000, 0x000001d5922c0000, 0x000001d599320000]
CodeHeap 'non-nmethods': size=5760Kb used=1222Kb max_used=1283Kb free=4537Kb
 bounds [0x000001d599320000, 0x000001d599590000, 0x000001d5998c0000]
 total_blobs=2878 nmethods=2350 adapters=440
 compilation: enabled
              stopped_count=0, restarted_count=0
 full_count=0

Compilation events (20 events):
Event: 23.041 Thread 0x000001d5a7ecd5a0 nmethod 2339 0x000001d5922ac610 code [0x000001d5922ac7c0, 0x000001d5922aca88]
Event: 23.041 Thread 0x000001d5a7ecd5a0 2340   !   3       org.gradle.launcher.daemon.server.exec.DaemonConnectionBackedEventConsumer$ForwardEvents::getNextEvent (27 bytes)
Event: 23.042 Thread 0x000001d5a7ecd5a0 nmethod 2340 0x000001d5922acb90 code [0x000001d5922acd40, 0x000001d5922acfc8]
Event: 23.330 Thread 0x000001d5a7ec8bc0 2341       4       java.lang.StringLatin1::canEncode (13 bytes)
Event: 23.330 Thread 0x000001d5a7ec8bc0 nmethod 2341 0x000001d5999de090 code [0x000001d5999de200, 0x000001d5999de278]
Event: 23.463 Thread 0x000001d5a7ec8bc0 2343   !   4       java.lang.ClassLoader::loadClass (121 bytes)
Event: 23.509 Thread 0x000001d5a7ecd5a0 2344       3       jdk.internal.org.objectweb.asm.FieldWriter::visitEnd (1 bytes)
Event: 23.509 Thread 0x000001d5a7ecd5a0 nmethod 2344 0x000001d5922ad110 code [0x000001d5922ad2a0, 0x000001d5922ad3b8]
Event: 23.509 Thread 0x000001d5a7ecd5a0 2345       3       java.lang.invoke.InnerClassLambdaMetafactory::getLoadOpcode (26 bytes)
Event: 23.509 Thread 0x000001d5a7ecd5a0 nmethod 2345 0x000001d5922ad490 code [0x000001d5922ad640, 0x000001d5922ad878]
Event: 23.509 Thread 0x000001d5a7ecd5a0 2346       3       java.lang.invoke.InnerClassLambdaMetafactory::getParameterSize (27 bytes)
Event: 23.509 Thread 0x000001d5a7ecd5a0 nmethod 2346 0x000001d5922ad990 code [0x000001d5922adb40, 0x000001d5922add58]
Event: 23.509 Thread 0x000001d5a7ecd5a0 2347       3       jdk.internal.org.objectweb.asm.MethodVisitor::visitVarInsn (17 bytes)
Event: 23.510 Thread 0x000001d5a7ecd5a0 nmethod 2347 0x000001d5922ade10 code [0x000001d5922adfc0, 0x000001d5922ae1c8]
Event: 23.563 Thread 0x000001d5a7ecd5a0 2348       1       jdk.internal.reflect.DelegatingMethodAccessorImpl::setDelegate (6 bytes)
Event: 23.563 Thread 0x000001d5a7ecd5a0 nmethod 2348 0x000001d5999de690 code [0x000001d5999de820, 0x000001d5999de938]
Event: 23.630 Thread 0x000001d5a7ecd5a0 2349       3       java.util.Collections$EmptyList::spliterator (4 bytes)
Event: 23.630 Thread 0x000001d5a7ecd5a0 nmethod 2349 0x000001d5922ae290 code [0x000001d5922ae420, 0x000001d5922ae598]
Event: 23.630 Thread 0x000001d5a7ecd5a0 2350       3       java.util.Spliterators::emptySpliterator (4 bytes)
Event: 23.630 Thread 0x000001d5a7ecd5a0 nmethod 2350 0x000001d5922ae690 code [0x000001d5922ae820, 0x000001d5922ae918]

GC Heap History (6 events):
Event: 2.954 GC heap before
{Heap before GC invocations=0 (full 0):
 garbage-first heap   total 129024K, used 13312K [0x0000000080000000, 0x0000000100000000)
  region size 1024K, 13 young (13312K), 0 survivors (0K)
 Metaspace       used 1006K, committed 1152K, reserved 491520K
  class space    used 74K, committed 128K, reserved 425984K
}
Event: 3.005 GC heap after
{Heap after GC invocations=1 (full 0):
 garbage-first heap   total 129024K, used 3652K [0x0000000080000000, 0x0000000100000000)
  region size 1024K, 2 young (2048K), 2 survivors (2048K)
 Metaspace       used 1006K, committed 1152K, reserved 491520K
  class space    used 74K, committed 128K, reserved 425984K
}
Event: 4.447 GC heap before
{Heap before GC invocations=1 (full 0):
 garbage-first heap   total 129024K, used 23108K [0x0000000080000000, 0x0000000100000000)
  region size 1024K, 18 young (18432K), 2 survivors (2048K)
 Metaspace       used 3908K, committed 4032K, reserved 491520K
  class space    used 489K, committed 576K, reserved 425984K
}
Event: 4.453 GC heap after
{Heap after GC invocations=2 (full 0):
 garbage-first heap   total 129024K, used 11194K [0x0000000080000000, 0x0000000100000000)
  region size 1024K, 3 young (3072K), 3 survivors (3072K)
 Metaspace       used 3908K, committed 4032K, reserved 491520K
  class space    used 489K, committed 576K, reserved 425984K
}
Event: 5.235 GC heap before
{Heap before GC invocations=2 (full 0):
 garbage-first heap   total 129024K, used 33722K [0x0000000080000000, 0x0000000100000000)
  region size 1024K, 25 young (25600K), 3 survivors (3072K)
 Metaspace       used 3987K, committed 4160K, reserved 491520K
  class space    used 489K, committed 576K, reserved 425984K
}
Event: 5.239 GC heap after
{Heap after GC invocations=3 (full 0):
 garbage-first heap   total 129024K, used 11455K [0x0000000080000000, 0x0000000100000000)
  region size 1024K, 1 young (1024K), 1 survivors (1024K)
 Metaspace       used 3987K, committed 4160K, reserved 491520K
  class space    used 489K, committed 576K, reserved 425984K
}

Dll operation events (15 events):
Event: 0.447 Loaded shared library C:\Program Files\Microsoft\jdk-17.0.10.7-hotspot\bin\java.dll
Event: 0.477 Loaded shared library C:\Program Files\Microsoft\jdk-17.0.10.7-hotspot\bin\jsvml.dll
Event: 0.984 Loaded shared library C:\Program Files\Microsoft\jdk-17.0.10.7-hotspot\bin\zip.dll
Event: 0.991 Loaded shared library C:\Program Files\Microsoft\jdk-17.0.10.7-hotspot\bin\instrument.dll
Event: 1.016 Loaded shared library C:\Program Files\Microsoft\jdk-17.0.10.7-hotspot\bin\net.dll
Event: 1.020 Loaded shared library C:\Program Files\Microsoft\jdk-17.0.10.7-hotspot\bin\nio.dll
Event: 1.040 Loaded shared library C:\Program Files\Microsoft\jdk-17.0.10.7-hotspot\bin\zip.dll
Event: 2.763 Loaded shared library C:\Program Files\Microsoft\jdk-17.0.10.7-hotspot\bin\jimage.dll
Event: 3.032 Loaded shared library C:\Program Files\Microsoft\jdk-17.0.10.7-hotspot\bin\verify.dll
Event: 3.730 Loaded shared library C:\Users\user\.gradle\native\c067742578af261105cb4f569cf0c3c89f3d7b1fecec35dd04571415982c5e48\windows-amd64\native-platform.dll
Event: 3.756 Loaded shared library C:\Users\user\.gradle\native\38dada09dfb8b06ba9b0570ebf7e218e3eb74d4ef43ca46872605cf95ebc2f47\windows-amd64\native-platform-file-events.dll
Event: 6.533 Loaded shared library C:\Program Files\Microsoft\jdk-17.0.10.7-hotspot\bin\management.dll
Event: 6.540 Loaded shared library C:\Program Files\Microsoft\jdk-17.0.10.7-hotspot\bin\management_ext.dll
Event: 7.503 Loaded shared library C:\Program Files\Microsoft\jdk-17.0.10.7-hotspot\bin\extnet.dll
Event: 9.967 Loaded shared library C:\Program Files\Microsoft\jdk-17.0.10.7-hotspot\bin\sunmscapi.dll

Deoptimization events (20 events):
Event: 20.130 Thread 0x000001d5c8784530 DEOPT PACKING pc=0x000001d59999c9a4 sp=0x000000336c5feca0
Event: 20.130 Thread 0x000001d5c8784530 DEOPT UNPACKING pc=0x000001d5993769a3 sp=0x000000336c5fec58 mode 2
Event: 20.131 Thread 0x000001d5c8784530 Uncommon trap: trap_request=0xffffffbe fr.pc=0x000001d59999c9a4 relative=0x0000000000000bc4
Event: 20.131 Thread 0x000001d5c8784530 Uncommon trap: reason=profile_predicate action=maybe_recompile pc=0x000001d59999c9a4 method=java.util.AbstractCollection.addAll(Ljava/util/Collection;)Z @ 15 c2
Event: 20.131 Thread 0x000001d5c8784530 DEOPT PACKING pc=0x000001d59999c9a4 sp=0x000000336c5feca0
Event: 20.131 Thread 0x000001d5c8784530 DEOPT UNPACKING pc=0x000001d5993769a3 sp=0x000000336c5fec58 mode 2
Event: 20.139 Thread 0x000001d5c8784530 Uncommon trap: trap_request=0xffffff45 fr.pc=0x000001d599901724 relative=0x0000000000000664
Event: 20.139 Thread 0x000001d5c8784530 Uncommon trap: reason=unstable_if action=reinterpret pc=0x000001d599901724 method=java.lang.AbstractStringBuilder.append(Ljava/lang/String;)Ljava/lang/AbstractStringBuilder; @ 1 c2
Event: 20.139 Thread 0x000001d5c8784530 DEOPT PACKING pc=0x000001d599901724 sp=0x000000336c5fe7e0
Event: 20.139 Thread 0x000001d5c8784530 DEOPT UNPACKING pc=0x000001d5993769a3 sp=0x000000336c5fe760 mode 2
Event: 20.140 Thread 0x000001d5c8784530 Uncommon trap: trap_request=0xffffff45 fr.pc=0x000001d5999023c4 relative=0x0000000000000684
Event: 20.140 Thread 0x000001d5c8784530 Uncommon trap: reason=unstable_if action=reinterpret pc=0x000001d5999023c4 method=java.lang.AbstractStringBuilder.append(Ljava/lang/String;)Ljava/lang/AbstractStringBuilder; @ 1 c2
Event: 20.140 Thread 0x000001d5c8784530 DEOPT PACKING pc=0x000001d5999023c4 sp=0x000000336c5fe770
Event: 20.140 Thread 0x000001d5c8784530 DEOPT UNPACKING pc=0x000001d5993769a3 sp=0x000000336c5fe758 mode 2
Event: 22.293 Thread 0x000001d5c7174470 DEOPT PACKING pc=0x000001d592153988 sp=0x000000336c9fb740
Event: 22.293 Thread 0x000001d5c7174470 DEOPT UNPACKING pc=0x000001d599377143 sp=0x000000336c9fac48 mode 0
Event: 22.425 Thread 0x000001d5c7174470 Uncommon trap: trap_request=0xffffff45 fr.pc=0x000001d59993c0e0 relative=0x0000000000000620
Event: 22.425 Thread 0x000001d5c7174470 Uncommon trap: reason=unstable_if action=reinterpret pc=0x000001d59993c0e0 method=java.io.File.getName()Ljava/lang/String; @ 16 c2
Event: 22.425 Thread 0x000001d5c7174470 DEOPT PACKING pc=0x000001d59993c0e0 sp=0x000000336c9fb5d0
Event: 22.425 Thread 0x000001d5c7174470 DEOPT UNPACKING pc=0x000001d5993769a3 sp=0x000000336c9fb5a0 mode 2

Classes unloaded (0 events):
No events

Classes redefined (0 events):
No events

Internal exceptions (20 events):
Event: 9.849 Thread 0x000001d58a2d6ad0 Exception <a 'java/io/IOException'{0x0000000085df70e8}> (0x0000000085df70e8) 
thrown [s\src\hotspot\share\prims\jni.cpp, line 516]
Event: 12.939 Thread 0x000001d5c7174470 Exception <a 'java/lang/NoSuchMethodError'{0x00000000855a52f0}: 'long java.lang.invoke.DirectMethodHandle$Holder.invokeInterface(java.lang.Object, java.lang.Object)'> (0x00000000855a52f0) 
thrown [s\src\hotspot\share\interpreter\linkResolver.cpp, line 759]
Event: 12.951 Thread 0x000001d5c7174470 Exception <a 'java/lang/NoSuchMethodError'{0x00000000855e0240}: 'java.lang.Object java.lang.invoke.DirectMethodHandle$Holder.invokeVirtual(java.lang.Object, java.lang.Object, java.lang.Object)'> (0x00000000855e0240) 
thrown [s\src\hotspot\share\interpreter\linkResolver.cpp, line 759]
Event: 14.081 Thread 0x000001d5c7174470 Exception <a 'java/lang/NoSuchMethodError'{0x0000000085197440}: 'void java.lang.invoke.DirectMethodHandle$Holder.invokeStatic(java.lang.Object, java.lang.Object)'> (0x0000000085197440) 
thrown [s\src\hotspot\share\interpreter\linkResolver.cpp, line 759]
Event: 15.692 Thread 0x000001d5c7174470 Exception <a 'java/lang/NoSuchMethodError'{0x0000000084f54f60}: 'java.lang.Object java.lang.invoke.DirectMethodHandle$Holder.newInvokeSpecial(java.lang.Object, java.lang.Object, java.lang.Object, java.lang.Object, java.lang.Object)'> (0x0000000084f54f60) 
thrown [s\src\hotspot\share\interpreter\linkResolver.cpp, line 759]
Event: 16.960 Thread 0x000001d5c7174470 Exception <a 'java/lang/NoSuchMethodError'{0x0000000084d7ca18}: 'void java.lang.invoke.DirectMethodHandle$Holder.invokeSpecial(java.lang.Object, java.lang.Object, java.lang.Object)'> (0x0000000084d7ca18) 
thrown [s\src\hotspot\share\interpreter\linkResolver.cpp, line 759]
Event: 17.172 Thread 0x000001d5c7174470 Exception <a 'java/lang/NoSuchMethodError'{0x0000000084c29120}: 'java.lang.Object java.lang.invoke.DirectMethodHandle$Holder.newInvokeSpecial(java.lang.Object, java.lang.Object, java.lang.Object, java.lang.Object, java.lang.Object, java.lang.Object)'> (0x0000000084c29120) 
thrown [s\src\hotspot\share\interpreter\linkResolver.cpp, line 759]
Event: 17.193 Thread 0x000001d5c7174470 Exception <a 'java/lang/NoSuchMethodError'{0x0000000084c40c28}: 'void java.lang.invoke.DirectMethodHandle$Holder.invokeSpecial(java.lang.Object, java.lang.Object, java.lang.Object, java.lang.Object, java.lang.Object)'> (0x0000000084c40c28) 
thrown [s\src\hotspot\share\interpreter\linkResolver.cpp, line 759]
Event: 17.252 Thread 0x000001d5c7174470 Exception <a 'java/lang/NoSuchMethodError'{0x0000000084c54a48}: 'void java.lang.invoke.DirectMethodHandle$Holder.invokeStaticInit(java.lang.Object, java.lang.Object)'> (0x0000000084c54a48) 
thrown [s\src\hotspot\share\interpreter\linkResolver.cpp, line 759]
Event: 17.769 Thread 0x000001d5c7174470 Exception <a 'java/lang/NoSuchMethodError'{0x00000000849146f8}: 'void java.lang.invoke.DelegatingMethodHandle$Holder.reinvoke_L(java.lang.Object, java.lang.Object, java.lang.Object, java.lang.Object, java.lang.Object, java.lang.Object, java.lang.Object, java.lang.Object, java.lang.Object, java.lang.Object)'> (0x00000000849146f8) 
thrown [s\src\hotspot\share\interpreter\linkResolver.cpp, line 759]
Event: 17.771 Thread 0x000001d5c7174470 Exception <a 'java/lang/NoSuchMethodError'{0x000000008491cb68}: 'java.lang.Object java.lang.invoke.DirectMethodHandle$Holder.invokeSpecial(java.lang.Object, java.lang.Object, java.lang.Object, java.lang.Object, java.lang.Object, java.lang.Object, java.lang.Object, java.lang.Object, java.lang.Object, java.lang.Object)'> (0x000000008491cb68) 
thrown [s\src\hotspot\share\interpreter\linkResolver.cpp, line 759]
Event: 17.771 Thread 0x000001d5c7174470 Exception <a 'java/lang/NoSuchMethodError'{0x0000000084921438}: 'java.lang.Object java.lang.invoke.Invokers$Holder.invoker(java.lang.Object, java.lang.Object, java.lang.Object, java.lang.Object, java.lang.Object, java.lang.Object, java.lang.Object, java.lang.Object, java.lang.Object, java.lang.Object)'> (0x0000000084921438) 
thrown [s\src\hotspot\share\interpreter\linkResolver.cpp, line 759]
Event: 17.772 Thread 0x000001d5c7174470 Exception <a 'java/lang/NoSuchMethodError'{0x0000000084926fc0}: 'java.lang.Object java.lang.invoke.DirectMethodHandle$Holder.invokeSpecial(java.lang.Object, java.lang.Object, java.lang.Object, java.lang.Object, java.lang.Object, java.lang.Object, java.lang.Object, java.lang.Object, java.lang.Object, java.lang.Object, java.lang.Object)'> (0x0000000084926fc0) 
thrown [s\src\hotspot\share\interpreter\linkResolver.cpp, line 759]
Event: 19.792 Thread 0x000001d5c7174470 Exception <a 'java/lang/NoSuchMethodError'{0x00000000844ebab0}: 'void java.lang.invoke.DirectMethodHandle$Holder.invokeStaticInit(java.lang.Object)'> (0x00000000844ebab0) 
thrown [s\src\hotspot\share\interpreter\linkResolver.cpp, line 759]
Event: 20.005 Thread 0x000001d5c7174470 Exception <a 'java/lang/NoSuchMethodError'{0x00000000843a3aa8}: 'java.lang.Object java.lang.invoke.DirectMethodHandle$Holder.newInvokeSpecial(java.lang.Object, java.lang.Object, java.lang.Object, int)'> (0x00000000843a3aa8) 
thrown [s\src\hotspot\share\interpreter\linkResolver.cpp, line 759]
Event: 20.007 Thread 0x000001d5c7174470 Exception <a 'java/lang/NoSuchMethodError'{0x00000000843a83d8}: 'java.lang.Object java.lang.invoke.DirectMethodHandle$Holder.invokeSpecial(java.lang.Object, java.lang.Object, java.lang.Object, java.lang.Object, int)'> (0x00000000843a83d8) 
thrown [s\src\hotspot\share\interpreter\linkResolver.cpp, line 759]
Event: 20.008 Thread 0x000001d5c7174470 Exception <a 'java/lang/NoSuchMethodError'{0x00000000843ac4f0}: 'java.lang.Object java.lang.invoke.Invokers$Holder.linkToTargetMethod(java.lang.Object, java.lang.Object, int, java.lang.Object)'> (0x00000000843ac4f0) 
thrown [s\src\hotspot\share\interpreter\linkResolver.cpp, line 759]
Event: 20.139 Thread 0x000001d5c8784530 Implicit null exception at 0x000001d5999010f2 to 0x000001d59990170c
Event: 20.140 Thread 0x000001d5c8784530 Implicit null exception at 0x000001d599901d72 to 0x000001d5999023ac
Event: 23.453 Thread 0x000001d5c7174470 Exception <a 'java/lang/NoSuchMethodError'{0x0000000083e3b590}: 'int java.lang.invoke.DirectMethodHandle$Holder.invokeVirtual(java.lang.Object, java.lang.Object, java.lang.Object)'> (0x0000000083e3b590) 
thrown [s\src\hotspot\share\interpreter\linkResolver.cpp, line 759]

VM Operations (20 events):
Event: 16.335 Executing VM operation: Cleanup
Event: 16.429 Executing VM operation: Cleanup done
Event: 17.441 Executing VM operation: Cleanup
Event: 17.473 Executing VM operation: Cleanup done
Event: 17.501 Executing VM operation: HandshakeAllThreads
Event: 17.501 Executing VM operation: HandshakeAllThreads done
Event: 18.508 Executing VM operation: Cleanup
Event: 18.510 Executing VM operation: Cleanup done
Event: 19.514 Executing VM operation: Cleanup
Event: 19.514 Executing VM operation: Cleanup done
Event: 20.146 Executing VM operation: HandshakeAllThreads
Event: 20.147 Executing VM operation: HandshakeAllThreads done
Event: 21.152 Executing VM operation: Cleanup
Event: 21.152 Executing VM operation: Cleanup done
Event: 22.160 Executing VM operation: Cleanup
Event: 22.161 Executing VM operation: Cleanup done
Event: 22.988 Executing VM operation: HandshakeAllThreads
Event: 22.988 Executing VM operation: HandshakeAllThreads done
Event: 23.000 Executing VM operation: HandshakeAllThreads
Event: 23.001 Executing VM operation: HandshakeAllThreads done

Events (20 events):
Event: 21.817 loading class sun/security/provider/MD5
Event: 21.875 loading class sun/security/provider/MD5 done
Event: 21.875 loading class sun/security/provider/SHA5$SHA512
Event: 21.917 loading class sun/security/provider/SHA5
Event: 21.982 loading class sun/security/provider/SHA5 done
Event: 21.982 loading class sun/security/provider/SHA5$SHA512 done
Event: 22.111 loading class sun/security/provider/ByteArrayAccess$LE
Event: 22.157 loading class sun/security/provider/ByteArrayAccess$LE done
Event: 22.369 loading class java/io/File$TempDirectory
Event: 22.424 loading class java/io/File$TempDirectory done
Event: 22.844 loading class java/io/PrintWriter
Event: 22.889 loading class java/io/PrintWriter done
Event: 22.890 loading class sun/nio/cs/UTF_8$Encoder
Event: 22.982 loading class sun/nio/cs/UTF_8$Encoder done
Event: 23.365 loading class java/util/zip/CheckedInputStream
Event: 23.369 loading class java/util/zip/CheckedInputStream done
Event: 23.393 loading class java/nio/file/FileVisitor
Event: 23.395 loading class java/nio/file/FileVisitor done
Event: 23.410 loading class java/io/FilenameFilter
Event: 23.428 loading class java/io/FilenameFilter done


Dynamic libraries:
0x00007ff6d0240000 - 0x00007ff6d024e000 	C:\Program Files\Microsoft\jdk-17.0.10.7-hotspot\bin\java.exe
0x00007ffbf0d10000 - 0x00007ffbf0f08000 	C:\Windows\SYSTEM32\ntdll.dll
0x00007ffbf07c0000 - 0x00007ffbf087d000 	C:\Windows\System32\KERNEL32.DLL
0x00007ffbee710000 - 0x00007ffbeea06000 	C:\Windows\System32\KERNELBASE.dll
0x00007ffbeebd0000 - 0x00007ffbeecd0000 	C:\Windows\System32\ucrtbase.dll
0x00007ffbc0320000 - 0x00007ffbc033b000 	C:\Program Files\Microsoft\jdk-17.0.10.7-hotspot\bin\VCRUNTIME140.dll
0x00007ffbc0340000 - 0x00007ffbc0357000 	C:\Program Files\Microsoft\jdk-17.0.10.7-hotspot\bin\jli.dll
0x00007ffbf0a70000 - 0x00007ffbf0c0f000 	C:\Windows\System32\USER32.dll
0x00007ffbdb800000 - 0x00007ffbdba9a000 	C:\Windows\WinSxS\amd64_microsoft.windows.common-controls_6595b64144ccf1df_6.0.19041.3636_none_60b6a03d71f818d5\COMCTL32.dll
0x00007ffbeea40000 - 0x00007ffbeea62000 	C:\Windows\System32\win32u.dll
0x00007ffbef700000 - 0x00007ffbef79e000 	C:\Windows\System32\msvcrt.dll
0x00007ffbf0a40000 - 0x00007ffbf0a6b000 	C:\Windows\System32\GDI32.dll
0x00007ffbee3c0000 - 0x00007ffbee4d7000 	C:\Windows\System32\gdi32full.dll
0x00007ffbee4e0000 - 0x00007ffbee57d000 	C:\Windows\System32\msvcp_win.dll
0x00007ffbef6c0000 - 0x00007ffbef6f2000 	C:\Windows\System32\IMM32.DLL
0x00007ffbe9f90000 - 0x00007ffbe9f9c000 	C:\Program Files\Microsoft\jdk-17.0.10.7-hotspot\bin\vcruntime140_1.dll
0x00007ffbb69a0000 - 0x00007ffbb6a2d000 	C:\Program Files\Microsoft\jdk-17.0.10.7-hotspot\bin\msvcp140.dll
0x00007ffb58d30000 - 0x00007ffb59995000 	C:\Program Files\Microsoft\jdk-17.0.10.7-hotspot\bin\server\jvm.dll
0x00007ffbf0010000 - 0x00007ffbf00c0000 	C:\Windows\System32\ADVAPI32.dll
0x00007ffbf00c0000 - 0x00007ffbf0160000 	C:\Windows\System32\sechost.dll
0x00007ffbf0910000 - 0x00007ffbf0a33000 	C:\Windows\System32\RPCRT4.dll
0x00007ffbeea10000 - 0x00007ffbeea37000 	C:\Windows\System32\bcrypt.dll
0x00007ffbcddf0000 - 0x00007ffbcddf9000 	C:\Windows\SYSTEM32\WSOCK32.dll
0x00007ffbed8c0000 - 0x00007ffbed90b000 	C:\Windows\SYSTEM32\POWRPROF.dll
0x00007ffbf0880000 - 0x00007ffbf08eb000 	C:\Windows\System32\WS2_32.dll
0x00007ffbdb740000 - 0x00007ffbdb767000 	C:\Windows\SYSTEM32\WINMM.dll
0x00007ffbe5690000 - 0x00007ffbe569a000 	C:\Windows\SYSTEM32\VERSION.dll
0x00007ffbed780000 - 0x00007ffbed792000 	C:\Windows\SYSTEM32\UMPDC.dll
0x00007ffbecba0000 - 0x00007ffbecbb2000 	C:\Windows\SYSTEM32\kernel.appcore.dll
0x00007ffbe7390000 - 0x00007ffbe739a000 	C:\Program Files\Microsoft\jdk-17.0.10.7-hotspot\bin\jimage.dll
0x00007ffbeb250000 - 0x00007ffbeb434000 	C:\Windows\SYSTEM32\DBGHELP.DLL
0x00007ffbe4250000 - 0x00007ffbe4284000 	C:\Windows\SYSTEM32\dbgcore.DLL
0x00007ffbee580000 - 0x00007ffbee602000 	C:\Windows\System32\bcryptPrimitives.dll
0x00007ffbb8ea0000 - 0x00007ffbb8eae000 	C:\Program Files\Microsoft\jdk-17.0.10.7-hotspot\bin\instrument.dll
0x00007ffbe5900000 - 0x00007ffbe5925000 	C:\Program Files\Microsoft\jdk-17.0.10.7-hotspot\bin\java.dll
0x00007ffbb70b0000 - 0x00007ffbb7187000 	C:\Program Files\Microsoft\jdk-17.0.10.7-hotspot\bin\jsvml.dll
0x00007ffbef830000 - 0x00007ffbeff9b000 	C:\Windows\System32\SHELL32.dll
0x00007ffbec3c0000 - 0x00007ffbecb5e000 	C:\Windows\SYSTEM32\windows.storage.dll
0x00007ffbef1c0000 - 0x00007ffbef513000 	C:\Windows\System32\combase.dll
0x00007ffbedd10000 - 0x00007ffbedd3e000 	C:\Windows\SYSTEM32\Wldp.dll
0x00007ffbeefd0000 - 0x00007ffbef09d000 	C:\Windows\System32\OLEAUT32.dll
0x00007ffbef610000 - 0x00007ffbef6bd000 	C:\Windows\System32\SHCORE.dll
0x00007ffbf0160000 - 0x00007ffbf01b5000 	C:\Windows\System32\shlwapi.dll
0x00007ffbee2f0000 - 0x00007ffbee313000 	C:\Windows\SYSTEM32\profapi.dll
0x00007ffbc02b0000 - 0x00007ffbc02c8000 	C:\Program Files\Microsoft\jdk-17.0.10.7-hotspot\bin\zip.dll
0x00007ffbc7630000 - 0x00007ffbc7649000 	C:\Program Files\Microsoft\jdk-17.0.10.7-hotspot\bin\net.dll
0x00007ffbeb9b0000 - 0x00007ffbebaba000 	C:\Windows\SYSTEM32\WINHTTP.dll
0x00007ffbedaf0000 - 0x00007ffbedb5a000 	C:\Windows\system32\mswsock.dll
0x00007ffbc6f00000 - 0x00007ffbc6f16000 	C:\Program Files\Microsoft\jdk-17.0.10.7-hotspot\bin\nio.dll
0x00007ffbe2670000 - 0x00007ffbe2680000 	C:\Program Files\Microsoft\jdk-17.0.10.7-hotspot\bin\verify.dll
0x00007ffbb7710000 - 0x00007ffbb7737000 	C:\Users\user\.gradle\native\c067742578af261105cb4f569cf0c3c89f3d7b1fecec35dd04571415982c5e48\windows-amd64\native-platform.dll
0x00007ffbacdc0000 - 0x00007ffbacf04000 	C:\Users\user\.gradle\native\38dada09dfb8b06ba9b0570ebf7e218e3eb74d4ef43ca46872605cf95ebc2f47\windows-amd64\native-platform-file-events.dll
0x00007ffbe9dc0000 - 0x00007ffbe9dc9000 	C:\Program Files\Microsoft\jdk-17.0.10.7-hotspot\bin\management.dll
0x00007ffbe59e0000 - 0x00007ffbe59eb000 	C:\Program Files\Microsoft\jdk-17.0.10.7-hotspot\bin\management_ext.dll
0x00007ffbf0c10000 - 0x00007ffbf0c18000 	C:\Windows\System32\PSAPI.DLL
0x00007ffbedd50000 - 0x00007ffbedd68000 	C:\Windows\SYSTEM32\CRYPTSP.dll
0x00007ffbed3c0000 - 0x00007ffbed3f4000 	C:\Windows\system32\rsaenh.dll
0x00007ffbee2b0000 - 0x00007ffbee2de000 	C:\Windows\SYSTEM32\USERENV.dll
0x00007ffbedc80000 - 0x00007ffbedc8c000 	C:\Windows\SYSTEM32\CRYPTBASE.dll
0x00007ffbed7a0000 - 0x00007ffbed7db000 	C:\Windows\SYSTEM32\IPHLPAPI.DLL
0x00007ffbef580000 - 0x00007ffbef588000 	C:\Windows\System32\NSI.dll
0x00007ffbe5390000 - 0x00007ffbe53a7000 	C:\Windows\SYSTEM32\dhcpcsvc6.DLL
0x00007ffbe5330000 - 0x00007ffbe534d000 	C:\Windows\SYSTEM32\dhcpcsvc.DLL
0x00007ffbed7e0000 - 0x00007ffbed8ab000 	C:\Windows\SYSTEM32\DNSAPI.dll
0x00007ffbe5a10000 - 0x00007ffbe5a19000 	C:\Program Files\Microsoft\jdk-17.0.10.7-hotspot\bin\extnet.dll
0x00007ffbc8c70000 - 0x00007ffbc8c7e000 	C:\Program Files\Microsoft\jdk-17.0.10.7-hotspot\bin\sunmscapi.dll
0x00007ffbeea70000 - 0x00007ffbeebce000 	C:\Windows\System32\CRYPT32.dll
0x00007ffbede60000 - 0x00007ffbede88000 	C:\Windows\SYSTEM32\ncrypt.dll
0x00007ffbede20000 - 0x00007ffbede5b000 	C:\Windows\SYSTEM32\NTASN1.dll
0x00007ffbab130000 - 0x00007ffbab137000 	C:\Windows\system32\wshunix.dll

dbghelp: loaded successfully - version: 4.0.5 - missing functions: none
symbol engine: initialized successfully - sym options: 0x614 - pdb path: .;C:\Program Files\Microsoft\jdk-17.0.10.7-hotspot\bin;C:\Windows\SYSTEM32;C:\Windows\WinSxS\amd64_microsoft.windows.common-controls_6595b64144ccf1df_6.0.19041.3636_none_60b6a03d71f818d5;C:\Program Files\Microsoft\jdk-17.0.10.7-hotspot\bin\server;C:\Users\user\.gradle\native\c067742578af261105cb4f569cf0c3c89f3d7b1fecec35dd04571415982c5e48\windows-amd64;C:\Users\user\.gradle\native\38dada09dfb8b06ba9b0570ebf7e218e3eb74d4ef43ca46872605cf95ebc2f47\windows-amd64

VM Arguments:
jvm_args: -XX:MaxMetaspaceSize=512m --add-opens=java.base/java.util=ALL-UNNAMED --add-opens=java.base/java.lang=ALL-UNNAMED --add-opens=java.base/java.lang.invoke=ALL-UNNAMED --add-opens=java.prefs/java.util.prefs=ALL-UNNAMED --add-opens=java.base/java.nio.charset=ALL-UNNAMED --add-opens=java.base/java.net=ALL-UNNAMED --add-opens=java.base/java.util.concurrent.atomic=ALL-UNNAMED -Xmx2048m -Dfile.encoding=windows-1252 -Duser.country=FR -Duser.language=fr -Duser.variant -javaagent:C:\Users\user\.gradle\wrapper\dists\gradle-8.6-all\3mbtmo166bl6vumsh5k2lkq5h\gradle-8.6\lib\agents\gradle-instrumentation-agent-8.6.jar 
java_command: org.gradle.launcher.daemon.bootstrap.GradleDaemon 8.6
java_class_path (initial): C:\Users\user\.gradle\wrapper\dists\gradle-8.6-all\3mbtmo166bl6vumsh5k2lkq5h\gradle-8.6\lib\gradle-launcher-8.6.jar
Launcher Type: SUN_STANDARD

[Global flags]
     intx CICompilerCount                          = 3                                         {product} {ergonomic}
   size_t CompressedClassSpaceSize                 = 436207616                                 {product} {ergonomic}
     uint ConcGCThreads                            = 1                                         {product} {ergonomic}
     uint G1ConcRefinementThreads                  = 4                                         {product} {ergonomic}
   size_t G1HeapRegionSize                         = 1048576                                   {product} {ergonomic}
    uintx GCDrainStackTargetSize                   = 64                                        {product} {ergonomic}
   size_t InitialHeapSize                          = 132120576                                 {product} {ergonomic}
   size_t MarkStackSize                            = 4194304                                   {product} {ergonomic}
   size_t MaxHeapSize                              = 2147483648                                {product} {command line}
   size_t MaxMetaspaceSize                         = 536870912                                 {product} {command line}
   size_t MaxNewSize                               = 1287651328                                {product} {ergonomic}
   size_t MinHeapDeltaBytes                        = 1048576                                   {product} {ergonomic}
   size_t MinHeapSize                              = 8388608                                   {product} {ergonomic}
    uintx NonNMethodCodeHeapSize                   = 5832780                                {pd product} {ergonomic}
    uintx NonProfiledCodeHeapSize                  = 122912730                              {pd product} {ergonomic}
    uintx ProfiledCodeHeapSize                     = 122912730                              {pd product} {ergonomic}
    uintx ReservedCodeCacheSize                    = 251658240                              {pd product} {ergonomic}
     bool SegmentedCodeCache                       = true                                      {product} {ergonomic}
   size_t SoftMaxHeapSize                          = 2147483648                             {manageable} {ergonomic}
     bool UseCompressedClassPointers               = true                           {product lp64_product} {ergonomic}
     bool UseCompressedOops                        = true                           {product lp64_product} {ergonomic}
     bool UseG1GC                                  = true                                      {product} {ergonomic}
     bool UseLargePagesIndividualAllocation        = false                                  {pd product} {ergonomic}

Logging:
Log output configuration:
 #0: stdout all=warning uptime,level,tags
 #1: stderr all=off uptime,level,tags

Environment Variables:
JAVA_HOME=C:\Program Files\Microsoft\jdk-17.0.10.7-hotspot\
CLASSPATH=C:\Users\user\Desktop\EasyDrive\android\\gradle\wrapper\gradle-wrapper.jar
PATH=C:\Users\user\Desktop\EasyDrive\node_modules\.bin;C:\Users\user\Desktop\EasyDrive\node_modules\.bin;C:\Users\user\Desktop\node_modules\.bin;C:\Users\user\node_modules\.bin;C:\Users\node_modules\.bin;C:\node_modules\.bin;C:\Users\user\AppData\Roaming\npm\node_modules\npm\node_modules\@npmcli\run-script\lib\node-gyp-bin;C:\Users\user\Desktop\EasyDrive\node_modules\.bin;C:\Users\user\Desktop\node_modules\.bin;C:\Users\user\node_modules\.bin;C:\Users\node_modules\.bin;C:\node_modules\.bin;C:\Users\user\AppData\Roaming\npm\node_modules\npm\node_modules\@npmcli\run-script\lib\node-gyp-bin;C:\Program Files\Microsoft\jdk-17.0.10.7-hotspot\bin;C:\Program Files\OpenSSL-Win64\bin;C:\Program Files\nodejs\;C:\Program Files\nodejs;C:\ProgramData\chocolatey\bin;C:\Program Files\nodejs;C:\Program Files\MySQL\MySQL Server 8.0\bin;C:\Program Files\MySQL\MySQL Shell 8.0\bin\;C:\Users\user\AppData\Local\ActiveState\StateTool\release\bin;C:\Users\user\AppData\Local\Programs\Python\Python312\Scripts\;C:\Users\user\AppData\Local\Programs\Python\Python312\;C:\Users\user\AppData\Local\Programs\Python\Launcher\;C:\Users\user\AppData\Local\activestate\cache\bin;C:\Users\user\AppData\Local\Microsoft\WindowsApps;C:\Users\user\AppData\Local\Programs\Microsoft VS Code\bin;C:\Users\user\IntelliJ IDEA Community Edition 2023.3\bin;C:\Users\user\AppData\Local\Coursier\data\bin;C:\Program Files\JetBrains\IntelliJ IDEA Community Edition 2023.3.6\bin;;C:\Users\user\AppData\Roaming\npm;C:\Users\user\Downloads\curl-8.7.1_9-win64-mingw\curl-8.7.1_9-win64-mingw\bin;C:\Users\user\AppData\Local\Android\Sdk\ndk\26.1.10909125;
USERNAME=user
LANG=en_US.UTF-8
OS=Windows_NT
PROCESSOR_IDENTIFIER=Intel64 Family 6 Model 142 Stepping 9, GenuineIntel
TMP=C:\Users\user\AppData\Local\Temp
TEMP=C:\Users\user\AppData\Local\Temp



Periodic native trim disabled


---------------  S Y S T E M  ---------------

OS:
 Windows 10 , 64 bit Build 19041 (10.0.19041.3636)
OS uptime: 2 days 4:30 hours
Hyper-V role detected

CPU: total 4 (initial active 4) (2 cores per cpu, 2 threads per core) family 6 model 142 stepping 9 microcode 0xf0, cx8, cmov, fxsr, ht, mmx, 3dnowpref, sse, sse2, sse3, ssse3, sse4.1, sse4.2, popcnt, lzcnt, tsc, tscinvbit, avx, avx2, aes, erms, clmul, bmi1, bmi2, rtm, adx, fma, vzeroupper, clflush, clflushopt, hv
Processor Information for all 4 processors :
  Max Mhz: 2712, Current Mhz: 2611, Mhz Limit: 2603

Memory: 4k page, system-wide physical 8030M (191M free)
TotalPageFile size 27034M (AvailPageFile size 46M)
current process WorkingSet (physical memory assigned to process): 119M, peak: 159M
current process commit charge ("private bytes"): 252M, peak: 256M

vm_info: OpenJDK 64-Bit Server VM (17.0.10+7-LTS) for windows-amd64 JRE (17.0.10+7-LTS), built on Jan 10 2024 19:47:12 by "MicrosoftCorporation" with MS VC++ 16.10 / 16.11 (VS2019)

END.
